ARM GAS  C:\Users\ngocc\AppData\Local\Temp\ccodaxMk.s 			page 1


   1              		.cpu cortex-m4
   2              		.eabi_attribute 27, 1
   3              		.eabi_attribute 28, 1
   4              		.eabi_attribute 20, 1
   5              		.eabi_attribute 21, 1
   6              		.eabi_attribute 23, 3
   7              		.eabi_attribute 24, 1
   8              		.eabi_attribute 25, 1
   9              		.eabi_attribute 26, 1
  10              		.eabi_attribute 30, 1
  11              		.eabi_attribute 34, 1
  12              		.eabi_attribute 18, 4
  13              		.file	"main.c"
  14              		.text
  15              	.Ltext0:
  16              		.cfi_sections	.debug_frame
  17              		.section	.text.char_m,"ax",%progbits
  18              		.align	1
  19              		.global	char_m
  20              		.arch armv7e-m
  21              		.syntax unified
  22              		.thumb
  23              		.thumb_func
  24              		.fpu fpv4-sp-d16
  26              	char_m:
  27              	.LVL0:
  28              	.LFB136:
  29              		.file 1 "Core/Src/main.c"
   1:Core/Src/main.c **** /* information code
   2:Core/Src/main.c **** 
   3:Core/Src/main.c **** 
   4:Core/Src/main.c **** */
   5:Core/Src/main.c **** 
   6:Core/Src/main.c **** #include "main.h"
   7:Core/Src/main.c **** #include "AT.h"
   8:Core/Src/main.c **** #include "uart.h"
   9:Core/Src/main.c **** #include "system.h"
  10:Core/Src/main.c **** #include "gpio.h"
  11:Core/Src/main.c **** 
  12:Core/Src/main.c **** 
  13:Core/Src/main.c **** 
  14:Core/Src/main.c **** 
  15:Core/Src/main.c **** int handle_Check_Data_Module(uint8_t send[], int length_send, uint8_t compare[], int length_compare
  16:Core/Src/main.c **** void setupModule(char check_Character[]);
  17:Core/Src/main.c **** 
  18:Core/Src/main.c **** int TEN_SECOND =10;
  19:Core/Src/main.c **** int runValue=0;
  20:Core/Src/main.c **** char test[100];
  21:Core/Src/main.c **** 
  22:Core/Src/main.c **** uint8_t UART1_Rx;
  23:Core/Src/main.c **** char UART1_RxDatabuffer[100];
  24:Core/Src/main.c **** char UART1_RxData[100];
  25:Core/Src/main.c **** int UART1_RxCouterData =0;
  26:Core/Src/main.c **** int UART1_CouterDataInterruption=0;
  27:Core/Src/main.c **** int UART1_NumberDataInterruption=1;
  28:Core/Src/main.c **** 
  29:Core/Src/main.c **** uint8_t UART3_Rx;
ARM GAS  C:\Users\ngocc\AppData\Local\Temp\ccodaxMk.s 			page 2


  30:Core/Src/main.c **** char UART3_RxDatabuffer[100];
  31:Core/Src/main.c **** char UART3_RxData[100];
  32:Core/Src/main.c **** char Rx3_Data[100];
  33:Core/Src/main.c **** int UART3_RxCouterData =0;
  34:Core/Src/main.c **** int UART3_CouterDataInterruption=0;
  35:Core/Src/main.c **** int UART3_NumberDataInterruption=5;
  36:Core/Src/main.c **** 
  37:Core/Src/main.c **** char sendBuffer[100];
  38:Core/Src/main.c **** char compareBuffer[100];
  39:Core/Src/main.c **** char finalBuffer[100];
  40:Core/Src/main.c **** 
  41:Core/Src/main.c **** 
  42:Core/Src/main.c **** void char_m(uint8_t data[], int length);
  43:Core/Src/main.c **** int main(void)
  44:Core/Src/main.c **** {
  45:Core/Src/main.c **** 	HAL_Init();
  46:Core/Src/main.c **** 	SystemClock_Config();
  47:Core/Src/main.c **** 	MX_GPIO_Init();
  48:Core/Src/main.c **** 	MX_UART4_Init();
  49:Core/Src/main.c **** 	MX_USART1_UART_Init();
  50:Core/Src/main.c **** 	MX_USART3_UART_Init();
  51:Core/Src/main.c **** 
  52:Core/Src/main.c ****   HAL_UART_Receive_IT(&huart1, &UART1_Rx, 1);
  53:Core/Src/main.c ****   HAL_UART_Receive_IT(&huart3, &UART3_Rx, 1);
  54:Core/Src/main.c **** 
  55:Core/Src/main.c ****   wait_Enable_Sim(TEN_SECOND);
  56:Core/Src/main.c ****   HAL_Delay(2000);
  57:Core/Src/main.c **** 	while (1)	
  58:Core/Src/main.c **** 	{
  59:Core/Src/main.c ****     setupModule(UART1_RxData);
  60:Core/Src/main.c **** 	}
  61:Core/Src/main.c **** }
  62:Core/Src/main.c **** 
  63:Core/Src/main.c **** void char_m(uint8_t data[], int length){
  30              		.loc 1 63 40 view -0
  31              		.cfi_startproc
  32              		@ args = 0, pretend = 0, frame = 0
  33              		@ frame_needed = 0, uses_anonymous_args = 0
  34              		.loc 1 63 40 is_stmt 0 view .LVU1
  35 0000 08B5     		push	{r3, lr}
  36              	.LCFI0:
  37              		.cfi_def_cfa_offset 8
  38              		.cfi_offset 3, -8
  39              		.cfi_offset 14, -4
  40 0002 0A46     		mov	r2, r1
  64:Core/Src/main.c ****   memcpy(test, data, length);
  41              		.loc 1 64 3 is_stmt 1 view .LVU2
  42 0004 0146     		mov	r1, r0
  43              	.LVL1:
  44              		.loc 1 64 3 is_stmt 0 view .LVU3
  45 0006 0248     		ldr	r0, .L3
  46              	.LVL2:
  47              		.loc 1 64 3 view .LVU4
  48 0008 FFF7FEFF 		bl	memcpy
  49              	.LVL3:
  65:Core/Src/main.c **** }
  50              		.loc 1 65 1 view .LVU5
ARM GAS  C:\Users\ngocc\AppData\Local\Temp\ccodaxMk.s 			page 3


  51 000c 08BD     		pop	{r3, pc}
  52              	.L4:
  53 000e 00BF     		.align	2
  54              	.L3:
  55 0010 00000000 		.word	.LANCHOR0
  56              		.cfi_endproc
  57              	.LFE136:
  59              		.section	.rodata.handle_Check_Data_Module.str1.4,"aMS",%progbits,1
  60              		.align	2
  61              	.LC0:
  62 0000 0D0A00   		.ascii	"\015\012\000"
  63 0003 00       		.align	2
  64              	.LC1:
  65 0004 4552524F 		.ascii	"ERROR\015\012\000"
  65      520D0A00 
  66              		.section	.text.handle_Check_Data_Module,"ax",%progbits
  67              		.align	1
  68              		.global	handle_Check_Data_Module
  69              		.syntax unified
  70              		.thumb
  71              		.thumb_func
  72              		.fpu fpv4-sp-d16
  74              	handle_Check_Data_Module:
  75              	.LVL4:
  76              	.LFB138:
  66:Core/Src/main.c **** 
  67:Core/Src/main.c **** char KT[]= "KT\r\n";
  68:Core/Src/main.c **** 
  69:Core/Src/main.c **** void setupModule(char check_Character[]){
  70:Core/Src/main.c ****   if(strcmp(check_Character, KT) ==0){
  71:Core/Src/main.c ****     memset(UART1_RxData,0x00,100);
  72:Core/Src/main.c ****     runValue =1;
  73:Core/Src/main.c ****   }
  74:Core/Src/main.c ****   if(runValue == 1){
  75:Core/Src/main.c ****     for(int i = 0; i < 12; i++){
  76:Core/Src/main.c ****       if ( handle_Check_Data_Module(
  77:Core/Src/main.c ****         AT_CheckList[i].send.data,    AT_CheckList[i].send.length_Data,
  78:Core/Src/main.c ****         AT_CheckList[i].compare.data, AT_CheckList[i].compare.length_Data,
  79:Core/Src/main.c ****         AT_CheckList[i].final.data,   AT_CheckList[i].final.length_Data,
  80:Core/Src/main.c ****         AT_CheckList[i].number_char) != 1)
  81:Core/Src/main.c ****       {
  82:Core/Src/main.c ****         i=i-1;
  83:Core/Src/main.c ****       }
  84:Core/Src/main.c ****     }
  85:Core/Src/main.c ****     runValue=0;
  86:Core/Src/main.c ****   }
  87:Core/Src/main.c **** 
  88:Core/Src/main.c ****   // switch (runValue)
  89:Core/Src/main.c ****   // {
  90:Core/Src/main.c ****   // case 1:
  91:Core/Src/main.c ****   //   if (handle_Check_Data_Module(
  92:Core/Src/main.c ****   //     AT_CheckList[AT_CheckModule].send.data,    AT_CheckList[AT_CheckModule].send.length_Data,
  93:Core/Src/main.c ****   //     AT_CheckList[AT_CheckModule].compare.data, AT_CheckList[AT_CheckModule].compare.length_Dat
  94:Core/Src/main.c ****   //     AT_CheckList[AT_CheckModule].final.data,   AT_CheckList[AT_CheckModule].final.length_Data,
  95:Core/Src/main.c ****   //     AT_CheckList[AT_CheckModule].number_char) ==1)      { runValue = 2;}
  96:Core/Src/main.c ****   //   else{ runValue = 1;}
  97:Core/Src/main.c ****   //   break;
ARM GAS  C:\Users\ngocc\AppData\Local\Temp\ccodaxMk.s 			page 4


  98:Core/Src/main.c ****   // case 2:
  99:Core/Src/main.c ****   //   if (handle_Check_Data_Module(
 100:Core/Src/main.c ****   //     AT_CheckList[AT_CheckSignal].send.data,    AT_CheckList[AT_CheckSignal].send.length_Data,
 101:Core/Src/main.c ****   //     AT_CheckList[AT_CheckSignal].compare.data, AT_CheckList[AT_CheckSignal].compare.length_Dat
 102:Core/Src/main.c ****   //     AT_CheckList[AT_CheckSignal].final.data,   AT_CheckList[AT_CheckSignal].final.length_Data,
 103:Core/Src/main.c ****   //     AT_CheckList[AT_CheckSignal].number_char) ==1)      { runValue = 3;}
 104:Core/Src/main.c ****   //   else{ runValue = 2;}
 105:Core/Src/main.c ****   //   break;
 106:Core/Src/main.c ****   // case 2:
 107:Core/Src/main.c ****   //   if (handle_Check_Data_Module(AT_CheckList[AT_CheckSim].send.data,AT_CheckList[AT_CheckSim].c
 108:Core/Src/main.c ****   //   AT_CheckList[AT_CheckSim].final.data, AT_CheckList[AT_CheckSim].number_char) ==1){ runValue 
 109:Core/Src/main.c ****   //   else{ runValue = 2;}
 110:Core/Src/main.c ****   //   break;
 111:Core/Src/main.c ****   // case 3:
 112:Core/Src/main.c ****   //   if (handle_Check_Data_Module(AT_CheckList[AT_CheckSignal].send.data,AT_CheckList[AT_CheckSig
 113:Core/Src/main.c ****   //   AT_CheckList[AT_CheckSignal].final.data, AT_CheckList[AT_CheckSignal].number_char) ==1){ run
 114:Core/Src/main.c ****   //   else{ runValue = 3;}
 115:Core/Src/main.c ****   //   break;
 116:Core/Src/main.c ****   // case 4:
 117:Core/Src/main.c ****   //   if (handle_Check_Data_Module(AT_CheckList[AT_CheckSubscribe].send.data,AT_CheckList[AT_Check
 118:Core/Src/main.c ****   //   AT_CheckList[AT_CheckSubscribe].final.data, AT_CheckList[AT_CheckSubscribe].number_char) ==1
 119:Core/Src/main.c ****   //   else{ runValue = 4;}
 120:Core/Src/main.c ****   //   break;
 121:Core/Src/main.c ****   // case 5:
 122:Core/Src/main.c ****   //   if (handle_Check_Data_Module(AT_CheckList[AT_CheckGPRS].send.data,AT_CheckList[AT_CheckGPRS]
 123:Core/Src/main.c ****   //   AT_CheckList[AT_CheckGPRS].final.data, AT_CheckList[AT_CheckGPRS].number_char) ==1){ runValu
 124:Core/Src/main.c ****   //   else{ runValue = 5;}
 125:Core/Src/main.c ****   //   break;
 126:Core/Src/main.c ****   // case 6:
 127:Core/Src/main.c ****   //   if (handle_Check_Data_Module(AT_CheckList[AT_SetTimeout].send.data,AT_CheckList[AT_SetTimeou
 128:Core/Src/main.c ****   //   AT_CheckList[AT_SetTimeout].final.data, AT_CheckList[AT_SetTimeout].number_char) ==1){ runVa
 129:Core/Src/main.c ****   //   else{ runValue = 6;}
 130:Core/Src/main.c ****   //   break;
 131:Core/Src/main.c ****   // case 7:
 132:Core/Src/main.c ****   //   if (handle_Check_Data_Module(AT_CheckList[AT_SetTransmit].send.data,AT_CheckList[AT_SetTrans
 133:Core/Src/main.c ****   //   AT_CheckList[AT_SetTransmit].final.data, AT_CheckList[AT_SetTransmit].number_char) ==1){ run
 134:Core/Src/main.c ****   //   else{ runValue = 7;}
 135:Core/Src/main.c ****   //   break;
 136:Core/Src/main.c ****   // case 8:
 137:Core/Src/main.c ****   //   if (handle_Check_Data_Module(AT_CheckList[AT_SetNetOpen].send.data,AT_CheckList[AT_SetNetOpe
 138:Core/Src/main.c ****   //   AT_CheckList[AT_SetNetOpen].final.data, AT_CheckList[AT_SetNetOpen].number_char) ==1){ runVa
 139:Core/Src/main.c ****   //   else{ runValue = 8;}
 140:Core/Src/main.c ****   //   break;
 141:Core/Src/main.c ****   // case 9:
 142:Core/Src/main.c ****   //   if (handle_Check_Data_Module(AT_CheckList[AT_CheckIP].send.data,AT_CheckList[AT_CheckIP].com
 143:Core/Src/main.c ****   //   AT_CheckList[AT_CheckIP].final.data, AT_CheckList[AT_CheckIP].number_char) ==1){ runValue = 
 144:Core/Src/main.c ****   //   else{ runValue = 9;}
 145:Core/Src/main.c ****   //   break;
 146:Core/Src/main.c ****   // case 10:
 147:Core/Src/main.c ****   //   if (handle_Check_Data_Module(AT_CheckList[AT_SetReceive].send.data,AT_CheckList[AT_SetReceiv
 148:Core/Src/main.c ****   //   AT_CheckList[AT_SetReceive].final.data, AT_CheckList[AT_SetReceive].number_char) ==1){ runVa
 149:Core/Src/main.c ****   //   else{ runValue = 10;}
 150:Core/Src/main.c ****   //   break;
 151:Core/Src/main.c ****   // case 11:
 152:Core/Src/main.c ****   //   if (handle_Check_Data_Module(AT_CheckList[AT_SetConnectTCP].send.data,AT_CheckList[AT_SetCon
 153:Core/Src/main.c ****   //   AT_CheckList[AT_SetConnectTCP].final.data, AT_CheckList[AT_SetConnectTCP].number_char) ==1){
 154:Core/Src/main.c ****   //   else{ runValue = 11;}
ARM GAS  C:\Users\ngocc\AppData\Local\Temp\ccodaxMk.s 			page 5


 155:Core/Src/main.c ****   //   break;
 156:Core/Src/main.c ****   // case 12:
 157:Core/Src/main.c ****   //   if (handle_Check_Data_Module(AT_CheckList[AT_CheckConnectTCP].send.data,AT_CheckList[AT_Chec
 158:Core/Src/main.c ****   //   AT_CheckList[AT_CheckConnectTCP].final.data, AT_CheckList[AT_CheckConnectTCP].number_char) =
 159:Core/Src/main.c ****   //   else{ runValue = 12;}
 160:Core/Src/main.c ****   //   break;
 161:Core/Src/main.c ****   // default:
 162:Core/Src/main.c ****   //   break;
 163:Core/Src/main.c ****   // }
 164:Core/Src/main.c **** }
 165:Core/Src/main.c **** 
 166:Core/Src/main.c **** char so[2], co[2];
 167:Core/Src/main.c **** int handle_Check_Data_Module(uint8_t send[], int length_send, uint8_t compare[], int length_compare
  77              		.loc 1 167 153 is_stmt 1 view -0
  78              		.cfi_startproc
  79              		@ args = 12, pretend = 0, frame = 0
  80              		@ frame_needed = 0, uses_anonymous_args = 0
  81              		.loc 1 167 153 is_stmt 0 view .LVU7
  82 0000 2DE9F84F 		push	{r3, r4, r5, r6, r7, r8, r9, r10, fp, lr}
  83              	.LCFI1:
  84              		.cfi_def_cfa_offset 40
  85              		.cfi_offset 3, -40
  86              		.cfi_offset 4, -36
  87              		.cfi_offset 5, -32
  88              		.cfi_offset 6, -28
  89              		.cfi_offset 7, -24
  90              		.cfi_offset 8, -20
  91              		.cfi_offset 9, -16
  92              		.cfi_offset 10, -12
  93              		.cfi_offset 11, -8
  94              		.cfi_offset 14, -4
  95 0004 8046     		mov	r8, r0
  96 0006 8946     		mov	r9, r1
  97 0008 1646     		mov	r6, r2
  98 000a 1F46     		mov	r7, r3
 168:Core/Src/main.c ****   int ret=0;
  99              		.loc 1 168 3 is_stmt 1 view .LVU8
 100              	.LVL5:
 169:Core/Src/main.c ****   char *buffer;
 101              		.loc 1 169 3 view .LVU9
 170:Core/Src/main.c ****   memset(sendBuffer,0x00,100);
 102              		.loc 1 170 3 view .LVU10
 103 000c 2F4C     		ldr	r4, .L9
 104 000e 4FF0640A 		mov	r10, #100
 105 0012 5246     		mov	r2, r10
 106              	.LVL6:
 107              		.loc 1 170 3 is_stmt 0 view .LVU11
 108 0014 0021     		movs	r1, #0
 109              	.LVL7:
 110              		.loc 1 170 3 view .LVU12
 111 0016 2046     		mov	r0, r4
 112              	.LVL8:
 113              		.loc 1 170 3 view .LVU13
 114 0018 FFF7FEFF 		bl	memset
 115              	.LVL9:
 171:Core/Src/main.c ****   memset(compareBuffer,0x00,100);
 116              		.loc 1 171 3 is_stmt 1 view .LVU14
ARM GAS  C:\Users\ngocc\AppData\Local\Temp\ccodaxMk.s 			page 6


 117 001c 2C4D     		ldr	r5, .L9+4
 118 001e 5246     		mov	r2, r10
 119 0020 0021     		movs	r1, #0
 120 0022 2846     		mov	r0, r5
 121 0024 FFF7FEFF 		bl	memset
 122              	.LVL10:
 172:Core/Src/main.c ****   memset(finalBuffer,0x00,100);
 123              		.loc 1 172 3 view .LVU15
 124 0028 DFF8C4B0 		ldr	fp, .L9+36
 125 002c 5246     		mov	r2, r10
 126 002e 0021     		movs	r1, #0
 127 0030 5846     		mov	r0, fp
 128 0032 FFF7FEFF 		bl	memset
 129              	.LVL11:
 173:Core/Src/main.c **** 
 174:Core/Src/main.c ****   memcpy(sendBuffer, send, length_send);
 130              		.loc 1 174 3 view .LVU16
 131 0036 4A46     		mov	r2, r9
 132 0038 4146     		mov	r1, r8
 133 003a 2046     		mov	r0, r4
 134 003c FFF7FEFF 		bl	memcpy
 135              	.LVL12:
 175:Core/Src/main.c ****   memcpy(compareBuffer, compare, length_compare);
 136              		.loc 1 175 3 view .LVU17
 137 0040 3A46     		mov	r2, r7
 138 0042 3146     		mov	r1, r6
 139 0044 2846     		mov	r0, r5
 140 0046 FFF7FEFF 		bl	memcpy
 141              	.LVL13:
 176:Core/Src/main.c ****   memcpy(finalBuffer, final, length_final);
 142              		.loc 1 176 3 view .LVU18
 143 004a 0B9A     		ldr	r2, [sp, #44]
 144 004c 0A99     		ldr	r1, [sp, #40]
 145 004e 5846     		mov	r0, fp
 146 0050 FFF7FEFF 		bl	memcpy
 147              	.LVL14:
 177:Core/Src/main.c **** 
 178:Core/Src/main.c ****   UART3_NumberDataInterruption = numberAllow;
 148              		.loc 1 178 3 view .LVU19
 149              		.loc 1 178 32 is_stmt 0 view .LVU20
 150 0054 0C9A     		ldr	r2, [sp, #48]
 151 0056 1F4B     		ldr	r3, .L9+8
 152 0058 1A60     		str	r2, [r3]
 179:Core/Src/main.c ****   HAL_UART_Transmit(&huart3, (uint8_t *) &sendBuffer, strlen(sendBuffer),200);
 153              		.loc 1 179 3 is_stmt 1 view .LVU21
 154              		.loc 1 179 55 is_stmt 0 view .LVU22
 155 005a 2046     		mov	r0, r4
 156 005c FFF7FEFF 		bl	strlen
 157              	.LVL15:
 158              		.loc 1 179 3 view .LVU23
 159 0060 C823     		movs	r3, #200
 160 0062 82B2     		uxth	r2, r0
 161 0064 2146     		mov	r1, r4
 162 0066 1C48     		ldr	r0, .L9+12
 163 0068 FFF7FEFF 		bl	HAL_UART_Transmit
 164              	.LVL16:
 180:Core/Src/main.c ****   
ARM GAS  C:\Users\ngocc\AppData\Local\Temp\ccodaxMk.s 			page 7


 181:Core/Src/main.c ****   HAL_Delay(500);
 165              		.loc 1 181 3 is_stmt 1 view .LVU24
 166 006c 4FF4FA70 		mov	r0, #500
 167 0070 FFF7FEFF 		bl	HAL_Delay
 168              	.LVL17:
 182:Core/Src/main.c ****   buffer = strstr(UART3_RxData, compareBuffer);
 169              		.loc 1 182 3 view .LVU25
 170              		.loc 1 182 12 is_stmt 0 view .LVU26
 171 0074 2946     		mov	r1, r5
 172 0076 1948     		ldr	r0, .L9+16
 173 0078 FFF7FEFF 		bl	strstr
 174              	.LVL18:
 183:Core/Src/main.c ****   if(strlen(buffer) !=0 ){
 175              		.loc 1 183 3 is_stmt 1 view .LVU27
 176              		.loc 1 183 21 is_stmt 0 view .LVU28
 177 007c 0378     		ldrb	r3, [r0]	@ zero_extendqisi2
 178              		.loc 1 183 5 view .LVU29
 179 007e EBB1     		cbz	r3, .L6
 184:Core/Src/main.c ****     memset(Rx3_Data,0x00,100);
 180              		.loc 1 184 5 is_stmt 1 view .LVU30
 181 0080 174C     		ldr	r4, .L9+20
 182 0082 5246     		mov	r2, r10
 183 0084 0021     		movs	r1, #0
 184 0086 2046     		mov	r0, r4
 185              	.LVL19:
 186              		.loc 1 184 5 is_stmt 0 view .LVU31
 187 0088 FFF7FEFF 		bl	memset
 188              	.LVL20:
 185:Core/Src/main.c ****     cutString(Rx3_Data, UART3_RxData, compareBuffer, finalBuffer);
 189              		.loc 1 185 5 is_stmt 1 view .LVU32
 190 008c 5B46     		mov	r3, fp
 191 008e 2A46     		mov	r2, r5
 192 0090 1249     		ldr	r1, .L9+16
 193 0092 2046     		mov	r0, r4
 194 0094 FFF7FEFF 		bl	cutString
 195              	.LVL21:
 186:Core/Src/main.c ****     //memcpy(so, Rx3_Data, 2); memcpy(co, compareBuffer, 2);
 187:Core/Src/main.c ****     memcpy(Rx3_Data + strlen(Rx3_Data), "\r\n",2);
 196              		.loc 1 187 5 view .LVU33
 197              		.loc 1 187 23 is_stmt 0 view .LVU34
 198 0098 2046     		mov	r0, r4
 199 009a FFF7FEFF 		bl	strlen
 200              	.LVL22:
 201              		.loc 1 187 5 view .LVU35
 202 009e 114B     		ldr	r3, .L9+24
 203 00a0 1B88     		ldrh	r3, [r3]	@ unaligned
 204 00a2 2352     		strh	r3, [r4, r0]	@ unaligned
 188:Core/Src/main.c ****     HAL_UART_Transmit(&huart1, (uint8_t *) &Rx3_Data, strlen(Rx3_Data), 200);
 205              		.loc 1 188 5 is_stmt 1 view .LVU36
 206              		.loc 1 188 55 is_stmt 0 view .LVU37
 207 00a4 2046     		mov	r0, r4
 208 00a6 FFF7FEFF 		bl	strlen
 209              	.LVL23:
 210              		.loc 1 188 5 view .LVU38
 211 00aa C823     		movs	r3, #200
 212 00ac 82B2     		uxth	r2, r0
 213 00ae 2146     		mov	r1, r4
ARM GAS  C:\Users\ngocc\AppData\Local\Temp\ccodaxMk.s 			page 8


 214 00b0 0D48     		ldr	r0, .L9+28
 215 00b2 FFF7FEFF 		bl	HAL_UART_Transmit
 216              	.LVL24:
 189:Core/Src/main.c ****     ret = 1;
 217              		.loc 1 189 5 is_stmt 1 view .LVU39
 218              		.loc 1 189 9 is_stmt 0 view .LVU40
 219 00b6 0120     		movs	r0, #1
 220              	.LVL25:
 221              	.L5:
 190:Core/Src/main.c ****   }
 191:Core/Src/main.c ****   
 192:Core/Src/main.c ****   else{
 193:Core/Src/main.c ****     HAL_UART_Transmit(&huart1, (uint8_t *) "ERROR\r\n", 7, 200);
 194:Core/Src/main.c ****     ret = 0;
 195:Core/Src/main.c ****   }
 196:Core/Src/main.c ****   return ret;
 197:Core/Src/main.c **** }
 222              		.loc 1 197 1 view .LVU41
 223 00b8 BDE8F88F 		pop	{r3, r4, r5, r6, r7, r8, r9, r10, fp, pc}
 224              	.LVL26:
 225              	.L6:
 193:Core/Src/main.c ****     ret = 0;
 226              		.loc 1 193 5 is_stmt 1 view .LVU42
 227 00bc C823     		movs	r3, #200
 228 00be 0722     		movs	r2, #7
 229 00c0 0A49     		ldr	r1, .L9+32
 230 00c2 0948     		ldr	r0, .L9+28
 231              	.LVL27:
 193:Core/Src/main.c ****     ret = 0;
 232              		.loc 1 193 5 is_stmt 0 view .LVU43
 233 00c4 FFF7FEFF 		bl	HAL_UART_Transmit
 234              	.LVL28:
 194:Core/Src/main.c ****   }
 235              		.loc 1 194 5 is_stmt 1 view .LVU44
 194:Core/Src/main.c ****   }
 236              		.loc 1 194 9 is_stmt 0 view .LVU45
 237 00c8 0020     		movs	r0, #0
 196:Core/Src/main.c **** }
 238              		.loc 1 196 3 is_stmt 1 view .LVU46
 196:Core/Src/main.c **** }
 239              		.loc 1 196 10 is_stmt 0 view .LVU47
 240 00ca F5E7     		b	.L5
 241              	.L10:
 242              		.align	2
 243              	.L9:
 244 00cc 00000000 		.word	.LANCHOR1
 245 00d0 00000000 		.word	.LANCHOR2
 246 00d4 00000000 		.word	.LANCHOR4
 247 00d8 00000000 		.word	.LANCHOR5
 248 00dc 00000000 		.word	.LANCHOR6
 249 00e0 00000000 		.word	.LANCHOR7
 250 00e4 00000000 		.word	.LC0
 251 00e8 00000000 		.word	.LANCHOR8
 252 00ec 04000000 		.word	.LC1
 253 00f0 00000000 		.word	.LANCHOR3
 254              		.cfi_endproc
 255              	.LFE138:
ARM GAS  C:\Users\ngocc\AppData\Local\Temp\ccodaxMk.s 			page 9


 257              		.section	.text.setupModule,"ax",%progbits
 258              		.align	1
 259              		.global	setupModule
 260              		.syntax unified
 261              		.thumb
 262              		.thumb_func
 263              		.fpu fpv4-sp-d16
 265              	setupModule:
 266              	.LVL29:
 267              	.LFB137:
  69:Core/Src/main.c ****   if(strcmp(check_Character, KT) ==0){
 268              		.loc 1 69 41 is_stmt 1 view -0
 269              		.cfi_startproc
 270              		@ args = 0, pretend = 0, frame = 0
 271              		@ frame_needed = 0, uses_anonymous_args = 0
  69:Core/Src/main.c ****   if(strcmp(check_Character, KT) ==0){
 272              		.loc 1 69 41 is_stmt 0 view .LVU49
 273 0000 10B5     		push	{r4, lr}
 274              	.LCFI2:
 275              		.cfi_def_cfa_offset 8
 276              		.cfi_offset 4, -8
 277              		.cfi_offset 14, -4
 278 0002 84B0     		sub	sp, sp, #16
 279              	.LCFI3:
 280              		.cfi_def_cfa_offset 24
  70:Core/Src/main.c ****     memset(UART1_RxData,0x00,100);
 281              		.loc 1 70 3 is_stmt 1 view .LVU50
  70:Core/Src/main.c ****     memset(UART1_RxData,0x00,100);
 282              		.loc 1 70 6 is_stmt 0 view .LVU51
 283 0004 1749     		ldr	r1, .L23
 284 0006 FFF7FEFF 		bl	strcmp
 285              	.LVL30:
  70:Core/Src/main.c ****     memset(UART1_RxData,0x00,100);
 286              		.loc 1 70 5 view .LVU52
 287 000a 28B1     		cbz	r0, .L19
 288              	.L12:
  74:Core/Src/main.c ****     for(int i = 0; i < 12; i++){
 289              		.loc 1 74 3 is_stmt 1 view .LVU53
  74:Core/Src/main.c ****     for(int i = 0; i < 12; i++){
 290              		.loc 1 74 15 is_stmt 0 view .LVU54
 291 000c 164B     		ldr	r3, .L23+4
 292 000e 1B68     		ldr	r3, [r3]
  74:Core/Src/main.c ****     for(int i = 0; i < 12; i++){
 293              		.loc 1 74 5 view .LVU55
 294 0010 012B     		cmp	r3, #1
 295 0012 20D0     		beq	.L20
 296              	.L11:
 164:Core/Src/main.c **** 
 297              		.loc 1 164 1 view .LVU56
 298 0014 04B0     		add	sp, sp, #16
 299              	.LCFI4:
 300              		.cfi_remember_state
 301              		.cfi_def_cfa_offset 8
 302              		@ sp needed
 303 0016 10BD     		pop	{r4, pc}
 304              	.L19:
 305              	.LCFI5:
ARM GAS  C:\Users\ngocc\AppData\Local\Temp\ccodaxMk.s 			page 10


 306              		.cfi_restore_state
  71:Core/Src/main.c ****     runValue =1;
 307              		.loc 1 71 5 is_stmt 1 view .LVU57
 308 0018 6422     		movs	r2, #100
 309 001a 0021     		movs	r1, #0
 310 001c 1348     		ldr	r0, .L23+8
 311 001e FFF7FEFF 		bl	memset
 312              	.LVL31:
  72:Core/Src/main.c ****   }
 313              		.loc 1 72 5 view .LVU58
  72:Core/Src/main.c ****   }
 314              		.loc 1 72 14 is_stmt 0 view .LVU59
 315 0022 114B     		ldr	r3, .L23+4
 316 0024 0122     		movs	r2, #1
 317 0026 1A60     		str	r2, [r3]
 318 0028 F0E7     		b	.L12
 319              	.LVL32:
 320              	.L22:
 321              	.LBB4:
  82:Core/Src/main.c ****       }
 322              		.loc 1 82 9 is_stmt 1 view .LVU60
  82:Core/Src/main.c ****       }
 323              		.loc 1 82 10 is_stmt 0 view .LVU61
 324 002a 013C     		subs	r4, r4, #1
 325              	.LVL33:
 326              	.L15:
  75:Core/Src/main.c ****       if ( handle_Check_Data_Module(
 327              		.loc 1 75 28 is_stmt 1 discriminator 2 view .LVU62
  75:Core/Src/main.c ****       if ( handle_Check_Data_Module(
 328              		.loc 1 75 29 is_stmt 0 discriminator 2 view .LVU63
 329 002c 0134     		adds	r4, r4, #1
 330              	.LVL34:
 331              	.L13:
  75:Core/Src/main.c ****       if ( handle_Check_Data_Module(
 332              		.loc 1 75 20 is_stmt 1 discriminator 1 view .LVU64
  75:Core/Src/main.c ****       if ( handle_Check_Data_Module(
 333              		.loc 1 75 5 is_stmt 0 discriminator 1 view .LVU65
 334 002e 0B2C     		cmp	r4, #11
 335 0030 13DC     		bgt	.L21
  76:Core/Src/main.c ****         AT_CheckList[i].send.data,    AT_CheckList[i].send.length_Data,
 336              		.loc 1 76 7 is_stmt 1 view .LVU66
  77:Core/Src/main.c ****         AT_CheckList[i].compare.data, AT_CheckList[i].compare.length_Data,
 337              		.loc 1 77 59 is_stmt 0 view .LVU67
 338 0032 0F48     		ldr	r0, .L23+12
 339 0034 00EB4410 		add	r0, r0, r4, lsl #5
  79:Core/Src/main.c ****         AT_CheckList[i].number_char) != 1)
 340              		.loc 1 79 60 view .LVU68
 341 0038 038B     		ldrh	r3, [r0, #24]
  76:Core/Src/main.c ****         AT_CheckList[i].send.data,    AT_CheckList[i].send.length_Data,
 342              		.loc 1 76 12 view .LVU69
 343 003a C269     		ldr	r2, [r0, #28]
 344 003c 0292     		str	r2, [sp, #8]
 345 003e 0193     		str	r3, [sp, #4]
 346 0040 4369     		ldr	r3, [r0, #20]
 347 0042 0093     		str	r3, [sp]
 348 0044 038A     		ldrh	r3, [r0, #16]
 349 0046 C268     		ldr	r2, [r0, #12]
ARM GAS  C:\Users\ngocc\AppData\Local\Temp\ccodaxMk.s 			page 11


 350 0048 0189     		ldrh	r1, [r0, #8]
 351 004a 4068     		ldr	r0, [r0, #4]
 352 004c FFF7FEFF 		bl	handle_Check_Data_Module
 353              	.LVL35:
  76:Core/Src/main.c ****         AT_CheckList[i].send.data,    AT_CheckList[i].send.length_Data,
 354              		.loc 1 76 10 view .LVU70
 355 0050 0128     		cmp	r0, #1
 356 0052 EAD1     		bne	.L22
 357 0054 EAE7     		b	.L15
 358              	.LVL36:
 359              	.L20:
  75:Core/Src/main.c ****       if ( handle_Check_Data_Module(
 360              		.loc 1 75 13 view .LVU71
 361 0056 0024     		movs	r4, #0
 362 0058 E9E7     		b	.L13
 363              	.LVL37:
 364              	.L21:
  75:Core/Src/main.c ****       if ( handle_Check_Data_Module(
 365              		.loc 1 75 13 view .LVU72
 366              	.LBE4:
  85:Core/Src/main.c ****   }
 367              		.loc 1 85 5 is_stmt 1 view .LVU73
  85:Core/Src/main.c ****   }
 368              		.loc 1 85 13 is_stmt 0 view .LVU74
 369 005a 034B     		ldr	r3, .L23+4
 370 005c 0022     		movs	r2, #0
 371 005e 1A60     		str	r2, [r3]
 164:Core/Src/main.c **** 
 372              		.loc 1 164 1 view .LVU75
 373 0060 D8E7     		b	.L11
 374              	.L24:
 375 0062 00BF     		.align	2
 376              	.L23:
 377 0064 00000000 		.word	.LANCHOR9
 378 0068 00000000 		.word	.LANCHOR11
 379 006c 00000000 		.word	.LANCHOR10
 380 0070 00000000 		.word	AT_CheckList
 381              		.cfi_endproc
 382              	.LFE137:
 384              		.section	.text.main,"ax",%progbits
 385              		.align	1
 386              		.global	main
 387              		.syntax unified
 388              		.thumb
 389              		.thumb_func
 390              		.fpu fpv4-sp-d16
 392              	main:
 393              	.LFB135:
  44:Core/Src/main.c **** 	HAL_Init();
 394              		.loc 1 44 1 is_stmt 1 view -0
 395              		.cfi_startproc
 396              		@ Volatile: function does not return.
 397              		@ args = 0, pretend = 0, frame = 0
 398              		@ frame_needed = 0, uses_anonymous_args = 0
 399 0000 08B5     		push	{r3, lr}
 400              	.LCFI6:
 401              		.cfi_def_cfa_offset 8
ARM GAS  C:\Users\ngocc\AppData\Local\Temp\ccodaxMk.s 			page 12


 402              		.cfi_offset 3, -8
 403              		.cfi_offset 14, -4
  45:Core/Src/main.c **** 	SystemClock_Config();
 404              		.loc 1 45 2 view .LVU77
 405 0002 FFF7FEFF 		bl	HAL_Init
 406              	.LVL38:
  46:Core/Src/main.c **** 	MX_GPIO_Init();
 407              		.loc 1 46 2 view .LVU78
 408 0006 FFF7FEFF 		bl	SystemClock_Config
 409              	.LVL39:
  47:Core/Src/main.c **** 	MX_UART4_Init();
 410              		.loc 1 47 2 view .LVU79
 411 000a FFF7FEFF 		bl	MX_GPIO_Init
 412              	.LVL40:
  48:Core/Src/main.c **** 	MX_USART1_UART_Init();
 413              		.loc 1 48 2 view .LVU80
 414 000e FFF7FEFF 		bl	MX_UART4_Init
 415              	.LVL41:
  49:Core/Src/main.c **** 	MX_USART3_UART_Init();
 416              		.loc 1 49 2 view .LVU81
 417 0012 FFF7FEFF 		bl	MX_USART1_UART_Init
 418              	.LVL42:
  50:Core/Src/main.c **** 
 419              		.loc 1 50 2 view .LVU82
 420 0016 FFF7FEFF 		bl	MX_USART3_UART_Init
 421              	.LVL43:
  52:Core/Src/main.c ****   HAL_UART_Receive_IT(&huart3, &UART3_Rx, 1);
 422              		.loc 1 52 3 view .LVU83
 423 001a 0122     		movs	r2, #1
 424 001c 0A49     		ldr	r1, .L28
 425 001e 0B48     		ldr	r0, .L28+4
 426 0020 FFF7FEFF 		bl	HAL_UART_Receive_IT
 427              	.LVL44:
  53:Core/Src/main.c **** 
 428              		.loc 1 53 3 view .LVU84
 429 0024 0122     		movs	r2, #1
 430 0026 0A49     		ldr	r1, .L28+8
 431 0028 0A48     		ldr	r0, .L28+12
 432 002a FFF7FEFF 		bl	HAL_UART_Receive_IT
 433              	.LVL45:
  55:Core/Src/main.c ****   HAL_Delay(2000);
 434              		.loc 1 55 3 view .LVU85
 435 002e 0A4B     		ldr	r3, .L28+16
 436 0030 1868     		ldr	r0, [r3]
 437 0032 FFF7FEFF 		bl	wait_Enable_Sim
 438              	.LVL46:
  56:Core/Src/main.c **** 	while (1)	
 439              		.loc 1 56 3 view .LVU86
 440 0036 4FF4FA60 		mov	r0, #2000
 441 003a FFF7FEFF 		bl	HAL_Delay
 442              	.LVL47:
 443              	.L26:
  57:Core/Src/main.c **** 	{
 444              		.loc 1 57 2 discriminator 1 view .LVU87
  59:Core/Src/main.c **** 	}
 445              		.loc 1 59 5 discriminator 1 view .LVU88
 446 003e 0748     		ldr	r0, .L28+20
ARM GAS  C:\Users\ngocc\AppData\Local\Temp\ccodaxMk.s 			page 13


 447 0040 FFF7FEFF 		bl	setupModule
 448              	.LVL48:
  57:Core/Src/main.c **** 	{
 449              		.loc 1 57 8 discriminator 1 view .LVU89
 450 0044 FBE7     		b	.L26
 451              	.L29:
 452 0046 00BF     		.align	2
 453              	.L28:
 454 0048 00000000 		.word	.LANCHOR12
 455 004c 00000000 		.word	.LANCHOR8
 456 0050 00000000 		.word	.LANCHOR13
 457 0054 00000000 		.word	.LANCHOR5
 458 0058 00000000 		.word	.LANCHOR14
 459 005c 00000000 		.word	.LANCHOR10
 460              		.cfi_endproc
 461              	.LFE135:
 463              		.section	.text.UART1_GetData,"ax",%progbits
 464              		.align	1
 465              		.global	UART1_GetData
 466              		.syntax unified
 467              		.thumb
 468              		.thumb_func
 469              		.fpu fpv4-sp-d16
 471              	UART1_GetData:
 472              	.LVL49:
 473              	.LFB139:
 198:Core/Src/main.c **** 
 199:Core/Src/main.c **** /**
 200:Core/Src/main.c ****   * @brief Get string data from UART1
 201:Core/Src/main.c ****   * @param  List Argument
 202:Core/Src/main.c ****   * @param  Argument 1: Data receive from function interrupt  (UART1_RxData)
 203:Core/Src/main.c ****   * @param  Argument 2: Allow to get data after "number_allow" characters \r\n  
 204:Core/Src/main.c ****   * @retval Data after "number_allow" characters \r\n
 205:Core/Src/main.c ****   * @retval Variable saved: UART1_RxData  
 206:Core/Src/main.c ****   */
 207:Core/Src/main.c **** void UART1_GetData(char UART1_Rx[], int Number_Allow){
 474              		.loc 1 207 54 view -0
 475              		.cfi_startproc
 476              		@ args = 0, pretend = 0, frame = 0
 477              		@ frame_needed = 0, uses_anonymous_args = 0
 208:Core/Src/main.c ****   if(Number_Allow != 0){
 478              		.loc 1 208 3 view .LVU91
 479              		.loc 1 208 5 is_stmt 0 view .LVU92
 480 0000 69B3     		cbz	r1, .L33
 207:Core/Src/main.c ****   if(Number_Allow != 0){
 481              		.loc 1 207 54 view .LVU93
 482 0002 70B5     		push	{r4, r5, r6, lr}
 483              	.LCFI7:
 484              		.cfi_def_cfa_offset 16
 485              		.cfi_offset 4, -16
 486              		.cfi_offset 5, -12
 487              		.cfi_offset 6, -8
 488              		.cfi_offset 14, -4
 489 0004 0446     		mov	r4, r0
 490 0006 0D46     		mov	r5, r1
 209:Core/Src/main.c ****     if(UART1_Rx[strlen(UART1_Rx)-2]==13 && UART1_Rx[strlen(UART1_Rx)-1]==10){
 491              		.loc 1 209 5 is_stmt 1 view .LVU94
ARM GAS  C:\Users\ngocc\AppData\Local\Temp\ccodaxMk.s 			page 14


 492              		.loc 1 209 17 is_stmt 0 view .LVU95
 493 0008 FFF7FEFF 		bl	strlen
 494              	.LVL50:
 495              		.loc 1 209 16 view .LVU96
 496 000c 2318     		adds	r3, r4, r0
 497 000e 13F8023C 		ldrb	r3, [r3, #-2]	@ zero_extendqisi2
 498              		.loc 1 209 7 view .LVU97
 499 0012 0D2B     		cmp	r3, #13
 500 0014 00D0     		beq	.L36
 501              	.LVL51:
 502              	.L30:
 210:Core/Src/main.c **** 		  ++UART1_CouterDataInterruption;
 211:Core/Src/main.c ****       if(UART1_CouterDataInterruption >= Number_Allow){
 212:Core/Src/main.c ****         memset(UART1_RxData, 0x00,100);
 213:Core/Src/main.c ****         memcpy(UART1_RxData, UART1_Rx, strlen(UART1_Rx));
 214:Core/Src/main.c **** 		    memset(UART1_RxDatabuffer, 0x00,100);
 215:Core/Src/main.c ****         UART1_CouterDataInterruption=0;
 216:Core/Src/main.c ****       }
 217:Core/Src/main.c **** 	  }
 218:Core/Src/main.c ****   }
 219:Core/Src/main.c **** }
 503              		.loc 1 219 1 view .LVU98
 504 0016 70BD     		pop	{r4, r5, r6, pc}
 505              	.LVL52:
 506              	.L36:
 209:Core/Src/main.c ****     if(UART1_Rx[strlen(UART1_Rx)-2]==13 && UART1_Rx[strlen(UART1_Rx)-1]==10){
 507              		.loc 1 209 52 discriminator 1 view .LVU99
 508 0018 2044     		add	r0, r0, r4
 509 001a 10F8013C 		ldrb	r3, [r0, #-1]	@ zero_extendqisi2
 209:Core/Src/main.c ****     if(UART1_Rx[strlen(UART1_Rx)-2]==13 && UART1_Rx[strlen(UART1_Rx)-1]==10){
 510              		.loc 1 209 41 discriminator 1 view .LVU100
 511 001e 0A2B     		cmp	r3, #10
 512 0020 F9D1     		bne	.L30
 210:Core/Src/main.c **** 		  ++UART1_CouterDataInterruption;
 513              		.loc 1 210 5 is_stmt 1 view .LVU101
 514 0022 0F4A     		ldr	r2, .L37
 515 0024 1368     		ldr	r3, [r2]
 516 0026 0133     		adds	r3, r3, #1
 517 0028 1360     		str	r3, [r2]
 211:Core/Src/main.c ****         memset(UART1_RxData, 0x00,100);
 518              		.loc 1 211 7 view .LVU102
 211:Core/Src/main.c ****         memset(UART1_RxData, 0x00,100);
 519              		.loc 1 211 9 is_stmt 0 view .LVU103
 520 002a AB42     		cmp	r3, r5
 521 002c F3DB     		blt	.L30
 212:Core/Src/main.c ****         memcpy(UART1_RxData, UART1_Rx, strlen(UART1_Rx));
 522              		.loc 1 212 9 is_stmt 1 view .LVU104
 523 002e 0D4E     		ldr	r6, .L37+4
 524 0030 6425     		movs	r5, #100
 525              	.LVL53:
 212:Core/Src/main.c ****         memcpy(UART1_RxData, UART1_Rx, strlen(UART1_Rx));
 526              		.loc 1 212 9 is_stmt 0 view .LVU105
 527 0032 2A46     		mov	r2, r5
 528 0034 0021     		movs	r1, #0
 529 0036 3046     		mov	r0, r6
 530 0038 FFF7FEFF 		bl	memset
 531              	.LVL54:
ARM GAS  C:\Users\ngocc\AppData\Local\Temp\ccodaxMk.s 			page 15


 213:Core/Src/main.c **** 		    memset(UART1_RxDatabuffer, 0x00,100);
 532              		.loc 1 213 9 is_stmt 1 view .LVU106
 533 003c 2046     		mov	r0, r4
 534 003e FFF7FEFF 		bl	strlen
 535              	.LVL55:
 536 0042 0246     		mov	r2, r0
 537 0044 2146     		mov	r1, r4
 538 0046 3046     		mov	r0, r6
 539 0048 FFF7FEFF 		bl	memcpy
 540              	.LVL56:
 214:Core/Src/main.c ****         UART1_CouterDataInterruption=0;
 541              		.loc 1 214 7 view .LVU107
 542 004c 2A46     		mov	r2, r5
 543 004e 0021     		movs	r1, #0
 544 0050 0548     		ldr	r0, .L37+8
 545 0052 FFF7FEFF 		bl	memset
 546              	.LVL57:
 215:Core/Src/main.c ****       }
 547              		.loc 1 215 9 view .LVU108
 215:Core/Src/main.c ****       }
 548              		.loc 1 215 37 is_stmt 0 view .LVU109
 549 0056 024B     		ldr	r3, .L37
 550 0058 0022     		movs	r2, #0
 551 005a 1A60     		str	r2, [r3]
 552              		.loc 1 219 1 view .LVU110
 553 005c DBE7     		b	.L30
 554              	.LVL58:
 555              	.L33:
 556              	.LCFI8:
 557              		.cfi_def_cfa_offset 0
 558              		.cfi_restore 4
 559              		.cfi_restore 5
 560              		.cfi_restore 6
 561              		.cfi_restore 14
 562              		.loc 1 219 1 view .LVU111
 563 005e 7047     		bx	lr
 564              	.L38:
 565              		.align	2
 566              	.L37:
 567 0060 00000000 		.word	.LANCHOR15
 568 0064 00000000 		.word	.LANCHOR10
 569 0068 00000000 		.word	.LANCHOR16
 570              		.cfi_endproc
 571              	.LFE139:
 573              		.section	.text.UART3_GetData,"ax",%progbits
 574              		.align	1
 575              		.global	UART3_GetData
 576              		.syntax unified
 577              		.thumb
 578              		.thumb_func
 579              		.fpu fpv4-sp-d16
 581              	UART3_GetData:
 582              	.LVL59:
 583              	.LFB140:
 220:Core/Src/main.c **** 
 221:Core/Src/main.c **** /**
 222:Core/Src/main.c ****   * @brief Get string data from UART3 and send received data to UART1
ARM GAS  C:\Users\ngocc\AppData\Local\Temp\ccodaxMk.s 			page 16


 223:Core/Src/main.c ****   * @param  List Argument
 224:Core/Src/main.c ****   * @param  Argument 1: Data receive from function interrupt  (UART1_RxData)
 225:Core/Src/main.c ****   * @param  Argument 2: Allow to get data after "number_allow" characters \r\n  
 226:Core/Src/main.c ****   * @retval Data after "number_allow" characters \r\n 
 227:Core/Src/main.c ****   * @retval Variable saved: UART3_RxData  
 228:Core/Src/main.c ****   */
 229:Core/Src/main.c **** void UART3_GetData(char UART3_Rx[], int Number_String_Allow_Get_Data){
 584              		.loc 1 229 70 is_stmt 1 view -0
 585              		.cfi_startproc
 586              		@ args = 0, pretend = 0, frame = 0
 587              		@ frame_needed = 0, uses_anonymous_args = 0
 230:Core/Src/main.c ****   if(Number_String_Allow_Get_Data != 0){
 588              		.loc 1 230 3 view .LVU113
 589              		.loc 1 230 5 is_stmt 0 view .LVU114
 590 0000 79B3     		cbz	r1, .L42
 229:Core/Src/main.c ****   if(Number_String_Allow_Get_Data != 0){
 591              		.loc 1 229 70 view .LVU115
 592 0002 70B5     		push	{r4, r5, r6, lr}
 593              	.LCFI9:
 594              		.cfi_def_cfa_offset 16
 595              		.cfi_offset 4, -16
 596              		.cfi_offset 5, -12
 597              		.cfi_offset 6, -8
 598              		.cfi_offset 14, -4
 599 0004 0446     		mov	r4, r0
 600 0006 0D46     		mov	r5, r1
 231:Core/Src/main.c ****     if(UART3_Rx[strlen(UART3_Rx)-2]==13 && UART3_Rx[strlen(UART3_Rx)-1]==10){
 601              		.loc 1 231 5 is_stmt 1 view .LVU116
 602              		.loc 1 231 17 is_stmt 0 view .LVU117
 603 0008 FFF7FEFF 		bl	strlen
 604              	.LVL60:
 605              		.loc 1 231 16 view .LVU118
 606 000c 2318     		adds	r3, r4, r0
 607 000e 13F8023C 		ldrb	r3, [r3, #-2]	@ zero_extendqisi2
 608              		.loc 1 231 7 view .LVU119
 609 0012 0D2B     		cmp	r3, #13
 610 0014 00D0     		beq	.L45
 611              	.LVL61:
 612              	.L39:
 232:Core/Src/main.c **** 		  ++UART3_CouterDataInterruption;
 233:Core/Src/main.c ****       if(UART3_CouterDataInterruption >= Number_String_Allow_Get_Data){
 234:Core/Src/main.c ****         memset(UART3_RxData, 0x00,100);
 235:Core/Src/main.c ****         memcpy(UART3_RxData, UART3_Rx, strlen(UART3_Rx));
 236:Core/Src/main.c **** 		    memset(UART3_RxDatabuffer, 0x00,100);
 237:Core/Src/main.c **** 		    UART3_RxCouterData=0;
 238:Core/Src/main.c ****         UART3_CouterDataInterruption=0;
 239:Core/Src/main.c ****       }
 240:Core/Src/main.c **** 	  }
 241:Core/Src/main.c ****   }
 242:Core/Src/main.c **** }
 613              		.loc 1 242 1 view .LVU120
 614 0016 70BD     		pop	{r4, r5, r6, pc}
 615              	.LVL62:
 616              	.L45:
 231:Core/Src/main.c ****     if(UART3_Rx[strlen(UART3_Rx)-2]==13 && UART3_Rx[strlen(UART3_Rx)-1]==10){
 617              		.loc 1 231 52 discriminator 1 view .LVU121
 618 0018 2044     		add	r0, r0, r4
ARM GAS  C:\Users\ngocc\AppData\Local\Temp\ccodaxMk.s 			page 17


 619 001a 10F8013C 		ldrb	r3, [r0, #-1]	@ zero_extendqisi2
 231:Core/Src/main.c ****     if(UART3_Rx[strlen(UART3_Rx)-2]==13 && UART3_Rx[strlen(UART3_Rx)-1]==10){
 620              		.loc 1 231 41 discriminator 1 view .LVU122
 621 001e 0A2B     		cmp	r3, #10
 622 0020 F9D1     		bne	.L39
 232:Core/Src/main.c **** 		  ++UART3_CouterDataInterruption;
 623              		.loc 1 232 5 is_stmt 1 view .LVU123
 624 0022 104A     		ldr	r2, .L46
 625 0024 1368     		ldr	r3, [r2]
 626 0026 0133     		adds	r3, r3, #1
 627 0028 1360     		str	r3, [r2]
 233:Core/Src/main.c ****         memset(UART3_RxData, 0x00,100);
 628              		.loc 1 233 7 view .LVU124
 233:Core/Src/main.c ****         memset(UART3_RxData, 0x00,100);
 629              		.loc 1 233 9 is_stmt 0 view .LVU125
 630 002a AB42     		cmp	r3, r5
 631 002c F3DB     		blt	.L39
 234:Core/Src/main.c ****         memcpy(UART3_RxData, UART3_Rx, strlen(UART3_Rx));
 632              		.loc 1 234 9 is_stmt 1 view .LVU126
 633 002e 0E4E     		ldr	r6, .L46+4
 634 0030 6425     		movs	r5, #100
 635              	.LVL63:
 234:Core/Src/main.c ****         memcpy(UART3_RxData, UART3_Rx, strlen(UART3_Rx));
 636              		.loc 1 234 9 is_stmt 0 view .LVU127
 637 0032 2A46     		mov	r2, r5
 638 0034 0021     		movs	r1, #0
 639 0036 3046     		mov	r0, r6
 640 0038 FFF7FEFF 		bl	memset
 641              	.LVL64:
 235:Core/Src/main.c **** 		    memset(UART3_RxDatabuffer, 0x00,100);
 642              		.loc 1 235 9 is_stmt 1 view .LVU128
 643 003c 2046     		mov	r0, r4
 644 003e FFF7FEFF 		bl	strlen
 645              	.LVL65:
 646 0042 0246     		mov	r2, r0
 647 0044 2146     		mov	r1, r4
 648 0046 3046     		mov	r0, r6
 649 0048 FFF7FEFF 		bl	memcpy
 650              	.LVL66:
 236:Core/Src/main.c **** 		    UART3_RxCouterData=0;
 651              		.loc 1 236 7 view .LVU129
 652 004c 2A46     		mov	r2, r5
 653 004e 0021     		movs	r1, #0
 654 0050 0648     		ldr	r0, .L46+8
 655 0052 FFF7FEFF 		bl	memset
 656              	.LVL67:
 237:Core/Src/main.c ****         UART3_CouterDataInterruption=0;
 657              		.loc 1 237 7 view .LVU130
 237:Core/Src/main.c ****         UART3_CouterDataInterruption=0;
 658              		.loc 1 237 25 is_stmt 0 view .LVU131
 659 0056 0023     		movs	r3, #0
 660 0058 054A     		ldr	r2, .L46+12
 661 005a 1360     		str	r3, [r2]
 238:Core/Src/main.c ****       }
 662              		.loc 1 238 9 is_stmt 1 view .LVU132
 238:Core/Src/main.c ****       }
 663              		.loc 1 238 37 is_stmt 0 view .LVU133
ARM GAS  C:\Users\ngocc\AppData\Local\Temp\ccodaxMk.s 			page 18


 664 005c 014A     		ldr	r2, .L46
 665 005e 1360     		str	r3, [r2]
 666              		.loc 1 242 1 view .LVU134
 667 0060 D9E7     		b	.L39
 668              	.LVL68:
 669              	.L42:
 670              	.LCFI10:
 671              		.cfi_def_cfa_offset 0
 672              		.cfi_restore 4
 673              		.cfi_restore 5
 674              		.cfi_restore 6
 675              		.cfi_restore 14
 676              		.loc 1 242 1 view .LVU135
 677 0062 7047     		bx	lr
 678              	.L47:
 679              		.align	2
 680              	.L46:
 681 0064 00000000 		.word	.LANCHOR17
 682 0068 00000000 		.word	.LANCHOR6
 683 006c 00000000 		.word	.LANCHOR18
 684 0070 00000000 		.word	.LANCHOR19
 685              		.cfi_endproc
 686              	.LFE140:
 688              		.section	.text.HAL_UART_RxCpltCallback,"ax",%progbits
 689              		.align	1
 690              		.global	HAL_UART_RxCpltCallback
 691              		.syntax unified
 692              		.thumb
 693              		.thumb_func
 694              		.fpu fpv4-sp-d16
 696              	HAL_UART_RxCpltCallback:
 697              	.LVL69:
 698              	.LFB141:
 243:Core/Src/main.c **** 
 244:Core/Src/main.c **** /**
 245:Core/Src/main.c ****   * @brief Interrupt Receive data from UARTx
 246:Core/Src/main.c ****   * @param 
 247:Core/Src/main.c ****   * @retval Variable saved: UART1_RxData, UART3_RxData  
 248:Core/Src/main.c ****   */
 249:Core/Src/main.c **** void HAL_UART_RxCpltCallback(UART_HandleTypeDef *huart){
 699              		.loc 1 249 56 is_stmt 1 view -0
 700              		.cfi_startproc
 701              		@ args = 0, pretend = 0, frame = 0
 702              		@ frame_needed = 0, uses_anonymous_args = 0
 703              		.loc 1 249 56 is_stmt 0 view .LVU137
 704 0000 70B5     		push	{r4, r5, r6, lr}
 705              	.LCFI11:
 706              		.cfi_def_cfa_offset 16
 707              		.cfi_offset 4, -16
 708              		.cfi_offset 5, -12
 709              		.cfi_offset 6, -8
 710              		.cfi_offset 14, -4
 711 0002 0446     		mov	r4, r0
 250:Core/Src/main.c **** 	
 251:Core/Src/main.c **** 	if(huart->Instance == huart1.Instance){
 712              		.loc 1 251 2 is_stmt 1 view .LVU138
 713              		.loc 1 251 10 is_stmt 0 view .LVU139
ARM GAS  C:\Users\ngocc\AppData\Local\Temp\ccodaxMk.s 			page 19


 714 0004 0268     		ldr	r2, [r0]
 715              		.loc 1 251 30 view .LVU140
 716 0006 174B     		ldr	r3, .L54
 717 0008 1B68     		ldr	r3, [r3]
 718              		.loc 1 251 4 view .LVU141
 719 000a 9A42     		cmp	r2, r3
 720 000c 05D0     		beq	.L52
 721              	.LVL70:
 722              	.L49:
 252:Core/Src/main.c **** 		HAL_UART_Receive_IT(&huart1, &UART1_Rx, 1);
 253:Core/Src/main.c **** 		UART1_RxDatabuffer[strlen(UART1_RxDatabuffer)] = UART1_Rx;
 254:Core/Src/main.c ****     UART1_GetData(UART1_RxDatabuffer, UART1_NumberDataInterruption);
 255:Core/Src/main.c **** 	}
 256:Core/Src/main.c ****   
 257:Core/Src/main.c **** 
 258:Core/Src/main.c **** 	if(huart->Instance == huart3.Instance){
 723              		.loc 1 258 2 is_stmt 1 view .LVU142
 724              		.loc 1 258 10 is_stmt 0 view .LVU143
 725 000e 2268     		ldr	r2, [r4]
 726              		.loc 1 258 30 view .LVU144
 727 0010 154B     		ldr	r3, .L54+4
 728 0012 1B68     		ldr	r3, [r3]
 729              		.loc 1 258 4 view .LVU145
 730 0014 9A42     		cmp	r2, r3
 731 0016 12D0     		beq	.L53
 732              	.LVL71:
 733              	.L48:
 259:Core/Src/main.c **** 		HAL_UART_Receive_IT(&huart3, &UART3_Rx, 1);
 260:Core/Src/main.c ****     //HAL_UART_Transmit(&huart1, &UART3_Rx, 1,10);
 261:Core/Src/main.c **** 		UART3_RxDatabuffer[UART3_RxCouterData] = UART3_Rx;
 262:Core/Src/main.c **** 		++UART3_RxCouterData;
 263:Core/Src/main.c ****     UART3_GetData(UART3_RxDatabuffer, UART3_NumberDataInterruption);
 264:Core/Src/main.c **** 	}
 265:Core/Src/main.c ****   
 266:Core/Src/main.c **** }
 734              		.loc 1 266 1 view .LVU146
 735 0018 70BD     		pop	{r4, r5, r6, pc}
 736              	.LVL72:
 737              	.L52:
 252:Core/Src/main.c **** 		HAL_UART_Receive_IT(&huart1, &UART1_Rx, 1);
 738              		.loc 1 252 3 is_stmt 1 view .LVU147
 739 001a 144E     		ldr	r6, .L54+8
 740 001c 0122     		movs	r2, #1
 741 001e 3146     		mov	r1, r6
 742 0020 1048     		ldr	r0, .L54
 743              	.LVL73:
 252:Core/Src/main.c **** 		HAL_UART_Receive_IT(&huart1, &UART1_Rx, 1);
 744              		.loc 1 252 3 is_stmt 0 view .LVU148
 745 0022 FFF7FEFF 		bl	HAL_UART_Receive_IT
 746              	.LVL74:
 253:Core/Src/main.c ****     UART1_GetData(UART1_RxDatabuffer, UART1_NumberDataInterruption);
 747              		.loc 1 253 3 is_stmt 1 view .LVU149
 253:Core/Src/main.c ****     UART1_GetData(UART1_RxDatabuffer, UART1_NumberDataInterruption);
 748              		.loc 1 253 22 is_stmt 0 view .LVU150
 749 0026 124D     		ldr	r5, .L54+12
 750 0028 2846     		mov	r0, r5
 751 002a FFF7FEFF 		bl	strlen
ARM GAS  C:\Users\ngocc\AppData\Local\Temp\ccodaxMk.s 			page 20


 752              	.LVL75:
 253:Core/Src/main.c ****     UART1_GetData(UART1_RxDatabuffer, UART1_NumberDataInterruption);
 753              		.loc 1 253 50 view .LVU151
 754 002e 3378     		ldrb	r3, [r6]	@ zero_extendqisi2
 755 0030 2B54     		strb	r3, [r5, r0]
 254:Core/Src/main.c **** 	}
 756              		.loc 1 254 5 is_stmt 1 view .LVU152
 757 0032 104B     		ldr	r3, .L54+16
 758 0034 1968     		ldr	r1, [r3]
 759 0036 2846     		mov	r0, r5
 760 0038 FFF7FEFF 		bl	UART1_GetData
 761              	.LVL76:
 762 003c E7E7     		b	.L49
 763              	.L53:
 259:Core/Src/main.c **** 		HAL_UART_Receive_IT(&huart3, &UART3_Rx, 1);
 764              		.loc 1 259 3 view .LVU153
 765 003e 0E4C     		ldr	r4, .L54+20
 766              	.LVL77:
 259:Core/Src/main.c **** 		HAL_UART_Receive_IT(&huart3, &UART3_Rx, 1);
 767              		.loc 1 259 3 is_stmt 0 view .LVU154
 768 0040 0122     		movs	r2, #1
 769 0042 2146     		mov	r1, r4
 770 0044 0848     		ldr	r0, .L54+4
 771 0046 FFF7FEFF 		bl	HAL_UART_Receive_IT
 772              	.LVL78:
 261:Core/Src/main.c **** 		++UART3_RxCouterData;
 773              		.loc 1 261 3 is_stmt 1 view .LVU155
 261:Core/Src/main.c **** 		++UART3_RxCouterData;
 774              		.loc 1 261 21 is_stmt 0 view .LVU156
 775 004a 0C4A     		ldr	r2, .L54+24
 776 004c 1368     		ldr	r3, [r2]
 261:Core/Src/main.c **** 		++UART3_RxCouterData;
 777              		.loc 1 261 42 view .LVU157
 778 004e 0C48     		ldr	r0, .L54+28
 779 0050 2178     		ldrb	r1, [r4]	@ zero_extendqisi2
 780 0052 C154     		strb	r1, [r0, r3]
 262:Core/Src/main.c ****     UART3_GetData(UART3_RxDatabuffer, UART3_NumberDataInterruption);
 781              		.loc 1 262 3 is_stmt 1 view .LVU158
 782 0054 0133     		adds	r3, r3, #1
 783 0056 1360     		str	r3, [r2]
 263:Core/Src/main.c **** 	}
 784              		.loc 1 263 5 view .LVU159
 785 0058 0A4B     		ldr	r3, .L54+32
 786 005a 1968     		ldr	r1, [r3]
 787 005c FFF7FEFF 		bl	UART3_GetData
 788              	.LVL79:
 789              		.loc 1 266 1 is_stmt 0 view .LVU160
 790 0060 DAE7     		b	.L48
 791              	.L55:
 792 0062 00BF     		.align	2
 793              	.L54:
 794 0064 00000000 		.word	.LANCHOR8
 795 0068 00000000 		.word	.LANCHOR5
 796 006c 00000000 		.word	.LANCHOR12
 797 0070 00000000 		.word	.LANCHOR16
 798 0074 00000000 		.word	.LANCHOR20
 799 0078 00000000 		.word	.LANCHOR13
ARM GAS  C:\Users\ngocc\AppData\Local\Temp\ccodaxMk.s 			page 21


 800 007c 00000000 		.word	.LANCHOR19
 801 0080 00000000 		.word	.LANCHOR18
 802 0084 00000000 		.word	.LANCHOR4
 803              		.cfi_endproc
 804              	.LFE141:
 806              		.section	.text.Error_Handler,"ax",%progbits
 807              		.align	1
 808              		.global	Error_Handler
 809              		.syntax unified
 810              		.thumb
 811              		.thumb_func
 812              		.fpu fpv4-sp-d16
 814              	Error_Handler:
 815              	.LFB142:
 267:Core/Src/main.c **** 
 268:Core/Src/main.c **** 
 269:Core/Src/main.c **** 
 270:Core/Src/main.c **** 
 271:Core/Src/main.c **** 
 272:Core/Src/main.c **** 
 273:Core/Src/main.c **** 
 274:Core/Src/main.c **** 
 275:Core/Src/main.c **** 
 276:Core/Src/main.c **** 
 277:Core/Src/main.c **** 
 278:Core/Src/main.c **** 
 279:Core/Src/main.c **** 
 280:Core/Src/main.c **** 
 281:Core/Src/main.c **** 
 282:Core/Src/main.c **** 
 283:Core/Src/main.c **** 
 284:Core/Src/main.c **** 
 285:Core/Src/main.c **** /**
 286:Core/Src/main.c ****   * @brief  This function is executed in case of error occurrence.
 287:Core/Src/main.c ****   * @retval None
 288:Core/Src/main.c ****   */
 289:Core/Src/main.c **** void Error_Handler()
 290:Core/Src/main.c **** {
 816              		.loc 1 290 1 is_stmt 1 view -0
 817              		.cfi_startproc
 818              		@ Volatile: function does not return.
 819              		@ args = 0, pretend = 0, frame = 0
 820              		@ frame_needed = 0, uses_anonymous_args = 0
 821              		@ link register save eliminated.
 291:Core/Src/main.c ****   /* USER CODE BEGIN Error_Handler_Debug */
 292:Core/Src/main.c ****   /* User can add his own implementation to report the HAL error return state */
 293:Core/Src/main.c ****   __disable_irq();
 822              		.loc 1 293 3 view .LVU162
 823              	.LBB5:
 824              	.LBI5:
 825              		.file 2 "Drivers/CMSIS/Include/cmsis_gcc.h"
   1:Drivers/CMSIS/Include/cmsis_gcc.h **** /**************************************************************************//**
   2:Drivers/CMSIS/Include/cmsis_gcc.h ****  * @file     cmsis_gcc.h
   3:Drivers/CMSIS/Include/cmsis_gcc.h ****  * @brief    CMSIS compiler GCC header file
   4:Drivers/CMSIS/Include/cmsis_gcc.h ****  * @version  V5.2.0
   5:Drivers/CMSIS/Include/cmsis_gcc.h ****  * @date     08. May 2019
   6:Drivers/CMSIS/Include/cmsis_gcc.h ****  ******************************************************************************/
ARM GAS  C:\Users\ngocc\AppData\Local\Temp\ccodaxMk.s 			page 22


   7:Drivers/CMSIS/Include/cmsis_gcc.h **** /*
   8:Drivers/CMSIS/Include/cmsis_gcc.h ****  * Copyright (c) 2009-2019 Arm Limited. All rights reserved.
   9:Drivers/CMSIS/Include/cmsis_gcc.h ****  *
  10:Drivers/CMSIS/Include/cmsis_gcc.h ****  * SPDX-License-Identifier: Apache-2.0
  11:Drivers/CMSIS/Include/cmsis_gcc.h ****  *
  12:Drivers/CMSIS/Include/cmsis_gcc.h ****  * Licensed under the Apache License, Version 2.0 (the License); you may
  13:Drivers/CMSIS/Include/cmsis_gcc.h ****  * not use this file except in compliance with the License.
  14:Drivers/CMSIS/Include/cmsis_gcc.h ****  * You may obtain a copy of the License at
  15:Drivers/CMSIS/Include/cmsis_gcc.h ****  *
  16:Drivers/CMSIS/Include/cmsis_gcc.h ****  * www.apache.org/licenses/LICENSE-2.0
  17:Drivers/CMSIS/Include/cmsis_gcc.h ****  *
  18:Drivers/CMSIS/Include/cmsis_gcc.h ****  * Unless required by applicable law or agreed to in writing, software
  19:Drivers/CMSIS/Include/cmsis_gcc.h ****  * distributed under the License is distributed on an AS IS BASIS, WITHOUT
  20:Drivers/CMSIS/Include/cmsis_gcc.h ****  * WARRANTIES OR CONDITIONS OF ANY KIND, either express or implied.
  21:Drivers/CMSIS/Include/cmsis_gcc.h ****  * See the License for the specific language governing permissions and
  22:Drivers/CMSIS/Include/cmsis_gcc.h ****  * limitations under the License.
  23:Drivers/CMSIS/Include/cmsis_gcc.h ****  */
  24:Drivers/CMSIS/Include/cmsis_gcc.h **** 
  25:Drivers/CMSIS/Include/cmsis_gcc.h **** #ifndef __CMSIS_GCC_H
  26:Drivers/CMSIS/Include/cmsis_gcc.h **** #define __CMSIS_GCC_H
  27:Drivers/CMSIS/Include/cmsis_gcc.h **** 
  28:Drivers/CMSIS/Include/cmsis_gcc.h **** /* ignore some GCC warnings */
  29:Drivers/CMSIS/Include/cmsis_gcc.h **** #pragma GCC diagnostic push
  30:Drivers/CMSIS/Include/cmsis_gcc.h **** #pragma GCC diagnostic ignored "-Wsign-conversion"
  31:Drivers/CMSIS/Include/cmsis_gcc.h **** #pragma GCC diagnostic ignored "-Wconversion"
  32:Drivers/CMSIS/Include/cmsis_gcc.h **** #pragma GCC diagnostic ignored "-Wunused-parameter"
  33:Drivers/CMSIS/Include/cmsis_gcc.h **** 
  34:Drivers/CMSIS/Include/cmsis_gcc.h **** /* Fallback for __has_builtin */
  35:Drivers/CMSIS/Include/cmsis_gcc.h **** #ifndef __has_builtin
  36:Drivers/CMSIS/Include/cmsis_gcc.h ****   #define __has_builtin(x) (0)
  37:Drivers/CMSIS/Include/cmsis_gcc.h **** #endif
  38:Drivers/CMSIS/Include/cmsis_gcc.h **** 
  39:Drivers/CMSIS/Include/cmsis_gcc.h **** /* CMSIS compiler specific defines */
  40:Drivers/CMSIS/Include/cmsis_gcc.h **** #ifndef   __ASM
  41:Drivers/CMSIS/Include/cmsis_gcc.h ****   #define __ASM                                  __asm
  42:Drivers/CMSIS/Include/cmsis_gcc.h **** #endif
  43:Drivers/CMSIS/Include/cmsis_gcc.h **** #ifndef   __INLINE
  44:Drivers/CMSIS/Include/cmsis_gcc.h ****   #define __INLINE                               inline
  45:Drivers/CMSIS/Include/cmsis_gcc.h **** #endif
  46:Drivers/CMSIS/Include/cmsis_gcc.h **** #ifndef   __STATIC_INLINE
  47:Drivers/CMSIS/Include/cmsis_gcc.h ****   #define __STATIC_INLINE                        static inline
  48:Drivers/CMSIS/Include/cmsis_gcc.h **** #endif
  49:Drivers/CMSIS/Include/cmsis_gcc.h **** #ifndef   __STATIC_FORCEINLINE                 
  50:Drivers/CMSIS/Include/cmsis_gcc.h ****   #define __STATIC_FORCEINLINE                   __attribute__((always_inline)) static inline
  51:Drivers/CMSIS/Include/cmsis_gcc.h **** #endif                                           
  52:Drivers/CMSIS/Include/cmsis_gcc.h **** #ifndef   __NO_RETURN
  53:Drivers/CMSIS/Include/cmsis_gcc.h ****   #define __NO_RETURN                            __attribute__((__noreturn__))
  54:Drivers/CMSIS/Include/cmsis_gcc.h **** #endif
  55:Drivers/CMSIS/Include/cmsis_gcc.h **** #ifndef   __USED
  56:Drivers/CMSIS/Include/cmsis_gcc.h ****   #define __USED                                 __attribute__((used))
  57:Drivers/CMSIS/Include/cmsis_gcc.h **** #endif
  58:Drivers/CMSIS/Include/cmsis_gcc.h **** #ifndef   __WEAK
  59:Drivers/CMSIS/Include/cmsis_gcc.h ****   #define __WEAK                                 __attribute__((weak))
  60:Drivers/CMSIS/Include/cmsis_gcc.h **** #endif
  61:Drivers/CMSIS/Include/cmsis_gcc.h **** #ifndef   __PACKED
  62:Drivers/CMSIS/Include/cmsis_gcc.h ****   #define __PACKED                               __attribute__((packed, aligned(1)))
  63:Drivers/CMSIS/Include/cmsis_gcc.h **** #endif
ARM GAS  C:\Users\ngocc\AppData\Local\Temp\ccodaxMk.s 			page 23


  64:Drivers/CMSIS/Include/cmsis_gcc.h **** #ifndef   __PACKED_STRUCT
  65:Drivers/CMSIS/Include/cmsis_gcc.h ****   #define __PACKED_STRUCT                        struct __attribute__((packed, aligned(1)))
  66:Drivers/CMSIS/Include/cmsis_gcc.h **** #endif
  67:Drivers/CMSIS/Include/cmsis_gcc.h **** #ifndef   __PACKED_UNION
  68:Drivers/CMSIS/Include/cmsis_gcc.h ****   #define __PACKED_UNION                         union __attribute__((packed, aligned(1)))
  69:Drivers/CMSIS/Include/cmsis_gcc.h **** #endif
  70:Drivers/CMSIS/Include/cmsis_gcc.h **** #ifndef   __UNALIGNED_UINT32        /* deprecated */
  71:Drivers/CMSIS/Include/cmsis_gcc.h ****   #pragma GCC diagnostic push
  72:Drivers/CMSIS/Include/cmsis_gcc.h ****   #pragma GCC diagnostic ignored "-Wpacked"
  73:Drivers/CMSIS/Include/cmsis_gcc.h ****   #pragma GCC diagnostic ignored "-Wattributes"
  74:Drivers/CMSIS/Include/cmsis_gcc.h ****   struct __attribute__((packed)) T_UINT32 { uint32_t v; };
  75:Drivers/CMSIS/Include/cmsis_gcc.h ****   #pragma GCC diagnostic pop
  76:Drivers/CMSIS/Include/cmsis_gcc.h ****   #define __UNALIGNED_UINT32(x)                  (((struct T_UINT32 *)(x))->v)
  77:Drivers/CMSIS/Include/cmsis_gcc.h **** #endif
  78:Drivers/CMSIS/Include/cmsis_gcc.h **** #ifndef   __UNALIGNED_UINT16_WRITE
  79:Drivers/CMSIS/Include/cmsis_gcc.h ****   #pragma GCC diagnostic push
  80:Drivers/CMSIS/Include/cmsis_gcc.h ****   #pragma GCC diagnostic ignored "-Wpacked"
  81:Drivers/CMSIS/Include/cmsis_gcc.h ****   #pragma GCC diagnostic ignored "-Wattributes"
  82:Drivers/CMSIS/Include/cmsis_gcc.h ****   __PACKED_STRUCT T_UINT16_WRITE { uint16_t v; };
  83:Drivers/CMSIS/Include/cmsis_gcc.h ****   #pragma GCC diagnostic pop
  84:Drivers/CMSIS/Include/cmsis_gcc.h ****   #define __UNALIGNED_UINT16_WRITE(addr, val)    (void)((((struct T_UINT16_WRITE *)(void *)(addr))-
  85:Drivers/CMSIS/Include/cmsis_gcc.h **** #endif
  86:Drivers/CMSIS/Include/cmsis_gcc.h **** #ifndef   __UNALIGNED_UINT16_READ
  87:Drivers/CMSIS/Include/cmsis_gcc.h ****   #pragma GCC diagnostic push
  88:Drivers/CMSIS/Include/cmsis_gcc.h ****   #pragma GCC diagnostic ignored "-Wpacked"
  89:Drivers/CMSIS/Include/cmsis_gcc.h ****   #pragma GCC diagnostic ignored "-Wattributes"
  90:Drivers/CMSIS/Include/cmsis_gcc.h ****   __PACKED_STRUCT T_UINT16_READ { uint16_t v; };
  91:Drivers/CMSIS/Include/cmsis_gcc.h ****   #pragma GCC diagnostic pop
  92:Drivers/CMSIS/Include/cmsis_gcc.h ****   #define __UNALIGNED_UINT16_READ(addr)          (((const struct T_UINT16_READ *)(const void *)(add
  93:Drivers/CMSIS/Include/cmsis_gcc.h **** #endif
  94:Drivers/CMSIS/Include/cmsis_gcc.h **** #ifndef   __UNALIGNED_UINT32_WRITE
  95:Drivers/CMSIS/Include/cmsis_gcc.h ****   #pragma GCC diagnostic push
  96:Drivers/CMSIS/Include/cmsis_gcc.h ****   #pragma GCC diagnostic ignored "-Wpacked"
  97:Drivers/CMSIS/Include/cmsis_gcc.h ****   #pragma GCC diagnostic ignored "-Wattributes"
  98:Drivers/CMSIS/Include/cmsis_gcc.h ****   __PACKED_STRUCT T_UINT32_WRITE { uint32_t v; };
  99:Drivers/CMSIS/Include/cmsis_gcc.h ****   #pragma GCC diagnostic pop
 100:Drivers/CMSIS/Include/cmsis_gcc.h ****   #define __UNALIGNED_UINT32_WRITE(addr, val)    (void)((((struct T_UINT32_WRITE *)(void *)(addr))-
 101:Drivers/CMSIS/Include/cmsis_gcc.h **** #endif
 102:Drivers/CMSIS/Include/cmsis_gcc.h **** #ifndef   __UNALIGNED_UINT32_READ
 103:Drivers/CMSIS/Include/cmsis_gcc.h ****   #pragma GCC diagnostic push
 104:Drivers/CMSIS/Include/cmsis_gcc.h ****   #pragma GCC diagnostic ignored "-Wpacked"
 105:Drivers/CMSIS/Include/cmsis_gcc.h ****   #pragma GCC diagnostic ignored "-Wattributes"
 106:Drivers/CMSIS/Include/cmsis_gcc.h ****   __PACKED_STRUCT T_UINT32_READ { uint32_t v; };
 107:Drivers/CMSIS/Include/cmsis_gcc.h ****   #pragma GCC diagnostic pop
 108:Drivers/CMSIS/Include/cmsis_gcc.h ****   #define __UNALIGNED_UINT32_READ(addr)          (((const struct T_UINT32_READ *)(const void *)(add
 109:Drivers/CMSIS/Include/cmsis_gcc.h **** #endif
 110:Drivers/CMSIS/Include/cmsis_gcc.h **** #ifndef   __ALIGNED
 111:Drivers/CMSIS/Include/cmsis_gcc.h ****   #define __ALIGNED(x)                           __attribute__((aligned(x)))
 112:Drivers/CMSIS/Include/cmsis_gcc.h **** #endif
 113:Drivers/CMSIS/Include/cmsis_gcc.h **** #ifndef   __RESTRICT
 114:Drivers/CMSIS/Include/cmsis_gcc.h ****   #define __RESTRICT                             __restrict
 115:Drivers/CMSIS/Include/cmsis_gcc.h **** #endif
 116:Drivers/CMSIS/Include/cmsis_gcc.h **** #ifndef   __COMPILER_BARRIER
 117:Drivers/CMSIS/Include/cmsis_gcc.h ****   #define __COMPILER_BARRIER()                   __ASM volatile("":::"memory")
 118:Drivers/CMSIS/Include/cmsis_gcc.h **** #endif
 119:Drivers/CMSIS/Include/cmsis_gcc.h **** 
 120:Drivers/CMSIS/Include/cmsis_gcc.h **** /* #########################  Startup and Lowlevel Init  ######################## */
ARM GAS  C:\Users\ngocc\AppData\Local\Temp\ccodaxMk.s 			page 24


 121:Drivers/CMSIS/Include/cmsis_gcc.h **** 
 122:Drivers/CMSIS/Include/cmsis_gcc.h **** #ifndef __PROGRAM_START
 123:Drivers/CMSIS/Include/cmsis_gcc.h **** 
 124:Drivers/CMSIS/Include/cmsis_gcc.h **** /**
 125:Drivers/CMSIS/Include/cmsis_gcc.h ****   \brief   Initializes data and bss sections
 126:Drivers/CMSIS/Include/cmsis_gcc.h ****   \details This default implementations initialized all data and additional bss
 127:Drivers/CMSIS/Include/cmsis_gcc.h ****            sections relying on .copy.table and .zero.table specified properly
 128:Drivers/CMSIS/Include/cmsis_gcc.h ****            in the used linker script.
 129:Drivers/CMSIS/Include/cmsis_gcc.h ****   
 130:Drivers/CMSIS/Include/cmsis_gcc.h ****  */
 131:Drivers/CMSIS/Include/cmsis_gcc.h **** __STATIC_FORCEINLINE __NO_RETURN void __cmsis_start(void)
 132:Drivers/CMSIS/Include/cmsis_gcc.h **** {
 133:Drivers/CMSIS/Include/cmsis_gcc.h ****   extern void _start(void) __NO_RETURN;
 134:Drivers/CMSIS/Include/cmsis_gcc.h ****   
 135:Drivers/CMSIS/Include/cmsis_gcc.h ****   typedef struct {
 136:Drivers/CMSIS/Include/cmsis_gcc.h ****     uint32_t const* src;
 137:Drivers/CMSIS/Include/cmsis_gcc.h ****     uint32_t* dest;
 138:Drivers/CMSIS/Include/cmsis_gcc.h ****     uint32_t  wlen;
 139:Drivers/CMSIS/Include/cmsis_gcc.h ****   } __copy_table_t;
 140:Drivers/CMSIS/Include/cmsis_gcc.h ****   
 141:Drivers/CMSIS/Include/cmsis_gcc.h ****   typedef struct {
 142:Drivers/CMSIS/Include/cmsis_gcc.h ****     uint32_t* dest;
 143:Drivers/CMSIS/Include/cmsis_gcc.h ****     uint32_t  wlen;
 144:Drivers/CMSIS/Include/cmsis_gcc.h ****   } __zero_table_t;
 145:Drivers/CMSIS/Include/cmsis_gcc.h ****   
 146:Drivers/CMSIS/Include/cmsis_gcc.h ****   extern const __copy_table_t __copy_table_start__;
 147:Drivers/CMSIS/Include/cmsis_gcc.h ****   extern const __copy_table_t __copy_table_end__;
 148:Drivers/CMSIS/Include/cmsis_gcc.h ****   extern const __zero_table_t __zero_table_start__;
 149:Drivers/CMSIS/Include/cmsis_gcc.h ****   extern const __zero_table_t __zero_table_end__;
 150:Drivers/CMSIS/Include/cmsis_gcc.h **** 
 151:Drivers/CMSIS/Include/cmsis_gcc.h ****   for (__copy_table_t const* pTable = &__copy_table_start__; pTable < &__copy_table_end__; ++pTable
 152:Drivers/CMSIS/Include/cmsis_gcc.h ****     for(uint32_t i=0u; i<pTable->wlen; ++i) {
 153:Drivers/CMSIS/Include/cmsis_gcc.h ****       pTable->dest[i] = pTable->src[i];
 154:Drivers/CMSIS/Include/cmsis_gcc.h ****     }
 155:Drivers/CMSIS/Include/cmsis_gcc.h ****   }
 156:Drivers/CMSIS/Include/cmsis_gcc.h ****  
 157:Drivers/CMSIS/Include/cmsis_gcc.h ****   for (__zero_table_t const* pTable = &__zero_table_start__; pTable < &__zero_table_end__; ++pTable
 158:Drivers/CMSIS/Include/cmsis_gcc.h ****     for(uint32_t i=0u; i<pTable->wlen; ++i) {
 159:Drivers/CMSIS/Include/cmsis_gcc.h ****       pTable->dest[i] = 0u;
 160:Drivers/CMSIS/Include/cmsis_gcc.h ****     }
 161:Drivers/CMSIS/Include/cmsis_gcc.h ****   }
 162:Drivers/CMSIS/Include/cmsis_gcc.h ****  
 163:Drivers/CMSIS/Include/cmsis_gcc.h ****   _start();
 164:Drivers/CMSIS/Include/cmsis_gcc.h **** }
 165:Drivers/CMSIS/Include/cmsis_gcc.h ****   
 166:Drivers/CMSIS/Include/cmsis_gcc.h **** #define __PROGRAM_START           __cmsis_start
 167:Drivers/CMSIS/Include/cmsis_gcc.h **** #endif
 168:Drivers/CMSIS/Include/cmsis_gcc.h **** 
 169:Drivers/CMSIS/Include/cmsis_gcc.h **** #ifndef __INITIAL_SP
 170:Drivers/CMSIS/Include/cmsis_gcc.h **** #define __INITIAL_SP              __StackTop
 171:Drivers/CMSIS/Include/cmsis_gcc.h **** #endif
 172:Drivers/CMSIS/Include/cmsis_gcc.h **** 
 173:Drivers/CMSIS/Include/cmsis_gcc.h **** #ifndef __STACK_LIMIT
 174:Drivers/CMSIS/Include/cmsis_gcc.h **** #define __STACK_LIMIT             __StackLimit
 175:Drivers/CMSIS/Include/cmsis_gcc.h **** #endif
 176:Drivers/CMSIS/Include/cmsis_gcc.h **** 
 177:Drivers/CMSIS/Include/cmsis_gcc.h **** #ifndef __VECTOR_TABLE
ARM GAS  C:\Users\ngocc\AppData\Local\Temp\ccodaxMk.s 			page 25


 178:Drivers/CMSIS/Include/cmsis_gcc.h **** #define __VECTOR_TABLE            __Vectors
 179:Drivers/CMSIS/Include/cmsis_gcc.h **** #endif
 180:Drivers/CMSIS/Include/cmsis_gcc.h **** 
 181:Drivers/CMSIS/Include/cmsis_gcc.h **** #ifndef __VECTOR_TABLE_ATTRIBUTE
 182:Drivers/CMSIS/Include/cmsis_gcc.h **** #define __VECTOR_TABLE_ATTRIBUTE  __attribute((used, section(".vectors")))
 183:Drivers/CMSIS/Include/cmsis_gcc.h **** #endif
 184:Drivers/CMSIS/Include/cmsis_gcc.h **** 
 185:Drivers/CMSIS/Include/cmsis_gcc.h **** /* ###########################  Core Function Access  ########################### */
 186:Drivers/CMSIS/Include/cmsis_gcc.h **** /** \ingroup  CMSIS_Core_FunctionInterface
 187:Drivers/CMSIS/Include/cmsis_gcc.h ****     \defgroup CMSIS_Core_RegAccFunctions CMSIS Core Register Access Functions
 188:Drivers/CMSIS/Include/cmsis_gcc.h ****   @{
 189:Drivers/CMSIS/Include/cmsis_gcc.h ****  */
 190:Drivers/CMSIS/Include/cmsis_gcc.h **** 
 191:Drivers/CMSIS/Include/cmsis_gcc.h **** /**
 192:Drivers/CMSIS/Include/cmsis_gcc.h ****   \brief   Enable IRQ Interrupts
 193:Drivers/CMSIS/Include/cmsis_gcc.h ****   \details Enables IRQ interrupts by clearing the I-bit in the CPSR.
 194:Drivers/CMSIS/Include/cmsis_gcc.h ****            Can only be executed in Privileged modes.
 195:Drivers/CMSIS/Include/cmsis_gcc.h ****  */
 196:Drivers/CMSIS/Include/cmsis_gcc.h **** __STATIC_FORCEINLINE void __enable_irq(void)
 197:Drivers/CMSIS/Include/cmsis_gcc.h **** {
 198:Drivers/CMSIS/Include/cmsis_gcc.h ****   __ASM volatile ("cpsie i" : : : "memory");
 199:Drivers/CMSIS/Include/cmsis_gcc.h **** }
 200:Drivers/CMSIS/Include/cmsis_gcc.h **** 
 201:Drivers/CMSIS/Include/cmsis_gcc.h **** 
 202:Drivers/CMSIS/Include/cmsis_gcc.h **** /**
 203:Drivers/CMSIS/Include/cmsis_gcc.h ****   \brief   Disable IRQ Interrupts
 204:Drivers/CMSIS/Include/cmsis_gcc.h ****   \details Disables IRQ interrupts by setting the I-bit in the CPSR.
 205:Drivers/CMSIS/Include/cmsis_gcc.h ****            Can only be executed in Privileged modes.
 206:Drivers/CMSIS/Include/cmsis_gcc.h ****  */
 207:Drivers/CMSIS/Include/cmsis_gcc.h **** __STATIC_FORCEINLINE void __disable_irq(void)
 826              		.loc 2 207 27 view .LVU163
 827              	.LBB6:
 208:Drivers/CMSIS/Include/cmsis_gcc.h **** {
 209:Drivers/CMSIS/Include/cmsis_gcc.h ****   __ASM volatile ("cpsid i" : : : "memory");
 828              		.loc 2 209 3 view .LVU164
 829              		.syntax unified
 830              	@ 209 "Drivers/CMSIS/Include/cmsis_gcc.h" 1
 831 0000 72B6     		cpsid i
 832              	@ 0 "" 2
 833              		.thumb
 834              		.syntax unified
 835              	.L57:
 836              	.LBE6:
 837              	.LBE5:
 294:Core/Src/main.c ****   while (1)
 838              		.loc 1 294 3 discriminator 1 view .LVU165
 295:Core/Src/main.c ****   {
 296:Core/Src/main.c ****   }
 839              		.loc 1 296 3 discriminator 1 view .LVU166
 294:Core/Src/main.c ****   while (1)
 840              		.loc 1 294 9 discriminator 1 view .LVU167
 841 0002 FEE7     		b	.L57
 842              		.cfi_endproc
 843              	.LFE142:
 845              		.global	co
 846              		.global	so
 847              		.global	KT
ARM GAS  C:\Users\ngocc\AppData\Local\Temp\ccodaxMk.s 			page 26


 848              		.global	finalBuffer
 849              		.global	compareBuffer
 850              		.global	sendBuffer
 851              		.global	UART3_NumberDataInterruption
 852              		.global	UART3_CouterDataInterruption
 853              		.global	UART3_RxCouterData
 854              		.global	Rx3_Data
 855              		.global	UART3_RxData
 856              		.global	UART3_RxDatabuffer
 857              		.global	UART3_Rx
 858              		.global	UART1_NumberDataInterruption
 859              		.global	UART1_CouterDataInterruption
 860              		.global	UART1_RxCouterData
 861              		.global	UART1_RxData
 862              		.global	UART1_RxDatabuffer
 863              		.global	UART1_Rx
 864              		.global	test
 865              		.global	runValue
 866              		.global	TEN_SECOND
 867              		.global	huart3
 868              		.global	huart1
 869              		.global	huart4
 870              		.section	.bss.Rx3_Data,"aw",%nobits
 871              		.align	2
 872              		.set	.LANCHOR7,. + 0
 875              	Rx3_Data:
 876 0000 00000000 		.space	100
 876      00000000 
 876      00000000 
 876      00000000 
 876      00000000 
 877              		.section	.bss.UART1_CouterDataInterruption,"aw",%nobits
 878              		.align	2
 879              		.set	.LANCHOR15,. + 0
 882              	UART1_CouterDataInterruption:
 883 0000 00000000 		.space	4
 884              		.section	.bss.UART1_Rx,"aw",%nobits
 885              		.set	.LANCHOR12,. + 0
 888              	UART1_Rx:
 889 0000 00       		.space	1
 890              		.section	.bss.UART1_RxCouterData,"aw",%nobits
 891              		.align	2
 894              	UART1_RxCouterData:
 895 0000 00000000 		.space	4
 896              		.section	.bss.UART1_RxData,"aw",%nobits
 897              		.align	2
 898              		.set	.LANCHOR10,. + 0
 901              	UART1_RxData:
 902 0000 00000000 		.space	100
 902      00000000 
 902      00000000 
 902      00000000 
 902      00000000 
 903              		.section	.bss.UART1_RxDatabuffer,"aw",%nobits
 904              		.align	2
 905              		.set	.LANCHOR16,. + 0
 908              	UART1_RxDatabuffer:
ARM GAS  C:\Users\ngocc\AppData\Local\Temp\ccodaxMk.s 			page 27


 909 0000 00000000 		.space	100
 909      00000000 
 909      00000000 
 909      00000000 
 909      00000000 
 910              		.section	.bss.UART3_CouterDataInterruption,"aw",%nobits
 911              		.align	2
 912              		.set	.LANCHOR17,. + 0
 915              	UART3_CouterDataInterruption:
 916 0000 00000000 		.space	4
 917              		.section	.bss.UART3_Rx,"aw",%nobits
 918              		.set	.LANCHOR13,. + 0
 921              	UART3_Rx:
 922 0000 00       		.space	1
 923              		.section	.bss.UART3_RxCouterData,"aw",%nobits
 924              		.align	2
 925              		.set	.LANCHOR19,. + 0
 928              	UART3_RxCouterData:
 929 0000 00000000 		.space	4
 930              		.section	.bss.UART3_RxData,"aw",%nobits
 931              		.align	2
 932              		.set	.LANCHOR6,. + 0
 935              	UART3_RxData:
 936 0000 00000000 		.space	100
 936      00000000 
 936      00000000 
 936      00000000 
 936      00000000 
 937              		.section	.bss.UART3_RxDatabuffer,"aw",%nobits
 938              		.align	2
 939              		.set	.LANCHOR18,. + 0
 942              	UART3_RxDatabuffer:
 943 0000 00000000 		.space	100
 943      00000000 
 943      00000000 
 943      00000000 
 943      00000000 
 944              		.section	.bss.co,"aw",%nobits
 945              		.align	2
 948              	co:
 949 0000 0000     		.space	2
 950              		.section	.bss.compareBuffer,"aw",%nobits
 951              		.align	2
 952              		.set	.LANCHOR2,. + 0
 955              	compareBuffer:
 956 0000 00000000 		.space	100
 956      00000000 
 956      00000000 
 956      00000000 
 956      00000000 
 957              		.section	.bss.finalBuffer,"aw",%nobits
 958              		.align	2
 959              		.set	.LANCHOR3,. + 0
 962              	finalBuffer:
 963 0000 00000000 		.space	100
 963      00000000 
 963      00000000 
ARM GAS  C:\Users\ngocc\AppData\Local\Temp\ccodaxMk.s 			page 28


 963      00000000 
 963      00000000 
 964              		.section	.bss.huart1,"aw",%nobits
 965              		.align	2
 966              		.set	.LANCHOR8,. + 0
 969              	huart1:
 970 0000 00000000 		.space	132
 970      00000000 
 970      00000000 
 970      00000000 
 970      00000000 
 971              		.section	.bss.huart3,"aw",%nobits
 972              		.align	2
 973              		.set	.LANCHOR5,. + 0
 976              	huart3:
 977 0000 00000000 		.space	132
 977      00000000 
 977      00000000 
 977      00000000 
 977      00000000 
 978              		.section	.bss.huart4,"aw",%nobits
 979              		.align	2
 982              	huart4:
 983 0000 00000000 		.space	132
 983      00000000 
 983      00000000 
 983      00000000 
 983      00000000 
 984              		.section	.bss.runValue,"aw",%nobits
 985              		.align	2
 986              		.set	.LANCHOR11,. + 0
 989              	runValue:
 990 0000 00000000 		.space	4
 991              		.section	.bss.sendBuffer,"aw",%nobits
 992              		.align	2
 993              		.set	.LANCHOR1,. + 0
 996              	sendBuffer:
 997 0000 00000000 		.space	100
 997      00000000 
 997      00000000 
 997      00000000 
 997      00000000 
 998              		.section	.bss.so,"aw",%nobits
 999              		.align	2
 1002              	so:
 1003 0000 0000     		.space	2
 1004              		.section	.bss.test,"aw",%nobits
 1005              		.align	2
 1006              		.set	.LANCHOR0,. + 0
 1009              	test:
 1010 0000 00000000 		.space	100
 1010      00000000 
 1010      00000000 
 1010      00000000 
 1010      00000000 
 1011              		.section	.data.KT,"aw"
 1012              		.align	2
ARM GAS  C:\Users\ngocc\AppData\Local\Temp\ccodaxMk.s 			page 29


 1013              		.set	.LANCHOR9,. + 0
 1016              	KT:
 1017 0000 4B540D0A 		.ascii	"KT\015\012\000"
 1017      00
 1018              		.section	.data.TEN_SECOND,"aw"
 1019              		.align	2
 1020              		.set	.LANCHOR14,. + 0
 1023              	TEN_SECOND:
 1024 0000 0A000000 		.word	10
 1025              		.section	.data.UART1_NumberDataInterruption,"aw"
 1026              		.align	2
 1027              		.set	.LANCHOR20,. + 0
 1030              	UART1_NumberDataInterruption:
 1031 0000 01000000 		.word	1
 1032              		.section	.data.UART3_NumberDataInterruption,"aw"
 1033              		.align	2
 1034              		.set	.LANCHOR4,. + 0
 1037              	UART3_NumberDataInterruption:
 1038 0000 05000000 		.word	5
 1039              		.text
 1040              	.Letext0:
 1041              		.file 3 "c:\\program files (x86)\\gnu arm embedded toolchain\\10 2021.07\\arm-none-eabi\\include\\
 1042              		.file 4 "c:\\program files (x86)\\gnu arm embedded toolchain\\10 2021.07\\arm-none-eabi\\include\\
 1043              		.file 5 "Drivers/CMSIS/Device/ST/STM32L4xx/Include/stm32l452xx.h"
 1044              		.file 6 "Drivers/STM32L4xx_HAL_Driver/Inc/stm32l4xx_hal_def.h"
 1045              		.file 7 "Drivers/STM32L4xx_HAL_Driver/Inc/stm32l4xx_hal_dma.h"
 1046              		.file 8 "Drivers/STM32L4xx_HAL_Driver/Inc/stm32l4xx_hal_uart.h"
 1047              		.file 9 "user/AT.h"
 1048              		.file 10 "user/uart.h"
 1049              		.file 11 "c:\\program files (x86)\\gnu arm embedded toolchain\\10 2021.07\\arm-none-eabi\\include\
 1050              		.file 12 "<built-in>"
 1051              		.file 13 "Drivers/STM32L4xx_HAL_Driver/Inc/stm32l4xx_hal.h"
 1052              		.file 14 "user/system.h"
 1053              		.file 15 "user/gpio.h"
ARM GAS  C:\Users\ngocc\AppData\Local\Temp\ccodaxMk.s 			page 30


DEFINED SYMBOLS
                            *ABS*:00000000 main.c
C:\Users\ngocc\AppData\Local\Temp\ccodaxMk.s:18     .text.char_m:00000000 $t
C:\Users\ngocc\AppData\Local\Temp\ccodaxMk.s:26     .text.char_m:00000000 char_m
C:\Users\ngocc\AppData\Local\Temp\ccodaxMk.s:55     .text.char_m:00000010 $d
C:\Users\ngocc\AppData\Local\Temp\ccodaxMk.s:60     .rodata.handle_Check_Data_Module.str1.4:00000000 $d
C:\Users\ngocc\AppData\Local\Temp\ccodaxMk.s:67     .text.handle_Check_Data_Module:00000000 $t
C:\Users\ngocc\AppData\Local\Temp\ccodaxMk.s:74     .text.handle_Check_Data_Module:00000000 handle_Check_Data_Module
C:\Users\ngocc\AppData\Local\Temp\ccodaxMk.s:244    .text.handle_Check_Data_Module:000000cc $d
C:\Users\ngocc\AppData\Local\Temp\ccodaxMk.s:258    .text.setupModule:00000000 $t
C:\Users\ngocc\AppData\Local\Temp\ccodaxMk.s:265    .text.setupModule:00000000 setupModule
C:\Users\ngocc\AppData\Local\Temp\ccodaxMk.s:377    .text.setupModule:00000064 $d
C:\Users\ngocc\AppData\Local\Temp\ccodaxMk.s:385    .text.main:00000000 $t
C:\Users\ngocc\AppData\Local\Temp\ccodaxMk.s:392    .text.main:00000000 main
C:\Users\ngocc\AppData\Local\Temp\ccodaxMk.s:454    .text.main:00000048 $d
C:\Users\ngocc\AppData\Local\Temp\ccodaxMk.s:464    .text.UART1_GetData:00000000 $t
C:\Users\ngocc\AppData\Local\Temp\ccodaxMk.s:471    .text.UART1_GetData:00000000 UART1_GetData
C:\Users\ngocc\AppData\Local\Temp\ccodaxMk.s:567    .text.UART1_GetData:00000060 $d
C:\Users\ngocc\AppData\Local\Temp\ccodaxMk.s:574    .text.UART3_GetData:00000000 $t
C:\Users\ngocc\AppData\Local\Temp\ccodaxMk.s:581    .text.UART3_GetData:00000000 UART3_GetData
C:\Users\ngocc\AppData\Local\Temp\ccodaxMk.s:681    .text.UART3_GetData:00000064 $d
C:\Users\ngocc\AppData\Local\Temp\ccodaxMk.s:689    .text.HAL_UART_RxCpltCallback:00000000 $t
C:\Users\ngocc\AppData\Local\Temp\ccodaxMk.s:696    .text.HAL_UART_RxCpltCallback:00000000 HAL_UART_RxCpltCallback
C:\Users\ngocc\AppData\Local\Temp\ccodaxMk.s:794    .text.HAL_UART_RxCpltCallback:00000064 $d
C:\Users\ngocc\AppData\Local\Temp\ccodaxMk.s:807    .text.Error_Handler:00000000 $t
C:\Users\ngocc\AppData\Local\Temp\ccodaxMk.s:814    .text.Error_Handler:00000000 Error_Handler
C:\Users\ngocc\AppData\Local\Temp\ccodaxMk.s:948    .bss.co:00000000 co
C:\Users\ngocc\AppData\Local\Temp\ccodaxMk.s:1002   .bss.so:00000000 so
C:\Users\ngocc\AppData\Local\Temp\ccodaxMk.s:1016   .data.KT:00000000 KT
C:\Users\ngocc\AppData\Local\Temp\ccodaxMk.s:962    .bss.finalBuffer:00000000 finalBuffer
C:\Users\ngocc\AppData\Local\Temp\ccodaxMk.s:955    .bss.compareBuffer:00000000 compareBuffer
C:\Users\ngocc\AppData\Local\Temp\ccodaxMk.s:996    .bss.sendBuffer:00000000 sendBuffer
C:\Users\ngocc\AppData\Local\Temp\ccodaxMk.s:1037   .data.UART3_NumberDataInterruption:00000000 UART3_NumberDataInterruption
C:\Users\ngocc\AppData\Local\Temp\ccodaxMk.s:915    .bss.UART3_CouterDataInterruption:00000000 UART3_CouterDataInterruption
C:\Users\ngocc\AppData\Local\Temp\ccodaxMk.s:928    .bss.UART3_RxCouterData:00000000 UART3_RxCouterData
C:\Users\ngocc\AppData\Local\Temp\ccodaxMk.s:875    .bss.Rx3_Data:00000000 Rx3_Data
C:\Users\ngocc\AppData\Local\Temp\ccodaxMk.s:935    .bss.UART3_RxData:00000000 UART3_RxData
C:\Users\ngocc\AppData\Local\Temp\ccodaxMk.s:942    .bss.UART3_RxDatabuffer:00000000 UART3_RxDatabuffer
C:\Users\ngocc\AppData\Local\Temp\ccodaxMk.s:921    .bss.UART3_Rx:00000000 UART3_Rx
C:\Users\ngocc\AppData\Local\Temp\ccodaxMk.s:1030   .data.UART1_NumberDataInterruption:00000000 UART1_NumberDataInterruption
C:\Users\ngocc\AppData\Local\Temp\ccodaxMk.s:882    .bss.UART1_CouterDataInterruption:00000000 UART1_CouterDataInterruption
C:\Users\ngocc\AppData\Local\Temp\ccodaxMk.s:894    .bss.UART1_RxCouterData:00000000 UART1_RxCouterData
C:\Users\ngocc\AppData\Local\Temp\ccodaxMk.s:901    .bss.UART1_RxData:00000000 UART1_RxData
C:\Users\ngocc\AppData\Local\Temp\ccodaxMk.s:908    .bss.UART1_RxDatabuffer:00000000 UART1_RxDatabuffer
C:\Users\ngocc\AppData\Local\Temp\ccodaxMk.s:888    .bss.UART1_Rx:00000000 UART1_Rx
C:\Users\ngocc\AppData\Local\Temp\ccodaxMk.s:1009   .bss.test:00000000 test
C:\Users\ngocc\AppData\Local\Temp\ccodaxMk.s:989    .bss.runValue:00000000 runValue
C:\Users\ngocc\AppData\Local\Temp\ccodaxMk.s:1023   .data.TEN_SECOND:00000000 TEN_SECOND
C:\Users\ngocc\AppData\Local\Temp\ccodaxMk.s:976    .bss.huart3:00000000 huart3
C:\Users\ngocc\AppData\Local\Temp\ccodaxMk.s:969    .bss.huart1:00000000 huart1
C:\Users\ngocc\AppData\Local\Temp\ccodaxMk.s:982    .bss.huart4:00000000 huart4
C:\Users\ngocc\AppData\Local\Temp\ccodaxMk.s:871    .bss.Rx3_Data:00000000 $d
C:\Users\ngocc\AppData\Local\Temp\ccodaxMk.s:878    .bss.UART1_CouterDataInterruption:00000000 $d
C:\Users\ngocc\AppData\Local\Temp\ccodaxMk.s:889    .bss.UART1_Rx:00000000 $d
C:\Users\ngocc\AppData\Local\Temp\ccodaxMk.s:891    .bss.UART1_RxCouterData:00000000 $d
C:\Users\ngocc\AppData\Local\Temp\ccodaxMk.s:897    .bss.UART1_RxData:00000000 $d
C:\Users\ngocc\AppData\Local\Temp\ccodaxMk.s:904    .bss.UART1_RxDatabuffer:00000000 $d
ARM GAS  C:\Users\ngocc\AppData\Local\Temp\ccodaxMk.s 			page 31


C:\Users\ngocc\AppData\Local\Temp\ccodaxMk.s:911    .bss.UART3_CouterDataInterruption:00000000 $d
C:\Users\ngocc\AppData\Local\Temp\ccodaxMk.s:922    .bss.UART3_Rx:00000000 $d
C:\Users\ngocc\AppData\Local\Temp\ccodaxMk.s:924    .bss.UART3_RxCouterData:00000000 $d
C:\Users\ngocc\AppData\Local\Temp\ccodaxMk.s:931    .bss.UART3_RxData:00000000 $d
C:\Users\ngocc\AppData\Local\Temp\ccodaxMk.s:938    .bss.UART3_RxDatabuffer:00000000 $d
C:\Users\ngocc\AppData\Local\Temp\ccodaxMk.s:945    .bss.co:00000000 $d
C:\Users\ngocc\AppData\Local\Temp\ccodaxMk.s:951    .bss.compareBuffer:00000000 $d
C:\Users\ngocc\AppData\Local\Temp\ccodaxMk.s:958    .bss.finalBuffer:00000000 $d
C:\Users\ngocc\AppData\Local\Temp\ccodaxMk.s:965    .bss.huart1:00000000 $d
C:\Users\ngocc\AppData\Local\Temp\ccodaxMk.s:972    .bss.huart3:00000000 $d
C:\Users\ngocc\AppData\Local\Temp\ccodaxMk.s:979    .bss.huart4:00000000 $d
C:\Users\ngocc\AppData\Local\Temp\ccodaxMk.s:985    .bss.runValue:00000000 $d
C:\Users\ngocc\AppData\Local\Temp\ccodaxMk.s:992    .bss.sendBuffer:00000000 $d
C:\Users\ngocc\AppData\Local\Temp\ccodaxMk.s:999    .bss.so:00000000 $d
C:\Users\ngocc\AppData\Local\Temp\ccodaxMk.s:1005   .bss.test:00000000 $d
C:\Users\ngocc\AppData\Local\Temp\ccodaxMk.s:1012   .data.KT:00000000 $d
C:\Users\ngocc\AppData\Local\Temp\ccodaxMk.s:1019   .data.TEN_SECOND:00000000 $d
C:\Users\ngocc\AppData\Local\Temp\ccodaxMk.s:1026   .data.UART1_NumberDataInterruption:00000000 $d
C:\Users\ngocc\AppData\Local\Temp\ccodaxMk.s:1033   .data.UART3_NumberDataInterruption:00000000 $d

UNDEFINED SYMBOLS
memcpy
memset
strlen
HAL_UART_Transmit
HAL_Delay
strstr
cutString
strcmp
AT_CheckList
HAL_Init
SystemClock_Config
MX_GPIO_Init
MX_UART4_Init
MX_USART1_UART_Init
MX_USART3_UART_Init
HAL_UART_Receive_IT
wait_Enable_Sim
