ARM GAS  C:\Users\ngocc\AppData\Local\Temp\ccn7sRnU.s 			page 1


   1              		.cpu cortex-m4
   2              		.eabi_attribute 27, 1
   3              		.eabi_attribute 28, 1
   4              		.eabi_attribute 20, 1
   5              		.eabi_attribute 21, 1
   6              		.eabi_attribute 23, 3
   7              		.eabi_attribute 24, 1
   8              		.eabi_attribute 25, 1
   9              		.eabi_attribute 26, 1
  10              		.eabi_attribute 30, 1
  11              		.eabi_attribute 34, 1
  12              		.eabi_attribute 18, 4
  13              		.file	"AT.c"
  14              		.text
  15              	.Ltext0:
  16              		.cfi_sections	.debug_frame
  17              		.global	AT_CheckList
  18              		.section	.rodata.str1.4,"aMS",%progbits,1
  19              		.align	2
  20              	.LC0:
  21 0000 41540D0A 		.ascii	"AT\015\012\000"
  21      00
  22 0005 000000   		.align	2
  23              	.LC1:
  24 0008 4F4B00   		.ascii	"OK\000"
  25 000b 00       		.align	2
  26              	.LC2:
  27 000c 41542B43 		.ascii	"AT+CPIN?\015\012\000"
  27      50494E3F 
  27      0D0A00
  28 0017 00       		.align	2
  29              	.LC3:
  30 0018 41542B43 		.ascii	"AT+CSQ\015\012\000"
  30      53510D0A 
  30      00
  31 0021 000000   		.align	2
  32              	.LC4:
  33 0024 41542B43 		.ascii	"AT+CREG?\015\012\000"
  33      5245473F 
  33      0D0A00
  34 002f 00       		.align	2
  35              	.LC5:
  36 0030 41542B43 		.ascii	"AT+CGATT?\015\012\000"
  36      47415454 
  36      3F0D0A00 
  37              		.align	2
  38              	.LC6:
  39 003c 41542B43 		.ascii	"AT+CIPTIMEOUT=30000,20000,40000,50000\015\012\000"
  39      49505449 
  39      4D454F55 
  39      543D3330 
  39      3030302C 
  40              		.align	2
  41              	.LC7:
  42 0064 41542B43 		.ascii	"AT+CIPMODE=0\015\012\000"
  42      49504D4F 
  42      44453D30 
ARM GAS  C:\Users\ngocc\AppData\Local\Temp\ccn7sRnU.s 			page 2


  42      0D0A00
  43 0073 00       		.align	2
  44              	.LC8:
  45 0074 41542B4E 		.ascii	"AT+NETOPEN\015\012\000"
  45      45544F50 
  45      454E0D0A 
  45      00
  46 0081 000000   		.align	2
  47              	.LC9:
  48 0084 53554343 		.ascii	"SUCCESS\000"
  48      45535300 
  49              		.align	2
  50              	.LC10:
  51 008c 41542B49 		.ascii	"AT+IPADDR\015\012\000"
  51      50414444 
  51      520D0A00 
  52              		.align	2
  53              	.LC11:
  54 0098 41542B43 		.ascii	"AT+CIPRXGET=0,1\015\012\000"
  54      49505258 
  54      4745543D 
  54      302C310D 
  54      0A00
  55 00aa 0000     		.align	2
  56              	.LC12:
  57 00ac 41542B43 		.ascii	"AT+CIPOPEN=1,\"TCP\",\"117.6.163.177\",7577,0\015\012"
  57      49504F50 
  57      454E3D31 
  57      2C225443 
  57      50222C22 
  58 00d7 00       		.ascii	"\000"
  59              		.align	2
  60              	.LC13:
  61 00d8 41542B43 		.ascii	"AT+CIPOPQUERY?\015\012\000"
  61      49504F50 
  61      51554552 
  61      593F0D0A 
  61      00
  62 00e9 000000   		.align	2
  63              	.LC14:
  64 00ec 41542B43 		.ascii	"AT+CIPCLOSE=1\015\012\000"
  64      4950434C 
  64      4F53453D 
  64      310D0A00 
  65              		.align	2
  66              	.LC15:
  67 00fc 41542B4E 		.ascii	"AT+NETCLOSE\015\012\000"
  67      4554434C 
  67      4F53450D 
  67      0A00
  68              		.section	.rodata.AT_CheckList,"a"
  69              		.align	2
  72              	AT_CheckList:
  73 0000 00       		.byte	0
  74 0001 000000   		.space	3
  75 0004 00000000 		.word	.LC0
  76 0008 0400     		.short	4
ARM GAS  C:\Users\ngocc\AppData\Local\Temp\ccn7sRnU.s 			page 3


  77 000a 0000     		.space	2
  78 000c 08000000 		.word	.LC1
  79 0010 0200     		.short	2
  80 0012 0000     		.space	2
  81 0014 00000000 		.space	8
  81      00000000 
  82 001c 01       		.byte	1
  83 001d 000000   		.space	3
  84 0020 0C000000 		.word	.LC2
  85 0024 0A00     		.short	10
  86 0026 0000     		.space	2
  87 0028 08000000 		.word	.LC1
  88 002c 0200     		.short	2
  89 002e 0000     		.space	2
  90 0030 00000000 		.space	8
  90      00000000 
  91 0038 02       		.byte	2
  92 0039 000000   		.space	3
  93 003c 18000000 		.word	.LC3
  94 0040 0800     		.short	8
  95 0042 0000     		.space	2
  96 0044 08000000 		.word	.LC1
  97 0048 0200     		.short	2
  98 004a 0000     		.space	2
  99 004c 00000000 		.space	8
  99      00000000 
 100 0054 03       		.byte	3
 101 0055 000000   		.space	3
 102 0058 24000000 		.word	.LC4
 103 005c 0A00     		.short	10
 104 005e 0000     		.space	2
 105 0060 08000000 		.word	.LC1
 106 0064 0200     		.short	2
 107 0066 0000     		.space	2
 108 0068 00000000 		.space	8
 108      00000000 
 109 0070 04       		.byte	4
 110 0071 000000   		.space	3
 111 0074 30000000 		.word	.LC5
 112 0078 0B00     		.short	11
 113 007a 0000     		.space	2
 114 007c 08000000 		.word	.LC1
 115 0080 0200     		.short	2
 116 0082 0000     		.space	2
 117 0084 00000000 		.space	8
 117      00000000 
 118 008c 05       		.byte	5
 119 008d 000000   		.space	3
 120 0090 3C000000 		.word	.LC6
 121 0094 2700     		.short	39
 122 0096 0000     		.space	2
 123 0098 08000000 		.word	.LC1
 124 009c 0200     		.short	2
 125 009e 0000     		.space	2
 126 00a0 00000000 		.space	8
 126      00000000 
 127 00a8 06       		.byte	6
ARM GAS  C:\Users\ngocc\AppData\Local\Temp\ccn7sRnU.s 			page 4


 128 00a9 000000   		.space	3
 129 00ac 64000000 		.word	.LC7
 130 00b0 0E00     		.short	14
 131 00b2 0000     		.space	2
 132 00b4 08000000 		.word	.LC1
 133 00b8 0200     		.short	2
 134 00ba 0000     		.space	2
 135 00bc 00000000 		.space	8
 135      00000000 
 136 00c4 07       		.byte	7
 137 00c5 000000   		.space	3
 138 00c8 74000000 		.word	.LC8
 139 00cc 0C00     		.short	12
 140 00ce 0000     		.space	2
 141 00d0 84000000 		.word	.LC9
 142 00d4 0700     		.short	7
 143 00d6 0000     		.space	2
 144 00d8 00000000 		.space	8
 144      00000000 
 145 00e0 08       		.byte	8
 146 00e1 000000   		.space	3
 147 00e4 8C000000 		.word	.LC10
 148 00e8 0C00     		.short	12
 149 00ea 0000     		.space	2
 150 00ec 08000000 		.word	.LC1
 151 00f0 0200     		.short	2
 152 00f2 0000     		.space	2
 153 00f4 00000000 		.space	8
 153      00000000 
 154 00fc 09       		.byte	9
 155 00fd 000000   		.space	3
 156 0100 98000000 		.word	.LC11
 157 0104 0C00     		.short	12
 158 0106 0000     		.space	2
 159 0108 08000000 		.word	.LC1
 160 010c 0200     		.short	2
 161 010e 0000     		.space	2
 162 0110 00000000 		.space	8
 162      00000000 
 163 0118 0A       		.byte	10
 164 0119 000000   		.space	3
 165 011c AC000000 		.word	.LC12
 166 0120 2B00     		.short	43
 167 0122 0000     		.space	2
 168 0124 08000000 		.word	.LC1
 169 0128 0200     		.short	2
 170 012a 0000     		.space	2
 171 012c 00000000 		.space	8
 171      00000000 
 172 0134 0B       		.byte	11
 173 0135 000000   		.space	3
 174 0138 D8000000 		.word	.LC13
 175 013c 1000     		.short	16
 176 013e 0000     		.space	2
 177 0140 08000000 		.word	.LC1
 178 0144 0200     		.short	2
 179 0146 0000     		.space	2
ARM GAS  C:\Users\ngocc\AppData\Local\Temp\ccn7sRnU.s 			page 5


 180 0148 00000000 		.space	8
 180      00000000 
 181 0150 0C       		.byte	12
 182 0151 000000   		.space	3
 183 0154 EC000000 		.word	.LC14
 184 0158 0400     		.short	4
 185 015a 0000     		.space	2
 186 015c 08000000 		.word	.LC1
 187 0160 0200     		.short	2
 188 0162 0000     		.space	2
 189 0164 00000000 		.space	8
 189      00000000 
 190 016c 0D       		.byte	13
 191 016d 000000   		.space	3
 192 0170 FC000000 		.word	.LC15
 193 0174 0400     		.short	4
 194 0176 0000     		.space	2
 195 0178 08000000 		.word	.LC1
 196 017c 0200     		.short	2
 197 017e 0000     		.space	2
 198 0180 00000000 		.space	8
 198      00000000 
 199              		.text
 200              	.Letext0:
 201              		.file 1 "c:\\program files (x86)\\gnu arm embedded toolchain\\10 2021.07\\arm-none-eabi\\include\\
 202              		.file 2 "c:\\program files (x86)\\gnu arm embedded toolchain\\10 2021.07\\arm-none-eabi\\include\\
 203              		.file 3 "user/AT.h"
 204              		.file 4 "user/AT.c"
ARM GAS  C:\Users\ngocc\AppData\Local\Temp\ccn7sRnU.s 			page 6


DEFINED SYMBOLS
                            *ABS*:00000000 AT.c
C:\Users\ngocc\AppData\Local\Temp\ccn7sRnU.s:72     .rodata.AT_CheckList:00000000 AT_CheckList
C:\Users\ngocc\AppData\Local\Temp\ccn7sRnU.s:19     .rodata.str1.4:00000000 $d
C:\Users\ngocc\AppData\Local\Temp\ccn7sRnU.s:69     .rodata.AT_CheckList:00000000 $d

NO UNDEFINED SYMBOLS
