ARM GAS  C:\Users\ngocc\AppData\Local\Temp\ccDZrot4.s 			page 1


   1              		.cpu cortex-m4
   2              		.eabi_attribute 27, 1
   3              		.eabi_attribute 28, 1
   4              		.eabi_attribute 20, 1
   5              		.eabi_attribute 21, 1
   6              		.eabi_attribute 23, 3
   7              		.eabi_attribute 24, 1
   8              		.eabi_attribute 25, 1
   9              		.eabi_attribute 26, 1
  10              		.eabi_attribute 30, 1
  11              		.eabi_attribute 34, 1
  12              		.eabi_attribute 18, 4
  13              		.file	"rtc.c"
  14              		.text
  15              	.Ltext0:
  16              		.cfi_sections	.debug_frame
  17              		.section	.text.get_RTC,"ax",%progbits
  18              		.align	1
  19              		.global	get_RTC
  20              		.arch armv7e-m
  21              		.syntax unified
  22              		.thumb
  23              		.thumb_func
  24              		.fpu fpv4-sp-d16
  26              	get_RTC:
  27              	.LFB135:
  28              		.file 1 "user/rtc.c"
   1:user/rtc.c    **** #include "rtc.h"
   2:user/rtc.c    **** 
   3:user/rtc.c    **** RTC_HandleTypeDef hrtc;
   4:user/rtc.c    **** RTC_TimeTypeDef sTime;
   5:user/rtc.c    **** RTC_DateTypeDef sDate;
   6:user/rtc.c    **** 
   7:user/rtc.c    **** /**
   8:user/rtc.c    ****   * @brief Get data time
   9:user/rtc.c    ****   * @param None
  10:user/rtc.c    ****   * @retval sTime, sDate
  11:user/rtc.c    ****   */
  12:user/rtc.c    **** void get_RTC(){
  29              		.loc 1 12 15 view -0
  30              		.cfi_startproc
  31              		@ args = 0, pretend = 0, frame = 0
  32              		@ frame_needed = 0, uses_anonymous_args = 0
  33 0000 10B5     		push	{r4, lr}
  34              	.LCFI0:
  35              		.cfi_def_cfa_offset 8
  36              		.cfi_offset 4, -8
  37              		.cfi_offset 14, -4
  13:user/rtc.c    ****   HAL_RTC_GetTime(&hrtc,&sTime,RTC_FORMAT_BIN);
  38              		.loc 1 13 3 view .LVU1
  39 0002 064C     		ldr	r4, .L3
  40 0004 0022     		movs	r2, #0
  41 0006 0649     		ldr	r1, .L3+4
  42 0008 2046     		mov	r0, r4
  43 000a FFF7FEFF 		bl	HAL_RTC_GetTime
  44              	.LVL0:
  14:user/rtc.c    **** 	HAL_RTC_GetDate(&hrtc,&sDate,RTC_FORMAT_BIN);
ARM GAS  C:\Users\ngocc\AppData\Local\Temp\ccDZrot4.s 			page 2


  45              		.loc 1 14 2 view .LVU2
  46 000e 0022     		movs	r2, #0
  47 0010 0449     		ldr	r1, .L3+8
  48 0012 2046     		mov	r0, r4
  49 0014 FFF7FEFF 		bl	HAL_RTC_GetDate
  50              	.LVL1:
  15:user/rtc.c    **** }
  51              		.loc 1 15 1 is_stmt 0 view .LVU3
  52 0018 10BD     		pop	{r4, pc}
  53              	.L4:
  54 001a 00BF     		.align	2
  55              	.L3:
  56 001c 00000000 		.word	.LANCHOR1
  57 0020 00000000 		.word	.LANCHOR0
  58 0024 00000000 		.word	.LANCHOR2
  59              		.cfi_endproc
  60              	.LFE135:
  62              		.section	.text.MX_RTC_Init,"ax",%progbits
  63              		.align	1
  64              		.global	MX_RTC_Init
  65              		.syntax unified
  66              		.thumb
  67              		.thumb_func
  68              		.fpu fpv4-sp-d16
  70              	MX_RTC_Init:
  71              	.LFB136:
  16:user/rtc.c    **** 
  17:user/rtc.c    **** /**
  18:user/rtc.c    ****   * @brief RTC Initialization Function
  19:user/rtc.c    ****   * @param None
  20:user/rtc.c    ****   * @retval None
  21:user/rtc.c    ****   */
  22:user/rtc.c    **** void MX_RTC_Init()
  23:user/rtc.c    **** {
  72              		.loc 1 23 1 is_stmt 1 view -0
  73              		.cfi_startproc
  74              		@ args = 0, pretend = 0, frame = 72
  75              		@ frame_needed = 0, uses_anonymous_args = 0
  76 0000 10B5     		push	{r4, lr}
  77              	.LCFI1:
  78              		.cfi_def_cfa_offset 8
  79              		.cfi_offset 4, -8
  80              		.cfi_offset 14, -4
  81 0002 92B0     		sub	sp, sp, #72
  82              	.LCFI2:
  83              		.cfi_def_cfa_offset 80
  24:user/rtc.c    **** 
  25:user/rtc.c    ****   /* USER CODE BEGIN RTC_Init 0 */
  26:user/rtc.c    **** 
  27:user/rtc.c    ****   /* USER CODE END RTC_Init 0 */
  28:user/rtc.c    **** 
  29:user/rtc.c    ****   RTC_TimeTypeDef sTime = {0};
  84              		.loc 1 29 3 view .LVU5
  85              		.loc 1 29 19 is_stmt 0 view .LVU6
  86 0004 0024     		movs	r4, #0
  87 0006 0D94     		str	r4, [sp, #52]
  88 0008 0E94     		str	r4, [sp, #56]
ARM GAS  C:\Users\ngocc\AppData\Local\Temp\ccDZrot4.s 			page 3


  89 000a 0F94     		str	r4, [sp, #60]
  90 000c 1094     		str	r4, [sp, #64]
  91 000e 1194     		str	r4, [sp, #68]
  30:user/rtc.c    ****   RTC_DateTypeDef sDate = {0};
  92              		.loc 1 30 3 is_stmt 1 view .LVU7
  93              		.loc 1 30 19 is_stmt 0 view .LVU8
  94 0010 0C94     		str	r4, [sp, #48]
  31:user/rtc.c    ****   RTC_AlarmTypeDef sAlarm = {0};
  95              		.loc 1 31 3 is_stmt 1 view .LVU9
  96              		.loc 1 31 20 is_stmt 0 view .LVU10
  97 0012 2C22     		movs	r2, #44
  98 0014 2146     		mov	r1, r4
  99 0016 01A8     		add	r0, sp, #4
 100 0018 FFF7FEFF 		bl	memset
 101              	.LVL2:
  32:user/rtc.c    **** 
  33:user/rtc.c    ****   /* USER CODE BEGIN RTC_Init 1 */
  34:user/rtc.c    **** 
  35:user/rtc.c    ****   /* USER CODE END RTC_Init 1 */
  36:user/rtc.c    **** 
  37:user/rtc.c    ****   /** Initialize RTC Only
  38:user/rtc.c    ****   */
  39:user/rtc.c    ****   hrtc.Instance = RTC;
 102              		.loc 1 39 3 is_stmt 1 view .LVU11
 103              		.loc 1 39 17 is_stmt 0 view .LVU12
 104 001c 2C48     		ldr	r0, .L15
 105 001e 2D4B     		ldr	r3, .L15+4
 106 0020 0360     		str	r3, [r0]
  40:user/rtc.c    ****   hrtc.Init.HourFormat = RTC_HOURFORMAT_24;
 107              		.loc 1 40 3 is_stmt 1 view .LVU13
 108              		.loc 1 40 24 is_stmt 0 view .LVU14
 109 0022 4460     		str	r4, [r0, #4]
  41:user/rtc.c    ****   hrtc.Init.AsynchPrediv = 127;
 110              		.loc 1 41 3 is_stmt 1 view .LVU15
 111              		.loc 1 41 26 is_stmt 0 view .LVU16
 112 0024 7F23     		movs	r3, #127
 113 0026 8360     		str	r3, [r0, #8]
  42:user/rtc.c    ****   hrtc.Init.SynchPrediv = 255;
 114              		.loc 1 42 3 is_stmt 1 view .LVU17
 115              		.loc 1 42 25 is_stmt 0 view .LVU18
 116 0028 FF23     		movs	r3, #255
 117 002a C360     		str	r3, [r0, #12]
  43:user/rtc.c    ****   hrtc.Init.OutPut = RTC_OUTPUT_DISABLE;
 118              		.loc 1 43 3 is_stmt 1 view .LVU19
 119              		.loc 1 43 20 is_stmt 0 view .LVU20
 120 002c 0461     		str	r4, [r0, #16]
  44:user/rtc.c    ****   hrtc.Init.OutPutRemap = RTC_OUTPUT_REMAP_NONE;
 121              		.loc 1 44 3 is_stmt 1 view .LVU21
 122              		.loc 1 44 25 is_stmt 0 view .LVU22
 123 002e 4461     		str	r4, [r0, #20]
  45:user/rtc.c    ****   hrtc.Init.OutPutPolarity = RTC_OUTPUT_POLARITY_HIGH;
 124              		.loc 1 45 3 is_stmt 1 view .LVU23
 125              		.loc 1 45 28 is_stmt 0 view .LVU24
 126 0030 8461     		str	r4, [r0, #24]
  46:user/rtc.c    ****   hrtc.Init.OutPutType = RTC_OUTPUT_TYPE_OPENDRAIN;
 127              		.loc 1 46 3 is_stmt 1 view .LVU25
 128              		.loc 1 46 24 is_stmt 0 view .LVU26
ARM GAS  C:\Users\ngocc\AppData\Local\Temp\ccDZrot4.s 			page 4


 129 0032 C461     		str	r4, [r0, #28]
  47:user/rtc.c    ****   if (HAL_RTC_Init(&hrtc) != HAL_OK)
 130              		.loc 1 47 3 is_stmt 1 view .LVU27
 131              		.loc 1 47 7 is_stmt 0 view .LVU28
 132 0034 FFF7FEFF 		bl	HAL_RTC_Init
 133              	.LVL3:
 134              		.loc 1 47 6 view .LVU29
 135 0038 0028     		cmp	r0, #0
 136 003a 3CD1     		bne	.L11
 137              	.L6:
  48:user/rtc.c    ****   {
  49:user/rtc.c    ****     Error_Handler();
  50:user/rtc.c    ****   }
  51:user/rtc.c    **** 
  52:user/rtc.c    ****   /* USER CODE BEGIN Check_RTC_BKUP */
  53:user/rtc.c    **** 
  54:user/rtc.c    ****   /* USER CODE END Check_RTC_BKUP */
  55:user/rtc.c    **** 
  56:user/rtc.c    ****   /** Initialize RTC and set the Time and Date
  57:user/rtc.c    ****   */
  58:user/rtc.c    ****   sTime.Hours = 10;
 138              		.loc 1 58 3 is_stmt 1 view .LVU30
 139              		.loc 1 58 15 is_stmt 0 view .LVU31
 140 003c 0A23     		movs	r3, #10
 141 003e 8DF83430 		strb	r3, [sp, #52]
  59:user/rtc.c    ****   sTime.Minutes = 5;
 142              		.loc 1 59 3 is_stmt 1 view .LVU32
 143              		.loc 1 59 17 is_stmt 0 view .LVU33
 144 0042 0523     		movs	r3, #5
 145 0044 8DF83530 		strb	r3, [sp, #53]
  60:user/rtc.c    ****   sTime.Seconds = 0;
 146              		.loc 1 60 3 is_stmt 1 view .LVU34
 147              		.loc 1 60 17 is_stmt 0 view .LVU35
 148 0048 0022     		movs	r2, #0
 149 004a 8DF83620 		strb	r2, [sp, #54]
  61:user/rtc.c    ****   sTime.DayLightSaving = RTC_DAYLIGHTSAVING_NONE;
 150              		.loc 1 61 3 is_stmt 1 view .LVU36
 151              		.loc 1 61 24 is_stmt 0 view .LVU37
 152 004e 1092     		str	r2, [sp, #64]
  62:user/rtc.c    ****   sTime.StoreOperation = RTC_STOREOPERATION_RESET;
 153              		.loc 1 62 3 is_stmt 1 view .LVU38
 154              		.loc 1 62 24 is_stmt 0 view .LVU39
 155 0050 1192     		str	r2, [sp, #68]
  63:user/rtc.c    ****   if (HAL_RTC_SetTime(&hrtc, &sTime, RTC_FORMAT_BIN) != HAL_OK)
 156              		.loc 1 63 3 is_stmt 1 view .LVU40
 157              		.loc 1 63 7 is_stmt 0 view .LVU41
 158 0052 0DA9     		add	r1, sp, #52
 159 0054 1E48     		ldr	r0, .L15
 160 0056 FFF7FEFF 		bl	HAL_RTC_SetTime
 161              	.LVL4:
 162              		.loc 1 63 6 view .LVU42
 163 005a 78BB     		cbnz	r0, .L12
 164              	.L7:
  64:user/rtc.c    ****   {
  65:user/rtc.c    ****     Error_Handler();
  66:user/rtc.c    ****   }
  67:user/rtc.c    ****   sDate.WeekDay = RTC_WEEKDAY_WEDNESDAY;
ARM GAS  C:\Users\ngocc\AppData\Local\Temp\ccDZrot4.s 			page 5


 165              		.loc 1 67 3 is_stmt 1 view .LVU43
 166              		.loc 1 67 17 is_stmt 0 view .LVU44
 167 005c 0323     		movs	r3, #3
 168 005e 8DF83030 		strb	r3, [sp, #48]
  68:user/rtc.c    ****   sDate.Month = RTC_MONTH_JULY;
 169              		.loc 1 68 3 is_stmt 1 view .LVU45
 170              		.loc 1 68 15 is_stmt 0 view .LVU46
 171 0062 0723     		movs	r3, #7
 172 0064 8DF83130 		strb	r3, [sp, #49]
  69:user/rtc.c    ****   sDate.Date = 6;
 173              		.loc 1 69 3 is_stmt 1 view .LVU47
 174              		.loc 1 69 14 is_stmt 0 view .LVU48
 175 0068 0623     		movs	r3, #6
 176 006a 8DF83230 		strb	r3, [sp, #50]
  70:user/rtc.c    ****   sDate.Year = 22;
 177              		.loc 1 70 3 is_stmt 1 view .LVU49
 178              		.loc 1 70 14 is_stmt 0 view .LVU50
 179 006e 1623     		movs	r3, #22
 180 0070 8DF83330 		strb	r3, [sp, #51]
  71:user/rtc.c    **** 
  72:user/rtc.c    ****   if (HAL_RTC_SetDate(&hrtc, &sDate, RTC_FORMAT_BIN) != HAL_OK)
 181              		.loc 1 72 3 is_stmt 1 view .LVU51
 182              		.loc 1 72 7 is_stmt 0 view .LVU52
 183 0074 0022     		movs	r2, #0
 184 0076 0CA9     		add	r1, sp, #48
 185 0078 1548     		ldr	r0, .L15
 186 007a FFF7FEFF 		bl	HAL_RTC_SetDate
 187              	.LVL5:
 188              		.loc 1 72 6 view .LVU53
 189 007e 00BB     		cbnz	r0, .L13
 190              	.L8:
  73:user/rtc.c    ****   {
  74:user/rtc.c    ****     Error_Handler();
  75:user/rtc.c    ****   }
  76:user/rtc.c    **** 
  77:user/rtc.c    ****   /** Enable the Alarm A
  78:user/rtc.c    ****   */
  79:user/rtc.c    ****   sAlarm.AlarmTime.Hours = 0;
 191              		.loc 1 79 3 is_stmt 1 view .LVU54
 192              		.loc 1 79 26 is_stmt 0 view .LVU55
 193 0080 0022     		movs	r2, #0
 194 0082 8DF80420 		strb	r2, [sp, #4]
  80:user/rtc.c    ****   sAlarm.AlarmTime.Minutes = 0;
 195              		.loc 1 80 3 is_stmt 1 view .LVU56
 196              		.loc 1 80 28 is_stmt 0 view .LVU57
 197 0086 8DF80520 		strb	r2, [sp, #5]
  81:user/rtc.c    ****   sAlarm.AlarmTime.Seconds = 20;
 198              		.loc 1 81 3 is_stmt 1 view .LVU58
 199              		.loc 1 81 28 is_stmt 0 view .LVU59
 200 008a 1423     		movs	r3, #20
 201 008c 8DF80630 		strb	r3, [sp, #6]
  82:user/rtc.c    ****   sAlarm.AlarmTime.SubSeconds = 0;
 202              		.loc 1 82 3 is_stmt 1 view .LVU60
 203              		.loc 1 82 31 is_stmt 0 view .LVU61
 204 0090 0292     		str	r2, [sp, #8]
  83:user/rtc.c    ****   sAlarm.AlarmTime.DayLightSaving = RTC_DAYLIGHTSAVING_NONE;
 205              		.loc 1 83 3 is_stmt 1 view .LVU62
ARM GAS  C:\Users\ngocc\AppData\Local\Temp\ccDZrot4.s 			page 6


 206              		.loc 1 83 35 is_stmt 0 view .LVU63
 207 0092 0492     		str	r2, [sp, #16]
  84:user/rtc.c    ****   sAlarm.AlarmTime.StoreOperation = RTC_STOREOPERATION_RESET;
 208              		.loc 1 84 3 is_stmt 1 view .LVU64
 209              		.loc 1 84 35 is_stmt 0 view .LVU65
 210 0094 0592     		str	r2, [sp, #20]
  85:user/rtc.c    ****   sAlarm.AlarmMask = RTC_ALARMMASK_NONE;
 211              		.loc 1 85 3 is_stmt 1 view .LVU66
 212              		.loc 1 85 20 is_stmt 0 view .LVU67
 213 0096 0692     		str	r2, [sp, #24]
  86:user/rtc.c    ****   sAlarm.AlarmSubSecondMask = RTC_ALARMSUBSECONDMASK_ALL;
 214              		.loc 1 86 3 is_stmt 1 view .LVU68
 215              		.loc 1 86 29 is_stmt 0 view .LVU69
 216 0098 0892     		str	r2, [sp, #32]
  87:user/rtc.c    ****   sAlarm.AlarmDateWeekDaySel = RTC_ALARMDATEWEEKDAYSEL_DATE;
 217              		.loc 1 87 3 is_stmt 1 view .LVU70
 218              		.loc 1 87 30 is_stmt 0 view .LVU71
 219 009a 0992     		str	r2, [sp, #36]
  88:user/rtc.c    ****   sAlarm.AlarmDateWeekDay = 1;
 220              		.loc 1 88 3 is_stmt 1 view .LVU72
 221              		.loc 1 88 27 is_stmt 0 view .LVU73
 222 009c 0123     		movs	r3, #1
 223 009e 8DF82830 		strb	r3, [sp, #40]
  89:user/rtc.c    ****   sAlarm.Alarm = RTC_ALARM_A;
 224              		.loc 1 89 3 is_stmt 1 view .LVU74
 225              		.loc 1 89 16 is_stmt 0 view .LVU75
 226 00a2 4FF48073 		mov	r3, #256
 227 00a6 0B93     		str	r3, [sp, #44]
  90:user/rtc.c    ****   if (HAL_RTC_SetAlarm_IT(&hrtc, &sAlarm, RTC_FORMAT_BIN) != HAL_OK)
 228              		.loc 1 90 3 is_stmt 1 view .LVU76
 229              		.loc 1 90 7 is_stmt 0 view .LVU77
 230 00a8 01A9     		add	r1, sp, #4
 231 00aa 0948     		ldr	r0, .L15
 232 00ac FFF7FEFF 		bl	HAL_RTC_SetAlarm_IT
 233              	.LVL6:
 234              		.loc 1 90 6 view .LVU78
 235 00b0 50B9     		cbnz	r0, .L14
 236              	.L5:
  91:user/rtc.c    ****   {
  92:user/rtc.c    ****     Error_Handler();
  93:user/rtc.c    ****   }
  94:user/rtc.c    ****   /* USER CODE BEGIN RTC_Init 2 */
  95:user/rtc.c    **** 
  96:user/rtc.c    ****   /* USER CODE END RTC_Init 2 */
  97:user/rtc.c    **** 
  98:user/rtc.c    **** }
 237              		.loc 1 98 1 view .LVU79
 238 00b2 12B0     		add	sp, sp, #72
 239              	.LCFI3:
 240              		.cfi_remember_state
 241              		.cfi_def_cfa_offset 8
 242              		@ sp needed
 243 00b4 10BD     		pop	{r4, pc}
 244              	.L11:
 245              	.LCFI4:
 246              		.cfi_restore_state
  49:user/rtc.c    ****   }
ARM GAS  C:\Users\ngocc\AppData\Local\Temp\ccDZrot4.s 			page 7


 247              		.loc 1 49 5 is_stmt 1 view .LVU80
 248 00b6 FFF7FEFF 		bl	Error_Handler
 249              	.LVL7:
 250 00ba BFE7     		b	.L6
 251              	.L12:
  65:user/rtc.c    ****   }
 252              		.loc 1 65 5 view .LVU81
 253 00bc FFF7FEFF 		bl	Error_Handler
 254              	.LVL8:
 255 00c0 CCE7     		b	.L7
 256              	.L13:
  74:user/rtc.c    ****   }
 257              		.loc 1 74 5 view .LVU82
 258 00c2 FFF7FEFF 		bl	Error_Handler
 259              	.LVL9:
 260 00c6 DBE7     		b	.L8
 261              	.L14:
  92:user/rtc.c    ****   }
 262              		.loc 1 92 5 view .LVU83
 263 00c8 FFF7FEFF 		bl	Error_Handler
 264              	.LVL10:
 265              		.loc 1 98 1 is_stmt 0 view .LVU84
 266 00cc F1E7     		b	.L5
 267              	.L16:
 268 00ce 00BF     		.align	2
 269              	.L15:
 270 00d0 00000000 		.word	.LANCHOR1
 271 00d4 00280040 		.word	1073752064
 272              		.cfi_endproc
 273              	.LFE136:
 275              		.global	sDate
 276              		.global	sTime
 277              		.global	hrtc
 278              		.section	.bss.hrtc,"aw",%nobits
 279              		.align	2
 280              		.set	.LANCHOR1,. + 0
 283              	hrtc:
 284 0000 00000000 		.space	36
 284      00000000 
 284      00000000 
 284      00000000 
 284      00000000 
 285              		.section	.bss.sDate,"aw",%nobits
 286              		.align	2
 287              		.set	.LANCHOR2,. + 0
 290              	sDate:
 291 0000 00000000 		.space	4
 292              		.section	.bss.sTime,"aw",%nobits
 293              		.align	2
 294              		.set	.LANCHOR0,. + 0
 297              	sTime:
 298 0000 00000000 		.space	20
 298      00000000 
 298      00000000 
 298      00000000 
 298      00000000 
 299              		.text
ARM GAS  C:\Users\ngocc\AppData\Local\Temp\ccDZrot4.s 			page 8


 300              	.Letext0:
 301              		.file 2 "c:\\program files (x86)\\gnu arm embedded toolchain\\10 2021.07\\arm-none-eabi\\include\\
 302              		.file 3 "c:\\program files (x86)\\gnu arm embedded toolchain\\10 2021.07\\arm-none-eabi\\include\\
 303              		.file 4 "Drivers/CMSIS/Device/ST/STM32L4xx/Include/stm32l452xx.h"
 304              		.file 5 "Drivers/STM32L4xx_HAL_Driver/Inc/stm32l4xx_hal_def.h"
 305              		.file 6 "Drivers/STM32L4xx_HAL_Driver/Inc/stm32l4xx_hal_rtc.h"
 306              		.file 7 "user/rtc.h"
 307              		.file 8 "Core/Inc/main.h"
 308              		.file 9 "<built-in>"
ARM GAS  C:\Users\ngocc\AppData\Local\Temp\ccDZrot4.s 			page 9


DEFINED SYMBOLS
                            *ABS*:00000000 rtc.c
C:\Users\ngocc\AppData\Local\Temp\ccDZrot4.s:18     .text.get_RTC:00000000 $t
C:\Users\ngocc\AppData\Local\Temp\ccDZrot4.s:26     .text.get_RTC:00000000 get_RTC
C:\Users\ngocc\AppData\Local\Temp\ccDZrot4.s:56     .text.get_RTC:0000001c $d
C:\Users\ngocc\AppData\Local\Temp\ccDZrot4.s:63     .text.MX_RTC_Init:00000000 $t
C:\Users\ngocc\AppData\Local\Temp\ccDZrot4.s:70     .text.MX_RTC_Init:00000000 MX_RTC_Init
C:\Users\ngocc\AppData\Local\Temp\ccDZrot4.s:270    .text.MX_RTC_Init:000000d0 $d
C:\Users\ngocc\AppData\Local\Temp\ccDZrot4.s:290    .bss.sDate:00000000 sDate
C:\Users\ngocc\AppData\Local\Temp\ccDZrot4.s:297    .bss.sTime:00000000 sTime
C:\Users\ngocc\AppData\Local\Temp\ccDZrot4.s:283    .bss.hrtc:00000000 hrtc
C:\Users\ngocc\AppData\Local\Temp\ccDZrot4.s:279    .bss.hrtc:00000000 $d
C:\Users\ngocc\AppData\Local\Temp\ccDZrot4.s:286    .bss.sDate:00000000 $d
C:\Users\ngocc\AppData\Local\Temp\ccDZrot4.s:293    .bss.sTime:00000000 $d

UNDEFINED SYMBOLS
HAL_RTC_GetTime
HAL_RTC_GetDate
memset
HAL_RTC_Init
HAL_RTC_SetTime
HAL_RTC_SetDate
HAL_RTC_SetAlarm_IT
Error_Handler
