make.exe all --print-data-base --no-builtin-variables --no-builtin-rules --question
# GNU Make 3.81
# Copyright (C) 2006  Free Software Foundation, Inc.
# This is free software; see the source for copying conditions.
# There is NO warranty; not even for MERCHANTABILITY or FITNESS FOR A
# PARTICULAR PURPOSE.

# This program built for i386-pc-mingw32
 

# Make data base, printed on Wed Jul 06 08:56:21 2022

# Variables

# automatic
<D = $(patsubst %/,%,$(dir $<))
# automatic
?F = $(notdir $?)
# makefile (from `makefile', line 143)
LDSCRIPT = STM32L452RETx_FLASH.ld
# makefile
MAKEFLAGS = Rrqp
# environment
VSCODE_LOG_NATIVE = false
# makefile (from `makefile', line 16)
TARGET = usart_sim
# automatic
?D = $(patsubst %/,%,$(dir $?))
# environment
PLATFORMIO_IDE = 2.5.0
# makefile (from `makefile', line 105)
AS_DEFS = 
# makefile (from `makefile', line 114)
A 
S_INCLUDES = 
# automatic
@D = $(patsubst %/,%,$(dir $@))
# environment
HOMEDRIVE = C:
# automatic
@F = $(notdir $@)
# automatic
^D = $(patsubst %/,%,$(dir $^))
# makefile
CURDIR := g:/modun_sim/usart_sim_test_Copy
# default
SHELL := C:/Program Files/Git/bin/sh.exe
# makefile (from `makefile', line 86)
BIN = $(CP) -O binary -S
# environment
WINDIR = C:\WINDOWS
# environment
VSCODE_NLS_CONFIG = {"locale":"en-us","availableLanguages":{},"_languagePackSupport":true}
# makefile (from `makefile', line 83)
SZ = $(PREFIX)size
# makefile (from `makefile', line 136)
CFLAGS = $(MCU) $(C_DEFS) $(C_INCLUDES) $(OPT) -Wall -fdata-sections -ffunction-sections -g -gdwarf-2 -MMD -MP -MF"$(@:%.o=%.d)"
# environment
ONEDRIVE = C:\Users\ngocc\OneDrive
# environment
PATHEXT = .COM;.EXE;.BAT;.CMD;.VBS;.VBE;.JS;.JSE;.WSF;.WSH;.MSC;.PY;.PYW
# makefile (from `build/system_stm32l4xx.d', line 1)
MAKEFILE_LIST :=  makefile build/main.d build/startup_stm32l452xx.d build/stm32l4xx_hal.d build/stm32l4xx_hal_cortex.d build/stm32l4xx_hal_dma.d build/stm32l4xx_hal_dma_ex.d build/stm32l4xx_hal_exti.d build/stm32l4xx_hal_flash.d build/stm32l4xx_hal_flash_ex.d build/stm32l4xx_hal_flash_ramfunc.d build/stm32l4xx_hal_gpio.d build/stm32l4xx_hal_i2c.d build/stm32l4xx_hal_i2c_ex.d build/stm32l4xx_hal_msp.d build/stm32l4xx_hal_pwr.d build/stm32l4xx_hal_pwr_ex.d build/stm32l4xx_hal_rcc.d build/stm32l4xx_hal_rcc_ex.d build/stm32l4xx_hal_tim.d build/stm32l4xx_hal_tim_ex.d build/stm32l4xx_hal_uart.d build/stm32l4xx_hal_uart_ex.d build/stm32l4xx_it.d build/s 
ystem_stm32l4xx.d
# makefile (from `makefile', line 82)
CP = $(PREFIX)objcopy
# makefile (from `makefile', line 23)
DEBUG = 1
# environment
TMP = C:\Users\ngocc\AppData\Local\Temp
# environment
VSCODE_VERBOSE_LOGGING = true
# makefile (from `makefile', line 81)
AS = $(PREFIX)gcc -x assembler-with-cpp
# environment
PROGRAMW6432 = C:\Program Files
# environment
PROGRAMDATA = C:\ProgramData
# environment
VSCODE_IPC_HOOK_EXTHOST = \\.\pipe\vscode-ipc-bed62177-5e79-4e81-ada7-9b05b1f9af05-sock
# environment
VSCOD 
E_CWD = C:\Users\ngocc\AppData\Local\Programs\Microsoft VS Code
# environment
NO_PROXY = 127.0.0.1
# environment
SW_SIM_HYDRA = C:\Program Files\Common Files\SolidWorks Shared\Simulation Worker Agent\
# environment
COMMONPROGRAMW6432 = C:\Program Files\Common Files
# environment
PROCESSOR_ARCHITECTURE = x86
# environment
USERPROFILE = C:\Users\ngocc
# environment
ALLUSERSPROFILE = C:\ProgramData
# environment
VSCODE_LOG_STACK = false
# environment
NUMBER_OF_PROCESSORS = 12
# environment
ELECTRON_RUN_AS_NODE 
 = 1
# makefile (from `makefile', line 148)
LDFLAGS = $(MCU) -specs=nano.specs -T$(LDSCRIPT) $(LIBDIR) $(LIBS) -Wl,-Map=$(BUILD_DIR)/$(TARGET).map,--cref -Wl,--gc-sections
# default
.FEATURES := target-specific order-only second-expansion else-if archives
# automatic
%F = $(notdir $%)
# environment
CHROME_CRASHPAD_PIPE_NAME = \\.\pipe\crashpad_10984_RVOUGGJKCPMUXQEM
# makefile (from `makefile', line 64)
ASM_SOURCES = startup_stm32l452xx.s
# makefile (from `makefile', line 25)
OPT = -Og
# environment
VSCODE_ 
PIPE_LOGGING = true
# environment
COMPUTERNAME = DESKTOP-1VN06SH
# environment
PROGRAMFILES = C:\Program Files (x86)
# environment
DRIVERDATA = C:\Windows\System32\Drivers\DriverData
# environment
ORIGINAL_XDG_CURRENT_DESKTOP = undefined
# environment
USERNAME = ngocc
# environment
PUBLIC = C:\Users\Public
# environment
VSCODE_AMD_ENTRYPOINT = vs/workbench/api/node/extensionHostProcess
# environment
VSCODE_CODE_CACHE_PATH = C:\Users\ngocc\AppData\Roaming\Code\CachedData\30d9c6cd9483b2cc586687151bcbcd635f373 
630
# environment
APPLICATION_INSIGHTS_NO_DIAGNOSTIC_CHANNEL = 1
# environment
COMMONPROGRAMFILES = C:\Program Files (x86)\Common Files
# environment
LOGONSERVER = \\DESKTOP-1VN06SH
# makefile (from `makefile', line 71)
PREFIX = arm-none-eabi-
# environment
ONEDRIVECONSUMER = C:\Users\ngocc\OneDrive
# environment
VSCODE_HANDLES_UNCAUGHT_ERRORS = true
# environment
USERDOMAIN = DESKTOP-1VN06SH
# makefile (from `makefile', line 108)
C_DEFS = -DUSE_HAL_DRIVER -DSTM32L452xx
# makefile (from `makefile', line 101 
)
MCU = $(CPU) -mthumb $(FPU) $(FLOAT-ABI)
# environment
PLATFORMIO_PATH = C:\Users\ngocc\.platformio\python3;C:\Program Files (x86)\Common Files\Oracle\Java\javapath;C:\Program Files\Python39\Scripts\;C:\Program Files\Python39\;C:\WINDOWS\system32;C:\WINDOWS;C:\WINDOWS\System32\Wbem;C:\WINDOWS\System32\WindowsPowerShell\v1.0\;C:\WINDOWS\System32\OpenSSH\;C:\Program Files (x86)\NVIDIA Corporation\PhysX\Common;C:\Program Files\NVIDIA Corporation\NVIDIA NvDLISR;C:\Program Files (x86)\GNU Arm Embedded Toolchain\10 2021.07\bin;C:\Program Files (x86)\GnuWin32\bin;C:\msys64\mingw64\bin;C:\Program Files\Microsoft SQL Server\Client SDK\ODBC\110\Tools\Binn\;C:\Program Files (x86)\Microsoft SQL Server\120\Tools\Binn\;C:\Program Files\Microsoft SQL Server\120\Tools\Binn\;C:\Program Files\Microsoft SQL Server\120\DTS\Binn\;C:\Program Files (x86)\Windows Kits\8.1\Windows Performance Toolkit\;C:\Program Files (x86)\STMicroelectronics\STM32 ST-LINK Utility\ST-LINK Utility;C:\Program Files\Git\cmd;C:\Program Files\Git\bin;C:\Program Files (x86)\GNU Arm Embedded Toolchain\10 2021.07\bin;C:\Program Files (x86)\GnuWin32\bin;C:\Program Files (x86)\GNU Arm Embedded Toolchain\10 2021.07\bin;C:\Users\ngocc\AppData\Local\Microsoft\WindowsApps;C:\Users\ngocc\AppData\Local\Programs\Microsoft VS Code\bin;C:\Program Files (x86)\Common Files\Oracle\Java\javapath;C:\Program Files\Python39\Scripts\;C:\Program Files\Python39\;C:\WINDOWS\system32;C:\WINDOWS;C:\WINDOWS\System32\Wbem;C:\WINDOWS\System32\WindowsPowerShell\v1.0\;C:\WINDOWS\System32\OpenSSH\;C:\Program Files (x86)\NVIDIA Corporation\PhysX\Common;C:\Program Files\NVIDIA Corporation\NVIDIA NvDLISR;C:\Program Files (x86)\GNU Arm Embedded Toolchain\10 2021.07\bin;C:\Program Files (x86)\GnuWin32\bin;C:\msys64\mingw64\bin;C:\Program Files\Microsoft SQL Server\Client SDK\ODBC\110\Tools\Binn\;C:\Program Files (x86)\Microsoft SQL Server\120\Tools\Binn\;C:\Program Files\Microsoft SQL Server\120\Tools\Binn\;C:\Program Files\Microsoft SQL Server\120\DTS\Binn\;C:\Program Files (x86)\Windows Kits\8.1\Windows Performance Toolkit\;C:\Program Files (x86)\STMicroelectronics\STM32 ST-LINK Utility\ST-LINK Utility;C:\Program Files\Git\cmd;C:\Program Files\Git\bin;C:\Program Files (x86)\GNU Arm Embedded Toolchain\10 2021.07\bin;C:\Program Files (x86)\GnuWin32\bin;C:\Program Files (x86)\GNU Arm Embedded Toolchain\10 2021.07\bin;C:\Users\ngocc\AppData\Local\Microsoft\WindowsApps;C:\Users\ngocc\AppData\Local\Programs\Microsoft VS Code\bin
# default
MAKE = $(MAKE_COMMAND)
# default
MAKECMDGOALS := all
# environment
PATH = C:\Program Files (x86)\Common Files\Oracle\Java\javapath;C:\Program Files\Python39\Scripts\;C:\Program Files\Python39\;C:\WINDOWS\system32;C:\WINDOWS;C:\WINDOWS\System32\Wbem;C:\WINDOWS\System32\WindowsPowerShell\v1.0\;C:\WINDOWS\System32\OpenSSH\;C:\Program Files (x86)\NVIDIA Corporation\PhysX\Common;C:\Program Files\NVIDIA Corporation\NVIDIA NvDLISR;C:\Program Files (x86)\GNU Arm Embedded Toolchain\10 2021.07\bin;C:\Program Files (x86)\GnuWin32\bin;C:\msys64\mingw64\bin;C:\Program Files\Microsoft SQL Server\Client SDK\ODBC\110\Tools\Binn\;C:\Program Files (x86)\Microsoft SQL Server\120\Tools\Binn\;C:\Program Files\Microsoft SQL Server\120\Tools\Binn\;C:\Program Files\Microsoft SQL Server\120\DTS\Binn\;C:\Program Files (x86)\Windows Kits\8.1\Windows Performance Toolkit\;C:\Program Files (x86)\STMicroelectronics\STM32 ST-LINK Utility\ST-LINK Utility;C:\Program Files\Git\cmd;C:\Program Files\Git\bin;C:\Program Files (x86)\GNU Arm Embedded Toolchain\10 2021.07\bin;C:\Program Files (x86)\GnuWin32\bin 
;C:\Program Files (x86)\GNU Arm Embedded Toolchain\10 2021.07\bin;C:\Users\ngocc\AppData\Local\Microsoft\WindowsApps;C:\Users\ngocc\AppData\Local\Programs\Microsoft VS Code\bin
# makefile (from `makefile', line 98)
FLOAT-ABI = -mfloat-abi=hard
# makefile (from `makefile', line 85)
HEX = $(CP) -O ihex
# makefile (from `makefile', line 80)
CC = $(PREFIX)gcc
# makefile (from `makefile', line 32)
BUILD_DIR = build
# makefile (from `makefile', line 126)
ASFLAGS = $(MCU) $(AS_DEFS) $(AS_INCLUDES) $(OPT) -Wall -fdata-sections -ffunction-sections
# default
MAKE_VERSION := 3.81
# makefile
.DEFAULT_GOAL := all
# environment
PROGRAMFILES(X86) = C:\Program Files (x86)
# automatic
%D = $(patsubst %/,%,$(dir $%))
# makefile (from `makefile', line 92)
CPU = -mcpu=cortex-m4
# makefile (from `makefile', line 95)
FPU = -mfpu=fpv4-sp-d16
# environment
LOCALAPPDATA = C:\Users\ngocc\AppData\Local
# environment
PSMODULEPATH = C:\Program Files\WindowsPowerShell\Modules;C:\WINDOWS\system32\WindowsPowerShell\v1.0\Modules;C:\Program Files (x86)\Microsoft SQL Server\120\Tools\PowerShell\Modules\
# default
MAKE_COMMAND := make.exe
# environment
PROCESSOR_ARCHITEW6432 = AMD64
# makefile (from `makefile', line 147)
LIBDIR = 
# default
.VARIABLES := 
# automatic
*F = $(notdir $*)
# environment
PROCESSOR_IDENTIFIER = Intel64 Family 6 Model 158 Stepping 10, GenuineIntel
# environment
OS = Windows_NT
# environment
VSCODE_IPC_HOOK = \\.\pipe\baaf5406af3a1b79823b6bf3fd23459e-1.68.1-main-sock
# environment
HOMEPATH = \Users\ngocc
# environment
COMMONPROGRAMFILES(X86) = C:\Program Files (x86)\Common Files
# environment
PROMPT = $P$G
# environment
MFLAGS = -Rrqp
# automatic
*D = $(patsubst %/,%,$(dir $*))
# environment
SYSTEMROOT = C:\WINDOWS
# automatic
+D = $(patsubst %/,%,$(dir $+))
# automatic
+F = $(notdir $+)
# environment
APPDATA = C:\Users\ngocc\AppData\Roaming
# environment
TEMP = C:\Users\ngocc\AppData\Local\Temp
# makefile (from `makefile', line 117)
C_INCLUDES = -ICore/Inc -IDrivers/STM32L4xx_HAL_Driver/Inc -IDrivers/STM32L4xx_HAL_Driver/Inc/Legacy -IDrivers/CMSIS/Device/ST/STM32L4xx/Include -IDrivers/CMSIS/Include
# environment
COMSPEC = C:\WINDOWS\system32\cmd.exe
# default
MAKEFILES := 
# automatic
<F = $(notdir $<)
# environment
PLATFORMIO_CALLER = vscode
# environment
LC_ALL = C
# environment
SW_SIM_TEMP = C:\ProgramData\SOLIDWORKS\SW_net_sim_temp\
# makefile (from `makefile', line 146)
LIBS = -lc -lm -lnosys 
# automatic
^F = $(notdir $^)
# makefile (from `makefile', line 38)
C_SOURCES = Core/Src/main.c Core/Src/stm32l4xx_it.c Core/Src/stm32l4xx_hal_msp.c Drivers/STM32L4xx_HAL_Driver/Src/stm32l4xx_hal_tim.c Drivers/STM32L4xx_HAL_Driver/Src/stm32l4xx_hal_tim_ex.c Drivers/STM32L4xx_HAL_Driver/Src/stm32l4xx_hal_uart.c Drivers/STM32L4xx_HAL_Driver/Src/stm32l4xx_hal_uart_ex.c Drivers/STM32L4xx_HAL_Driver/Src/stm32l4xx_hal.c Drivers/STM32L4xx_HAL_Driver/Src/stm32l4xx_hal_i2c.c Drivers/STM32L4xx_HAL_Driver/Src/stm32l4xx_hal_i2c_ex.c Drivers/STM32L4xx_HAL_Driver/Src/stm32l4xx_hal_rcc.c Drivers/STM32L4xx_HAL_Driver/Src/stm32l4xx_hal_rcc_ex.c Drivers/STM32L4xx_HAL_Driver/Src/stm32l4xx_hal_flash.c Drivers/STM32L4xx_HAL_Driver/Src/stm32l4xx_hal_flash_ex.c Drivers/STM32L4xx_HAL_Driver/Src/stm32l4xx_hal_flash_ramfunc.c Drivers/STM32L4xx_HAL_Driver/Src/stm32l4xx_hal_gpio.c Drivers/STM32L4xx_HAL_Driver/Src/stm32l4xx_hal_dma.c Drivers/STM32L4xx_HAL_Driver/Src/stm32l4xx_hal_dma_ex.c Drivers/STM32L4xx_HAL_Driver/Src/stm32l4xx_hal_pwr.c Drivers/STM32L4xx_HAL_Driver/Src/stm32l4xx_hal_pwr_ex.c Drivers/STM32L4xx_HAL_Driver/Src/stm32l4xx_hal_cortex.c Drivers/STM32L4xx_HAL_Driver/Src/stm32l4xx_hal_exti.c Core/Src/system_stm32l4xx.c  
# default
SUFFIXES := 
# environment
SYSTEMDRIVE = C:
# environment
SESSIONNAME = Console
# environment
PROCESSOR_REVISION = 9e0a
# environment
SW_SIM_MPIT = INTELMPI
# environment
MAKELEVEL := 0
# makefile (from `makefile', line 161)
OBJECTS = $(addprefix $(BUILD_DIR)/,$(notdir $(C_SOURCES:.c=.o))) $(addprefix $(BUILD_DIR)/,$(notdir $(ASM_SOURCES:.s=.o)))
# environment
LANG = C
# environment
PROCESSOR_LEVEL = 6
# environment
VSCODE_PID = 10984
# environment
USERDOMAIN_ROAMINGPROFILE = DESKTOP-1VN06SH
# variable set hash-table stats:
# Load=122/1024=12%, Rehash=0, Collisions=17/238=7%

# Pattern-specific Variable Values

# No pattern-specific variable values.

# Directories

# C:\WINDOWS\System32\WindowsPowerShell\v1.0\ (key C:/WINDOWS/System32/WindowsPowerShell/v1.0/, mtime 1655311159): 30 files, no impossibilities.
# C:\WINDOWS\System32\Wbem (key C:/WINDOWS/System32/Wbem, mtime 1656467509): 153 files, no impossibilities.
# . (key g:/modun_sim/usart_sim_test_Copy, mtime 1657012178): 12 files, no impossibilities.
# C:\Program Files (x86)\Windows Kits\8.1\Windows Performance Toolkit\ (key C:/Program Files (x86)/Windows Kits/8.1/Windows Performance Toolkit/, mtime 1655919951): 73 files, no impossibilities.
# Core/Src (key g:/modun_sim/usart_sim_test_Copy/Core/Src, mtime 1656985919): No files, no impossibilities so far.
# C:\Program Files (x86)\STMicroelectronics\STM32 ST-LINK Utility\ST-LINK Utility (key C:/Program Files (x86)/STMicroelectronics/STM32 ST-LINK Utility/ST-LINK Utility, mtime 1656476046): 12 files, no impossibilities.
# C:\Program Files (x86)\NVIDIA Corporation\PhysX\Common (key C:/Program Files (x86)/NVIDIA Corporation/PhysX/Common, mtime 1655920090): 11 files, no impossibilities.
# C:\Program Files (x86)\Microsoft SQL Server\120\Tools\Binn\ (key C:/Program Files (x86)/Microsoft SQL Server/120/Tools/Binn/, mtime 1655919876): 12 files, no impossibilities.
# C:\Program Files\Microsoft SQL Server\120\DTS\Binn\ (key C:/Program Files/Microsoft SQL Server/120/DTS/Binn/, mtime 1655919892): 38 files, no impossibilities.
# build (key g:/modun_sim/usart_sim_test_Copy/build, mtime 1657012194): 77 files, no impossibilities.
# Drivers/STM32L4xx_HAL_Driver/Src (key g:/modun_sim/usart_sim_test_Copy/Drivers/STM32L4xx_HAL_Driver/Src, mtime 1656948209): No files, no impossibilities so far.
# C:\Program Files\Microsoft SQL Server\Client SDK\ODBC\110\Tools\Binn\ (key C:/Program Files/Microsoft SQL Server/Client SDK/ODBC/110/Tools/Binn/, mtime 1655919892): 6 files, no impossibilities.
# C:\WINDOWS\System32\OpenSSH\: could not be stat'd.
# C:\Program Files (x86)\Common Files\Oracle\Java\javapath (key C:/Program Files (x86)/Common Files/Oracle/Java/javapath, mtime 1656665791): 5 files, no impossibilities.
# C:\WINDOWS (key C:/WINDOWS, mtime 1656760938): 115 files, no impossibilities.
# C:\Program Files\Git\bin (key C:/Program Files/Git/bin, mtime 1656926695): 5 files, no impossibilities so far.
# C:\Program Files\Microsoft SQL Server\120\Tools\Binn\ (key C:/Program Files/Microsoft SQL Server/120/Tools/Binn/, mtime 1655919876): 14 files, no impossibilities.
# C:\msys64\mingw64\bin (key C:/msys64/mingw64/bin, mtime 1655263463): 210 files, no impossibilities.
# C:\Program Files\Git\cmd (key C:/Program Files/Git/cmd, mtime 1656926708): 8 files, no impossibilities.
# C:\WINDOWS\system32 (key C:/WINDOWS/system32, mtime 1657022801): 2907 files, no impossibilities.
# C:\Program Files\Python39\ (key C:/Program Files/Python39/, mtime 1656233747): 18 files, no impossibilities.
# C:\Program Files (x86)\GNU Arm Embedded Toolchain\10 2021.07\bin (key C:/Program Files (x86)/GNU Arm Embedded Toolchain/10 2021.07/bin, mtime 1655262696): 35 files, no impossibilities.
# C:\Program Files\Python39\Scripts\ (key C:/Program Files/Python39/Scripts/, mtime 1656233747): 5 files, no impossibilities.
# C:\Program Files\NVIDIA Corporation\NVIDIA NvDLISR (key C:/Program Files/NVIDIA Corporation/NVIDIA NvDLISR, mtime 1655260800): 5 files, no impossibilities.
# C:\Program Files (x86)\GnuWin32\bin (key C:/Program Files (x86)/GnuWin32/bin, mtime 1656948605): 103 files, no impossibilities.

# 3854 files, no impossibilities in 25 directories.

# Implicit Rules

build/%.o: %.c Makefile | build
#  commands to execute (from `makefile', line 165):
	$(CC) -c $(CFLAGS) -Wa,-a,-ad,-alms=$(BUILD_DIR)/$(notdir $(<:.c=.lst)) $< -o $@
	

build/%.o: %.s Makefile | build
#  commands to execute (from `makefile', line 168):
	$(AS) -c $(CFLAGS) $< -o $@
	

build/%.hex: build/%.elf | build
#  commands to execute (from `makefile', line 175):
	$(HEX) $< $@
	

build/%.bin: build/%.elf | build
#  commands to execute (from `makefile', line 178):
	$(BIN) $< $@	
	

# 4 implicit rules, 0 (0.0%) terminal.

# Files

Core/Inc/stm32l4xx_it.h:
#  Implicit rule search has not been done.
#  Modification time never checked.
#  File has not been updated.

# Not a target:
startup_stm32l452xx.s:
#  Implicit rule search has not been done.
#  Modification time never checked.
#  File has not been updated.

# Not a target:
build/stm32l4xx_hal_exti.d:
#  A default, MAKEFILES, or -include/sinclude makefile.
#  Implicit rule search has been done.
#  Last modified 2022-07-05 16:09:54
#  File has been updated.
#  Successfully updated.
# variable set hash-table stats:
# Load=0/32=0%, Rehash=0, Collisions=0/0=0%

# Not a target:
Drivers/STM32L4xx_HAL_Driver/Src/stm32l4xx_hal_dma.c:
#  Implicit rule search has not been done.
#  Modification time never checked.
#  File has not been updated.

# Not a target:
Drivers/STM32L4xx_HAL_Driver/Src/stm32l4xx_hal_tim_ex.c:
#  Implicit rule search has not been done.
#  Modification time never checked.
#  File has not been updated.

# Not a target:
build/stm32l4xx_hal_flash_ramfunc.d:
#  A default, MAKEFILES, or -include/sinclude makefile.
#  Implicit rule search has been done.
#  Last modified 2022-07-05 16:09:52
#  File has been updated.
#  Successfully updated.
# variable set hash-table stats:
# Load=0/32=0%, Rehash=0, Collisions=0/0=0%

# Not a target:
build/usart_sim.bin:
#  Implicit rule search has not been done.
#  Modification time never checked.
#  File has not been updated.

Drivers/STM32L4xx_HAL_Driver/Inc/stm32l4xx_hal_def.h:
#  Implicit rule search has been done.
#  Last modified 2022-06-27 10:56:25
#  File has been updated.
#  Successfully updated.
# variable set hash-table stats:
# Load=0/32=0%, Rehash=0, Collisions=0/0=0%

build/stm32l4xx_hal_cortex.o: Drivers/STM32L4xx_HAL_Driver/Src/stm32l4xx_hal_cortex.c Drivers/STM32L4xx_HAL_Driver/Inc/stm32l4xx_hal.h Core/Inc/stm32l4xx_hal_conf.h Drivers/STM32L4xx_HAL_Driver/Inc/stm32l4xx_hal_rcc.h Drivers/STM32L4xx_HAL_Driver/Inc/stm32l4xx_hal_def.h Drivers/CMSIS/Device/ST/STM32L4xx/Include/stm32l4xx.h Drivers/CMSIS/Device/ST/STM32L4xx/Include/stm32l452xx.h Drivers/CMSIS/Include/core_cm4.h Drivers/CMSIS/Include/cmsis_version.h Drivers/CMSIS/Include/cmsis_compiler.h Drivers/CMSIS/Include/cmsis_gcc.h Drivers/CMSIS/Include/mpu_armv7.h Drivers/CMSIS/Device/ST/STM32L4xx/Include/system_stm32l4xx.h Drivers/STM32L4xx_HAL_Driver/Inc/Legacy/stm32_hal_legacy.h Drivers/STM32L4xx_HAL_Driver/Inc/stm32l4xx_hal_rcc_ex.h Drivers/STM32L4xx_HAL_Driver/Inc/stm32l4xx_hal_gpio.h Drivers/STM32L4xx_HAL_Driver/Inc/stm32l4xx_hal_gpio_ex.h Drivers/STM32L4xx_HAL_Driver/Inc/stm32l4xx_hal_dma.h Drivers/STM32L4xx_HAL_Driver/Inc/stm32l4xx_hal_cortex.h Drivers/STM32L4xx_HAL_Driver/Inc/stm32l4xx_hal_exti.h Drivers/STM32L4xx_HAL_Driver/Inc/stm32l4xx_hal_flash.h Drivers/STM32L4xx_HAL_Driver/Inc/stm32l4xx_hal_flash_ex.h Drivers/STM32L4xx_HAL_Driver/Inc/stm32l4xx_hal_flash_ramfunc.h Drivers/STM32L4xx_HAL_Driver/Inc/stm32l4xx_hal_i2c.h Drivers/STM32L4xx_HAL_Driver/Inc/stm32l4xx_hal_i2c_ex.h Drivers/STM32L4xx_HAL_Driver/Inc/stm32l4xx_hal_pwr.h Drivers/STM32L4xx_HAL_Driver/Inc/stm32l4xx_hal_pwr_ex.h Drivers/STM32L4xx_HAL_Driver/Inc/stm32l4xx_hal_uart.h Drivers/STM32L4xx_HAL_Driver/Inc/stm32l4xx_hal_uart_ex.h
#  Implicit rule search has not been done.
#  Modification time never checked.
#  File has not been updated.

build/main.o: Core/Src/main.c makefile Core/Inc/main.h Drivers/STM32L4xx_HAL_Driver/Inc/stm32l4xx_hal.h Core/Inc/stm32l4xx_hal_conf.h Drivers/STM32L4xx_HAL_Driver/Inc/stm32l4xx_hal_rcc.h Drivers/STM32L4xx_HAL_Driver/Inc/stm32l4xx_hal_def.h Drivers/CMSIS/Device/ST/STM32L4xx/Include/stm32l4xx.h Drivers/CMSIS/Device/ST/STM32L4xx/Include/stm32l452xx.h Drivers/CMSIS/Include/core_cm4.h Drivers/CMSIS/Include/cmsis_version.h Drivers/CMSIS/Include/cmsis_compiler.h Drivers/CMSIS/Include/cmsis_gcc.h Drivers/CMSIS/Include/mpu_armv7.h Drivers/CMSIS/Device/ST/STM32L4xx/Include/system_stm32l4xx.h Drivers/STM32L4xx_HAL_Driver/Inc/Legacy/stm32_hal_legacy.h Drivers/STM32L4xx_HAL_Driver/Inc/stm32l4xx_hal_rcc_ex.h Drivers/STM32L4xx_HAL_Driver/Inc/stm32l4xx_hal_gpio.h Drivers/STM32L4xx_HAL_Driver/Inc/stm32l4xx_hal_gpio_ex.h Drivers/STM32L4xx_HAL_Driver/Inc/stm32l4xx_hal_dma.h Drivers/STM32L4xx_HAL_Driver/Inc/stm32l4xx_hal_cortex.h Drivers/STM32L4xx_HAL_Driver/Inc/stm32l4xx_hal_exti.h Drivers/STM32L4xx_HAL_Driver/Inc/stm32l4xx_hal_flash.h Drivers/STM32L4xx_HAL_Driver/Inc/stm32l4xx_hal_flash_ex.h Drivers/STM32L4xx_HAL_Driver/Inc/stm32l4xx_hal_flash_ramfunc.h Drivers/STM32L4xx_HAL_Driver/Inc/stm32l4xx_hal_i2c.h Drivers/STM32L4xx_HAL_Driver/Inc/stm32l4xx_hal_i2c_ex.h Drivers/STM32L4xx_HAL_Driver/Inc/stm32l4xx_hal_pwr.h Drivers/STM32L4xx_HAL_Driver/Inc/stm32l4xx_hal_pwr_ex.h Drivers/STM32L4xx_HAL_Driver/Inc/stm32l4xx_hal_uart.h Drivers/STM32L4xx_HAL_Driver/Inc/stm32l4xx_hal_uart_ex.h | build
#  Implicit rule search has been done.
#  Implicit/static pattern stem: `main'
#  Last modified 2022-07-05 16:09:39
#  File has been updated.
#  Needs to be updated (-q is set).
# automatic
# @ := build/main.o
# automatic
# % := 
# automatic
# * := main
# automatic
# + := Core/Src/main.c makefile Core/Src/main.c Core/Inc/main.h Drivers/STM32L4xx_HAL_Driver/Inc/stm32l4xx_hal.h Core/Inc/stm32l4xx_hal_conf.h Drivers/STM32L4xx_HAL_Driver/Inc/stm32l4xx_hal_rcc.h Drivers/STM32L4xx_HAL_Driver/Inc/stm32l4xx_hal_def.h Drivers/CMSIS/Device/ST/STM32L4xx/Include/stm32l4xx.h Drivers/CMSIS/Device/ST/STM32L4xx/Include/stm32l452xx.h Drivers/CMSIS/Include/core_cm4.h Drivers/CMSIS/Include/cmsis_version.h Drivers/CMSIS/Include/cmsis_compiler.h Drivers/CMSIS/Include/cmsis_gcc.h Drivers/CMSIS/Include/mpu_armv7.h Drivers/CMSIS/Device/ST/STM32L4xx/Include/system_stm32l4xx.h Drivers/STM32L4xx_HAL_Driver/Inc/Legacy/stm32_hal_legacy.h Drivers/STM32L4xx_HAL_Driver/Inc/stm32l4xx_hal_rcc_ex.h Drivers/STM32L4xx_HAL_Driver/Inc/stm32l4xx_hal_gpio.h Drivers/STM32L4xx_HAL_Driver/Inc/stm32l4xx_hal_gpio_ex.h Drivers/STM32L4xx_HAL_Driver/Inc/stm32l4xx_hal_dma.h Drivers/STM32L4xx_HAL_Driver/Inc/stm32l4xx_hal_cortex.h Drivers/STM32L4xx_HAL_Driver/Inc/stm32l4xx_hal_exti.h Drivers/STM32L4xx_HAL_Driver/Inc/stm32l4xx_hal_flash.h Drivers/STM32L4xx_HAL_Driver/Inc/stm32l4xx_hal_flash_ex.h Drivers/STM32L4xx_HAL_Driver/Inc/stm32l4xx_hal_flash_ramfunc.h Drivers/STM32L4xx_HAL_Driver/Inc/stm32l4xx_hal_i2c.h Drivers/STM32L4xx_HAL_Driver/Inc/stm32l4xx_hal_i2c_ex.h Drivers/STM32L4xx_HAL_Driver/Inc/stm32l4xx_hal_pwr.h Drivers/STM32L4xx_HAL_Driver/Inc/stm32l4xx_hal_pwr_ex.h Drivers/STM32L4xx_HAL_Driver/Inc/stm32l4xx_hal_uart.h Drivers/STM32L4xx_HAL_Driver/Inc/stm32l4xx_hal_uart_ex.h
# automatic
# | := build
# automatic
# < := Core/Src/main.c
# automatic
# ^ := Core/Src/main.c makefile Core/Inc/main.h Drivers/STM32L4xx_HAL_Driver/Inc/stm32l4xx_hal.h Core/Inc/stm32l4xx_hal_conf.h Drivers/STM32L4xx_HAL_Driver/Inc/stm32l4xx_hal_rcc.h Drivers/STM32L4xx_HAL_Driver/Inc/stm32l4xx_hal_def.h Drivers/CMSIS/Device/ST/STM32L4xx/Include/stm32l4xx.h Drivers/CMSIS/Device/ST/STM32L4xx/Include/stm32l452xx.h Drivers/CMSIS/Include/core_cm4.h Drivers/CMSIS/Include/cmsis_version.h Drivers/CMSIS/Include/cmsis_compiler.h Drivers/CMSIS/Include/cmsis_gcc.h Drivers/CMSIS/Include/mpu_armv7.h Drivers/CMSIS/Device/ST/STM32L4xx/Include/system_stm32l4xx.h Drivers/STM32L4xx_HAL_Driver/Inc/Legacy/stm32_hal_legacy.h Drivers/STM32L4xx_HAL_Driver/Inc/stm32l4xx_hal_rcc_ex.h Drivers/STM32L4xx_HAL_Driver/Inc/stm32l4xx_hal_gpio.h Drivers/STM32L4xx_HAL_Driver/Inc/stm32l4xx_hal_gpio_ex.h Drivers/STM32L4xx_HAL_Driver/Inc/stm32l4xx_hal_dma.h Drivers/STM32L4xx_HAL_Driver/Inc/stm32l4xx_hal_cortex.h Drivers/STM32L4xx_HAL_Driver/Inc/stm32l4xx_hal_exti.h Drivers/STM32L4xx_HAL_Driver/Inc/stm32l4xx_hal_flash.h Drivers/STM32L4xx_HAL_Driver/Inc/stm32l4xx_hal_flash_ex.h Drivers/STM32L4xx_HAL_Driver/Inc/stm32l4xx_hal_flash_ramfunc.h Drivers/STM32L4xx_HAL_Driver/Inc/stm32l4xx_hal_i2c.h Drivers/STM32L4xx_HAL_Driver/Inc/stm32l4xx_hal_i2c_ex.h Drivers/STM32L4xx_HAL_Driver/Inc/stm32l4xx_hal_pwr.h Drivers/STM32L4xx_HAL_Driver/Inc/stm32l4xx_hal_pwr_ex.h Drivers/STM32L4xx_HAL_Driver/Inc/stm32l4xx_hal_uart.h Drivers/STM32L4xx_HAL_Driver/Inc/stm32l4xx_hal_uart_ex.h
# automatic
# ? := Core/Src/main.c
# variable set hash-table stats:
# Load=8/32=25%, Rehash=0, Collisions=1/25=4%
#  commands to execute (from `makefile', line 165):
	$(CC) -c $(CFLAGS) -Wa,-a,-ad,-alms=$(BUILD_DIR)/$(notdir $(<:.c=.lst)) $< -o $@
	

build/stm32l4xx_hal_flash_ex.o: Drivers/STM32L4xx_HAL_Driver/Src/stm32l4xx_hal_flash_ex.c Drivers/STM32L4xx_HAL_Driver/Inc/stm32l4xx_hal.h Core/Inc/stm32l4xx_hal_conf.h Drivers/STM32L4xx_HAL_Driver/Inc/stm32l4xx_hal_rcc.h Drivers/STM32L4xx_HAL_Driver/Inc/stm32l4xx_hal_def.h Drivers/CMSIS/Device/ST/STM32L4xx/Include/stm32l4xx.h Drivers/CMSIS/Device/ST/STM32L4xx/Include/stm32l452xx.h Drivers/CMSIS/Include/core_cm4.h Drivers/CMSIS/Include/cmsis_version.h Drivers/CMSIS/Include/cmsis_compiler.h Drivers/CMSIS/Include/cmsis_gcc.h Drivers/CMSIS/Include/mpu_armv7.h Drivers/CMSIS/Device/ST/STM32L4xx/Include/system_stm32l4xx.h Drivers/STM32L4xx_HAL_Driver/Inc/Legacy/stm32_hal_legacy.h Drivers/STM32L4xx_HAL_Driver/Inc/stm32l4xx_hal_rcc_ex.h Drivers/STM32L4xx_HAL_Driver/Inc/stm32l4xx_hal_gpio.h Drivers/STM32L4xx_HAL_Driver/Inc/stm32l4xx_hal_gpio_ex.h Drivers/STM32L4xx_HAL_Driver/Inc/stm32l4xx_hal_dma.h Drivers/STM32L4xx_HAL_Driver/Inc/stm32l4xx_hal_cortex.h Drivers/STM32L4xx_HAL_Driver/Inc/stm32l4xx_hal_exti.h Drivers/STM32L4xx_HAL_Driver/Inc/stm32l4xx_hal_flash.h Drivers/STM32L4xx_HAL_Driver/Inc/stm32l4xx_hal_flash_ex.h Drivers/STM32L4xx_HAL_Driver/Inc/stm32l4xx_hal_flash_ramfunc.h Drivers/STM32L4xx_HAL_Driver/Inc/stm32l4xx_hal_i2c.h Drivers/STM32L4xx_HAL_Driver/Inc/stm32l4xx_hal_i2c_ex.h Drivers/STM32L4xx_HAL_Driver/Inc/stm32l4xx_hal_pwr.h Drivers/STM32L4xx_HAL_Driver/Inc/stm32l4xx_hal_pwr_ex.h Drivers/STM32L4xx_HAL_Driver/Inc/stm32l4xx_hal_uart.h Drivers/STM32L4xx_HAL_Driver/Inc/stm32l4xx_hal_uart_ex.h
#  Implicit rule search has not been done.
#  Modification time never checked.
#  File has not been updated.

Drivers/STM32L4xx_HAL_Driver/Inc/stm32l4xx_hal_gpio.h:
#  Implicit rule search has been done.
#  Last modified 2022-06-27 10:56:25
#  File has been updated.
#  Successfully updated.
# variable set hash-table stats:
# Load=0/32=0%, Rehash=0, Collisions=0/0=0%

# Not a target:
Drivers/STM32L4xx_HAL_Driver/Src/stm32l4xx_hal_pwr_ex.c:
#  Implicit rule search has not been done.
#  Modification time never checked.
#  File has not been updated.

all: build/usart_sim.elf build/usart_sim.hex build/usart_sim.bin
#  Command-line target.
#  Implicit rule search has been done.
#  File does not exist.
#  File has been updated.
#  Needs to be updated (-q is set).
# variable set hash-table stats:
# Load=0/32=0%, Rehash=0, Collisions=0/13=0%

# Not a target:
build/stm32l4xx_it.d:
#  A default, MAKEFILES, or -include/sinclude makefile.
#  Implicit rule search has been done.
#  Last modified 2022-07-05 16:09:39
#  File has been updated.
#  Successfully updated.
# variable set hash-table stats:
# Load=0/32=0%, Rehash=0, Collisions=0/0=0%

Drivers/STM32L4xx_HAL_Driver/Inc/stm32l4xx_hal.h:
#  Implicit rule search has been done.
#  Last modified 2022-06-27 10:56:25
#  File has been updated.
#  Successfully updated.
# variable set hash-table stats:
# Load=0/32=0%, Rehash=0, Collisions=0/0=0%

build/stm32l4xx_hal_dma_ex.o: Drivers/STM32L4xx_HAL_Driver/Src/stm32l4xx_hal_dma_ex.c Drivers/STM32L4xx_HAL_Driver/Inc/stm32l4xx_hal.h Core/Inc/stm32l4xx_hal_conf.h Drivers/STM32L4xx_HAL_Driver/Inc/stm32l4xx_hal_rcc.h Drivers/STM32L4xx_HAL_Driver/Inc/stm32l4xx_hal_def.h Drivers/CMSIS/Device/ST/STM32L4xx/Include/stm32l4xx.h Drivers/CMSIS/Device/ST/STM32L4xx/Include/stm32l452xx.h Drivers/CMSIS/Include/core_cm4.h Drivers/CMSIS/Include/cmsis_version.h Drivers/CMSIS/Include/cmsis_compiler.h Drivers/CMSIS/Include/cmsis_gcc.h Drivers/CMSIS/Include/mpu_armv7.h Drivers/CMSIS/Device/ST/STM32L4xx/Include/system_stm32l4xx.h Drivers/STM32L4xx_HAL_Driver/Inc/Legacy/stm32_hal_legacy.h Drivers/STM32L4xx_HAL_Driver/Inc/stm32l4xx_hal_rcc_ex.h Drivers/STM32L4xx_HAL_Driver/Inc/stm32l4xx_hal_gpio.h Drivers/STM32L4xx_HAL_Driver/Inc/stm32l4xx_hal_gpio_ex.h Drivers/STM32L4xx_HAL_Driver/Inc/stm32l4xx_hal_dma.h Drivers/STM32L4xx_HAL_Driver/Inc/stm32l4xx_hal_cortex.h Drivers/STM32L4xx_HAL_Driver/Inc/stm32l4xx_hal_exti.h Drivers/STM32L4xx_HAL_Driver/Inc/stm32l4xx_hal_flash.h Drivers/STM32L4xx_HAL_Driver/Inc/stm32l4xx_hal_flash_ex.h Drivers/STM32L4xx_HAL_Driver/Inc/stm32l4xx_hal_flash_ramfunc.h Drivers/STM32L4xx_HAL_Driver/Inc/stm32l4xx_hal_i2c.h Drivers/STM32L4xx_HAL_Driver/Inc/stm32l4xx_hal_i2c_ex.h Drivers/STM32L4xx_HAL_Driver/Inc/stm32l4xx_hal_pwr.h Drivers/STM32L4xx_HAL_Driver/Inc/stm32l4xx_hal_pwr_ex.h Drivers/STM32L4xx_HAL_Driver/Inc/stm32l4xx_hal_uart.h Drivers/STM32L4xx_HAL_Driver/Inc/stm32l4xx_hal_uart_ex.h
#  Implicit rule search has not been done.
#  Modification time never checked.
#  File has not been updated.

Drivers/CMSIS/Device/ST/STM32L4xx/Include/stm32l452xx.h:
#  Implicit rule search has been done.
#  Last modified 2022-06-27 10:56:25
#  File has been updated.
#  Successfully updated.
# variable set hash-table stats:
# Load=0/32=0%, Rehash=0, Collisions=0/0=0%

# Not a target:
Drivers/STM32L4xx_HAL_Driver/Src/stm32l4xx_hal_cortex.c:
#  Implicit rule search has not been done.
#  Modification time never checked.
#  File has not been updated.

Drivers/STM32L4xx_HAL_Driver/Inc/stm32l4xx_hal_rcc.h:
#  Implicit rule search has been done.
#  Last modified 2022-06-27 10:56:25
#  File has been updated.
#  Successfully updated.
# variable set hash-table stats:
# Load=0/32=0%, Rehash=0, Collisions=0/0=0%

# Not a target:
build/stm32l4xx_hal_rcc_ex.d:
#  A default, MAKEFILES, or -include/sinclude makefile.
#  Implicit rule search has been done.
#  Last modified 2022-07-05 16:09:50
#  File has been updated.
#  Successfully updated.
# variable set hash-table stats:
# Load=0/32=0%, Rehash=0, Collisions=0/0=0%

build/stm32l4xx_hal_msp.o: Core/Src/stm32l4xx_hal_msp.c Core/Inc/main.h Drivers/STM32L4xx_HAL_Driver/Inc/stm32l4xx_hal.h Core/Inc/stm32l4xx_hal_conf.h Drivers/STM32L4xx_HAL_Driver/Inc/stm32l4xx_hal_rcc.h Drivers/STM32L4xx_HAL_Driver/Inc/stm32l4xx_hal_def.h Drivers/CMSIS/Device/ST/STM32L4xx/Include/stm32l4xx.h Drivers/CMSIS/Device/ST/STM32L4xx/Include/stm32l452xx.h Drivers/CMSIS/Include/core_cm4.h Drivers/CMSIS/Include/cmsis_version.h Drivers/CMSIS/Include/cmsis_compiler.h Drivers/CMSIS/Include/cmsis_gcc.h Drivers/CMSIS/Include/mpu_armv7.h Drivers/CMSIS/Device/ST/STM32L4xx/Include/system_stm32l4xx.h Drivers/STM32L4xx_HAL_Driver/Inc/Legacy/stm32_hal_legacy.h Drivers/STM32L4xx_HAL_Driver/Inc/stm32l4xx_hal_rcc_ex.h Drivers/STM32L4xx_HAL_Driver/Inc/stm32l4xx_hal_gpio.h Drivers/STM32L4xx_HAL_Driver/Inc/stm32l4xx_hal_gpio_ex.h Drivers/STM32L4xx_HAL_Driver/Inc/stm32l4xx_hal_dma.h Drivers/STM32L4xx_HAL_Driver/Inc/stm32l4xx_hal_cortex.h Drivers/STM32L4xx_HAL_Driver/Inc/stm32l4xx_hal_exti.h Drivers/STM32L4xx_HAL_Driver/Inc/stm32l4xx_hal_flash.h Drivers/STM32L4xx_HAL_Driver/Inc/stm32l4xx_hal_flash_ex.h Drivers/STM32L4xx_HAL_Driver/Inc/stm32l4xx_hal_flash_ramfunc.h Drivers/STM32L4xx_HAL_Driver/Inc/stm32l4xx_hal_i2c.h Drivers/STM32L4xx_HAL_Driver/Inc/stm32l4xx_hal_i2c_ex.h Drivers/STM32L4xx_HAL_Driver/Inc/stm32l4xx_hal_pwr.h Drivers/STM32L4xx_HAL_Driver/Inc/stm32l4xx_hal_pwr_ex.h Drivers/STM32L4xx_HAL_Driver/Inc/stm32l4xx_hal_uart.h Drivers/STM32L4xx_HAL_Driver/Inc/stm32l4xx_hal_uart_ex.h
#  Implicit rule search has not been done.
#  Modification time never checked.
#  File has not been updated.

# Not a target:
.DEFAULT:
#  Implicit rule search has not been done.
#  Modification time never checked.
#  File has not been updated.

build/stm32l4xx_hal_gpio.o: Drivers/STM32L4xx_HAL_Driver/Src/stm32l4xx_hal_gpio.c Drivers/STM32L4xx_HAL_Driver/Inc/stm32l4xx_hal.h Core/Inc/stm32l4xx_hal_conf.h Drivers/STM32L4xx_HAL_Driver/Inc/stm32l4xx_hal_rcc.h Drivers/STM32L4xx_HAL_Driver/Inc/stm32l4xx_hal_def.h Drivers/CMSIS/Device/ST/STM32L4xx/Include/stm32l4xx.h Drivers/CMSIS/Device/ST/STM32L4xx/Include/stm32l452xx.h Drivers/CMSIS/Include/core_cm4.h Drivers/CMSIS/Include/cmsis_version.h Drivers/CMSIS/Include/cmsis_compiler.h Drivers/CMSIS/Include/cmsis_gcc.h Drivers/CMSIS/Include/mpu_armv7.h Drivers/CMSIS/Device/ST/STM32L4xx/Include/system_stm32l4xx.h Drivers/STM32L4xx_HAL_Driver/Inc/Legacy/stm32_hal_legacy.h Drivers/STM32L4xx_HAL_Driver/Inc/stm32l4xx_hal_rcc_ex.h Drivers/STM32L4xx_HAL_Driver/Inc/stm32l4xx_hal_gpio.h Drivers/STM32L4xx_HAL_Driver/Inc/stm32l4xx_hal_gpio_ex.h Drivers/STM32L4xx_HAL_Driver/Inc/stm32l4xx_hal_dma.h Drivers/STM32L4xx_HAL_Driver/Inc/stm32l4xx_hal_cortex.h Drivers/STM32L4xx_HAL_Driver/Inc/stm32l4xx_hal_exti.h Drivers/STM32L4xx_HAL_Driver/Inc/stm32l4xx_hal_flash.h Drivers/STM32L4xx_HAL_Driver/Inc/stm32l4xx_hal_flash_ex.h Drivers/STM32L4xx_HAL_Driver/Inc/stm32l4xx_hal_flash_ramfunc.h Drivers/STM32L4xx_HAL_Driver/Inc/stm32l4xx_hal_i2c.h Drivers/STM32L4xx_HAL_Driver/Inc/stm32l4xx_hal_i2c_ex.h Drivers/STM32L4xx_HAL_Driver/Inc/stm32l4xx_hal_pwr.h Drivers/STM32L4xx_HAL_Driver/Inc/stm32l4xx_hal_pwr_ex.h Drivers/STM32L4xx_HAL_Driver/Inc/stm32l4xx_hal_uart.h Drivers/STM32L4xx_HAL_Driver/Inc/stm32l4xx_hal_uart_ex.h
#  Implicit rule search has not been done.
#  Modification time never checked.
#  File has not been updated.

# Not a target:
Drivers/STM32L4xx_HAL_Driver/Src/stm32l4xx_hal_flash_ex.c:
#  Implicit rule search has not been done.
#  Modification time never checked.
#  File has not been updated.

# Not a target:
Core/Src/stm32l4xx_it.c:
#  Implicit rule search has not been done.
#  Modification time never checked.
#  File has not been updated.

Drivers/STM32L4xx_HAL_Driver/Inc/stm32l4xx_hal_exti.h:
#  Implicit rule search has been done.
#  Last modified 2022-06-27 10:56:25
#  File has been updated.
#  Successfully updated.
# variable set hash-table stats:
# Load=0/32=0%, Rehash=0, Collisions=0/0=0%

build/stm32l4xx_hal.o: Drivers/STM32L4xx_HAL_Driver/Src/stm32l4xx_hal.c Drivers/STM32L4xx_HAL_Driver/Inc/stm32l4xx_hal.h Core/Inc/stm32l4xx_hal_conf.h Drivers/STM32L4xx_HAL_Driver/Inc/stm32l4xx_hal_rcc.h Drivers/STM32L4xx_HAL_Driver/Inc/stm32l4xx_hal_def.h Drivers/CMSIS/Device/ST/STM32L4xx/Include/stm32l4xx.h Drivers/CMSIS/Device/ST/STM32L4xx/Include/stm32l452xx.h Drivers/CMSIS/Include/core_cm4.h Drivers/CMSIS/Include/cmsis_version.h Drivers/CMSIS/Include/cmsis_compiler.h Drivers/CMSIS/Include/cmsis_gcc.h Drivers/CMSIS/Include/mpu_armv7.h Drivers/CMSIS/Device/ST/STM32L4xx/Include/system_stm32l4xx.h Drivers/STM32L4xx_HAL_Driver/Inc/Legacy/stm32_hal_legacy.h Drivers/STM32L4xx_HAL_Driver/Inc/stm32l4xx_hal_rcc_ex.h Drivers/STM32L4xx_HAL_Driver/Inc/stm32l4xx_hal_gpio.h Drivers/STM32L4xx_HAL_Driver/Inc/stm32l4xx_hal_gpio_ex.h Drivers/STM32L4xx_HAL_Driver/Inc/stm32l4xx_hal_dma.h Drivers/STM32L4xx_HAL_Driver/Inc/stm32l4xx_hal_cortex.h Drivers/STM32L4xx_HAL_Driver/Inc/stm32l4xx_hal_exti.h Drivers/STM32L4xx_HAL_Driver/Inc/stm32l4xx_hal_flash.h Drivers/STM32L4xx_HAL_Driver/Inc/stm32l4xx_hal_flash_ex.h Drivers/STM32L4xx_HAL_Driver/Inc/stm32l4xx_hal_flash_ramfunc.h Drivers/STM32L4xx_HAL_Driver/Inc/stm32l4xx_hal_i2c.h Drivers/STM32L4xx_HAL_Driver/Inc/stm32l4xx_hal_i2c_ex.h Drivers/STM32L4xx_HAL_Driver/Inc/stm32l4xx_hal_pwr.h Drivers/STM32L4xx_HAL_Driver/Inc/stm32l4xx_hal_pwr_ex.h Drivers/STM32L4xx_HAL_Driver/Inc/stm32l4xx_hal_uart.h Drivers/STM32L4xx_HAL_Driver/Inc/stm32l4xx_hal_uart_ex.h
#  Implicit rule search has not been done.
#  Modification time never checked.
#  File has not been updated.

# Not a target:
build/stm32l4xx_hal_i2c.d:
#  A default, MAKEFILES, or -include/sinclude makefile.
#  Implicit rule search has been done.
#  Last modified 2022-07-05 16:09:43
#  File has been updated.
#  Successfully updated.
# variable set hash-table stats:
# Load=0/32=0%, Rehash=0, Collisions=0/0=0%

Drivers/STM32L4xx_HAL_Driver/Inc/stm32l4xx_hal_flash_ramfunc.h:
#  Implicit rule search has been done.
#  Last modified 2022-06-27 10:56:25
#  File has been updated.
#  Successfully updated.
# variable set hash-table stats:
# Load=0/32=0%, Rehash=0, Collisions=0/0=0%

# Not a target:
Drivers/STM32L4xx_HAL_Driver/Src/stm32l4xx_hal_dma_ex.c:
#  Implicit rule search has not been done.
#  Modification time never checked.
#  File has not been updated.

build/stm32l4xx_hal_rcc.o: Drivers/STM32L4xx_HAL_Driver/Src/stm32l4xx_hal_rcc.c Drivers/STM32L4xx_HAL_Driver/Inc/stm32l4xx_hal.h Core/Inc/stm32l4xx_hal_conf.h Drivers/STM32L4xx_HAL_Driver/Inc/stm32l4xx_hal_rcc.h Drivers/STM32L4xx_HAL_Driver/Inc/stm32l4xx_hal_def.h Drivers/CMSIS/Device/ST/STM32L4xx/Include/stm32l4xx.h Drivers/CMSIS/Device/ST/STM32L4xx/Include/stm32l452xx.h Drivers/CMSIS/Include/core_cm4.h Drivers/CMSIS/Include/cmsis_version.h Drivers/CMSIS/Include/cmsis_compiler.h Drivers/CMSIS/Include/cmsis_gcc.h Drivers/CMSIS/Include/mpu_armv7.h Drivers/CMSIS/Device/ST/STM32L4xx/Include/system_stm32l4xx.h Drivers/STM32L4xx_HAL_Driver/Inc/Legacy/stm32_hal_legacy.h Drivers/STM32L4xx_HAL_Driver/Inc/stm32l4xx_hal_rcc_ex.h Drivers/STM32L4xx_HAL_Driver/Inc/stm32l4xx_hal_gpio.h Drivers/STM32L4xx_HAL_Driver/Inc/stm32l4xx_hal_gpio_ex.h Drivers/STM32L4xx_HAL_Driver/Inc/stm32l4xx_hal_dma.h Drivers/STM32L4xx_HAL_Driver/Inc/stm32l4xx_hal_cortex.h Drivers/STM32L4xx_HAL_Driver/Inc/stm32l4xx_hal_exti.h Drivers/STM32L4xx_HAL_Driver/Inc/stm32l4xx_hal_flash.h Drivers/STM32L4xx_HAL_Driver/Inc/stm32l4xx_hal_flash_ex.h Drivers/STM32L4xx_HAL_Driver/Inc/stm32l4xx_hal_flash_ramfunc.h Drivers/STM32L4xx_HAL_Driver/Inc/stm32l4xx_hal_i2c.h Drivers/STM32L4xx_HAL_Driver/Inc/stm32l4xx_hal_i2c_ex.h Drivers/STM32L4xx_HAL_Driver/Inc/stm32l4xx_hal_pwr.h Drivers/STM32L4xx_HAL_Driver/Inc/stm32l4xx_hal_pwr_ex.h Drivers/STM32L4xx_HAL_Driver/Inc/stm32l4xx_hal_uart.h Drivers/STM32L4xx_HAL_Driver/Inc/stm32l4xx_hal_uart_ex.h
#  Implicit rule search has not been done.
#  Modification time never checked.
#  File has not been updated.

build/startup_stm32l452xx.o: startup_stm32l452xx.s
#  Implicit rule search has not been done.
#  Modification time never checked.
#  File has not been updated.

build/stm32l4xx_hal_tim.o: Drivers/STM32L4xx_HAL_Driver/Src/stm32l4xx_hal_tim.c Drivers/STM32L4xx_HAL_Driver/Inc/stm32l4xx_hal.h Core/Inc/stm32l4xx_hal_conf.h Drivers/STM32L4xx_HAL_Driver/Inc/stm32l4xx_hal_rcc.h Drivers/STM32L4xx_HAL_Driver/Inc/stm32l4xx_hal_def.h Drivers/CMSIS/Device/ST/STM32L4xx/Include/stm32l4xx.h Drivers/CMSIS/Device/ST/STM32L4xx/Include/stm32l452xx.h Drivers/CMSIS/Include/core_cm4.h Drivers/CMSIS/Include/cmsis_version.h Drivers/CMSIS/Include/cmsis_compiler.h Drivers/CMSIS/Include/cmsis_gcc.h Drivers/CMSIS/Include/mpu_armv7.h Drivers/CMSIS/Device/ST/STM32L4xx/Include/system_stm32l4xx.h Drivers/STM32L4xx_HAL_Driver/Inc/Legacy/stm32_hal_legacy.h Drivers/STM32L4xx_HAL_Driver/Inc/stm32l4xx_hal_rcc_ex.h Drivers/STM32L4xx_HAL_Driver/Inc/stm32l4xx_hal_gpio.h Drivers/STM32L4xx_HAL_Driver/Inc/stm32l4xx_hal_gpio_ex.h Drivers/STM32L4xx_HAL_Driver/Inc/stm32l4xx_hal_dma.h Drivers/STM32L4xx_HAL_Driver/Inc/stm32l4xx_hal_cortex.h Drivers/STM32L4xx_HAL_Driver/Inc/stm32l4xx_hal_exti.h Drivers/STM32L4xx_HAL_Driver/Inc/stm32l4xx_hal_flash.h Drivers/STM32L4xx_HAL_Driver/Inc/stm32l4xx_hal_flash_ex.h Drivers/STM32L4xx_HAL_Driver/Inc/stm32l4xx_hal_flash_ramfunc.h Drivers/STM32L4xx_HAL_Driver/Inc/stm32l4xx_hal_i2c.h Drivers/STM32L4xx_HAL_Driver/Inc/stm32l4xx_hal_i2c_ex.h Drivers/STM32L4xx_HAL_Driver/Inc/stm32l4xx_hal_pwr.h Drivers/STM32L4xx_HAL_Driver/Inc/stm32l4xx_hal_pwr_ex.h Drivers/STM32L4xx_HAL_Driver/Inc/stm32l4xx_hal_uart.h Drivers/STM32L4xx_HAL_Driver/Inc/stm32l4xx_hal_uart_ex.h
#  Implicit rule search has not been done.
#  Modification time never checked.
#  File has not been updated.

# Not a target:
build/stm32l4xx_hal_uart.d:
#  A default, MAKEFILES, or -include/sinclude makefile.
#  Implicit rule search has been done.
#  Last modified 2022-07-05 16:09:40
#  File has been updated.
#  Successfully updated.
# variable set hash-table stats:
# Load=0/32=0%, Rehash=0, Collisions=0/0=0%

# Not a target:
Drivers/STM32L4xx_HAL_Driver/Src/stm32l4xx_hal_gpio.c:
#  Implicit rule search has not been done.
#  Modification time never checked.
#  File has not been updated.

Drivers/STM32L4xx_HAL_Driver/Inc/Legacy/stm32_hal_legacy.h:
#  Implicit rule search has been done.
#  Last modified 2022-06-27 10:56:25
#  File has been updated.
#  Successfully updated.
# variable set hash-table stats:
# Load=0/32=0%, Rehash=0, Collisions=0/0=0%

build/stm32l4xx_hal_exti.o: Drivers/STM32L4xx_HAL_Driver/Src/stm32l4xx_hal_exti.c Drivers/STM32L4xx_HAL_Driver/Inc/stm32l4xx_hal.h Core/Inc/stm32l4xx_hal_conf.h Drivers/STM32L4xx_HAL_Driver/Inc/stm32l4xx_hal_rcc.h Drivers/STM32L4xx_HAL_Driver/Inc/stm32l4xx_hal_def.h Drivers/CMSIS/Device/ST/STM32L4xx/Include/stm32l4xx.h Drivers/CMSIS/Device/ST/STM32L4xx/Include/stm32l452xx.h Drivers/CMSIS/Include/core_cm4.h Drivers/CMSIS/Include/cmsis_version.h Drivers/CMSIS/Include/cmsis_compiler.h Drivers/CMSIS/Include/cmsis_gcc.h Drivers/CMSIS/Include/mpu_armv7.h Drivers/CMSIS/Device/ST/STM32L4xx/Include/system_stm32l4xx.h Drivers/STM32L4xx_HAL_Driver/Inc/Legacy/stm32_hal_legacy.h Drivers/STM32L4xx_HAL_Driver/Inc/stm32l4xx_hal_rcc_ex.h Drivers/STM32L4xx_HAL_Driver/Inc/stm32l4xx_hal_gpio.h Drivers/STM32L4xx_HAL_Driver/Inc/stm32l4xx_hal_gpio_ex.h Drivers/STM32L4xx_HAL_Driver/Inc/stm32l4xx_hal_dma.h Drivers/STM32L4xx_HAL_Driver/Inc/stm32l4xx_hal_cortex.h Drivers/STM32L4xx_HAL_Driver/Inc/stm32l4xx_hal_exti.h Drivers/STM32L4xx_HAL_Driver/Inc/stm32l4xx_hal_flash.h Drivers/STM32L4xx_HAL_Driver/Inc/stm32l4xx_hal_flash_ex.h Drivers/STM32L4xx_HAL_Driver/Inc/stm32l4xx_hal_flash_ramfunc.h Drivers/STM32L4xx_HAL_Driver/Inc/stm32l4xx_hal_i2c.h Drivers/STM32L4xx_HAL_Driver/Inc/stm32l4xx_hal_i2c_ex.h Drivers/STM32L4xx_HAL_Driver/Inc/stm32l4xx_hal_pwr.h Drivers/STM32L4xx_HAL_Driver/Inc/stm32l4xx_hal_pwr_ex.h Drivers/STM32L4xx_HAL_Driver/Inc/stm32l4xx_hal_uart.h Drivers/STM32L4xx_HAL_Driver/Inc/stm32l4xx_hal_uart_ex.h
#  Implicit rule search has not been done.
#  Modification time never checked.
#  File has not been updated.

Drivers/STM32L4xx_HAL_Driver/Inc/stm32l4xx_hal_gpio_ex.h:
#  Implicit rule search has been done.
#  Last modified 2022-06-27 10:56:25
#  File has been updated.
#  Successfully updated.
# variable set hash-table stats:
# Load=0/32=0%, Rehash=0, Collisions=0/0=0%

# Not a target:
Drivers/STM32L4xx_HAL_Driver/Src/stm32l4xx_hal.c:
#  Implicit rule search has not been done.
#  Modification time never checked.
#  File has not been updated.

build/stm32l4xx_hal_flash_ramfunc.o: Drivers/STM32L4xx_HAL_Driver/Src/stm32l4xx_hal_flash_ramfunc.c Drivers/STM32L4xx_HAL_Driver/Inc/stm32l4xx_hal.h Core/Inc/stm32l4xx_hal_conf.h Drivers/STM32L4xx_HAL_Driver/Inc/stm32l4xx_hal_rcc.h Drivers/STM32L4xx_HAL_Driver/Inc/stm32l4xx_hal_def.h Drivers/CMSIS/Device/ST/STM32L4xx/Include/stm32l4xx.h Drivers/CMSIS/Device/ST/STM32L4xx/Include/stm32l452xx.h Drivers/CMSIS/Include/core_cm4.h Drivers/CMSIS/Include/cmsis_version.h Drivers/CMSIS/Include/cmsis_compiler.h Drivers/CMSIS/Include/cmsis_gcc.h Drivers/CMSIS/Include/mpu_armv7.h Drivers/CMSIS/Device/ST/STM32L4xx/Include/system_stm32l4xx.h Drivers/STM32L4xx_HAL_Driver/Inc/Legacy/stm32_hal_legacy.h Drivers/STM32L4xx_HAL_Driver/Inc/stm32l4xx_hal_rcc_ex.h Drivers/STM32L4xx_HAL_Driver/Inc/stm32l4xx_hal_gpio.h Drivers/STM32L4xx_HAL_Driver/Inc/stm32l4xx_hal_gpio_ex.h Drivers/STM32L4xx_HAL_Driver/Inc/stm32l4xx_hal_dma.h Drivers/STM32L4xx_HAL_Driver/Inc/stm32l4xx_hal_cortex.h Drivers/STM32L4xx_HAL_Driver/Inc/stm32l4xx_hal_exti.h Drivers/STM32L4xx_HAL_Driver/Inc/stm32l4xx_hal_flash.h Drivers/STM32L4xx_HAL_Driver/Inc/stm32l4xx_hal_flash_ex.h Drivers/STM32L4xx_HAL_Driver/Inc/stm32l4xx_hal_flash_ramfunc.h Drivers/STM32L4xx_HAL_Driver/Inc/stm32l4xx_hal_i2c.h Drivers/STM32L4xx_HAL_Driver/Inc/stm32l4xx_hal_i2c_ex.h Drivers/STM32L4xx_HAL_Driver/Inc/stm32l4xx_hal_pwr.h Drivers/STM32L4xx_HAL_Driver/Inc/stm32l4xx_hal_pwr_ex.h Drivers/STM32L4xx_HAL_Driver/Inc/stm32l4xx_hal_uart.h Drivers/STM32L4xx_HAL_Driver/Inc/stm32l4xx_hal_uart_ex.h
#  Implicit rule search has not been done.
#  Modification time never checked.
#  File has not been updated.

# Not a target:
makefile:
#  Implicit rule search has been done.
#  Last modified 2022-07-04 22:35:47
#  File has been updated.
#  Successfully updated.
# variable set hash-table stats:
# Load=0/32=0%, Rehash=0, Collisions=0/0=0%

build:
#  Implicit rule search has not been done.
#  Last modified 2022-07-05 16:09:54
#  File has been updated.
#  Successfully updated.
#  commands to execute (from `makefile', line 181):
	mkdir $@		
	

# Not a target:
Drivers/STM32L4xx_HAL_Driver/Src/stm32l4xx_hal_rcc.c:
#  Implicit rule search has not been done.
#  Modification time never checked.
#  File has not been updated.

Drivers/STM32L4xx_HAL_Driver/Inc/stm32l4xx_hal_rcc_ex.h:
#  Implicit rule search has been done.
#  Last modified 2022-06-27 10:56:25
#  File has been updated.
#  Successfully updated.
# variable set hash-table stats:
# Load=0/32=0%, Rehash=0, Collisions=0/0=0%

# Not a target:
build/usart_sim.hex:
#  Implicit rule search has not been done.
#  Modification time never checked.
#  File has not been updated.

build/stm32l4xx_it.o: Core/Src/stm32l4xx_it.c Core/Inc/main.h Drivers/STM32L4xx_HAL_Driver/Inc/stm32l4xx_hal.h Core/Inc/stm32l4xx_hal_conf.h Drivers/STM32L4xx_HAL_Driver/Inc/stm32l4xx_hal_rcc.h Drivers/STM32L4xx_HAL_Driver/Inc/stm32l4xx_hal_def.h Drivers/CMSIS/Device/ST/STM32L4xx/Include/stm32l4xx.h Drivers/CMSIS/Device/ST/STM32L4xx/Include/stm32l452xx.h Drivers/CMSIS/Include/core_cm4.h Drivers/CMSIS/Include/cmsis_version.h Drivers/CMSIS/Include/cmsis_compiler.h Drivers/CMSIS/Include/cmsis_gcc.h Drivers/CMSIS/Include/mpu_armv7.h Drivers/CMSIS/Device/ST/STM32L4xx/Include/system_stm32l4xx.h Drivers/STM32L4xx_HAL_Driver/Inc/Legacy/stm32_hal_legacy.h Drivers/STM32L4xx_HAL_Driver/Inc/stm32l4xx_hal_rcc_ex.h Drivers/STM32L4xx_HAL_Driver/Inc/stm32l4xx_hal_gpio.h Drivers/STM32L4xx_HAL_Driver/Inc/stm32l4xx_hal_gpio_ex.h Drivers/STM32L4xx_HAL_Driver/Inc/stm32l4xx_hal_dma.h Drivers/STM32L4xx_HAL_Driver/Inc/stm32l4xx_hal_cortex.h Drivers/STM32L4xx_HAL_Driver/Inc/stm32l4xx_hal_exti.h Drivers/STM32L4xx_HAL_Driver/Inc/stm32l4xx_hal_flash.h Drivers/STM32L4xx_HAL_Driver/Inc/stm32l4xx_hal_flash_ex.h Drivers/STM32L4xx_HAL_Driver/Inc/stm32l4xx_hal_flash_ramfunc.h Drivers/STM32L4xx_HAL_Driver/Inc/stm32l4xx_hal_i2c.h Drivers/STM32L4xx_HAL_Driver/Inc/stm32l4xx_hal_i2c_ex.h Drivers/STM32L4xx_HAL_Driver/Inc/stm32l4xx_hal_pwr.h Drivers/STM32L4xx_HAL_Driver/Inc/stm32l4xx_hal_pwr_ex.h Drivers/STM32L4xx_HAL_Driver/Inc/stm32l4xx_hal_uart.h Drivers/STM32L4xx_HAL_Driver/Inc/stm32l4xx_hal_uart_ex.h Core/Inc/stm32l4xx_it.h
#  Implicit rule search has not been done.
#  Modification time never checked.
#  File has not been updated.

# Not a target:
build/stm32l4xx_hal_tim.d:
#  A default, MAKEFILES, or -include/sinclude makefile.
#  Implicit rule search has been done.
#  Last modified 2022-07-05 16:09:39
#  File has been updated.
#  Successfully updated.
# variable set hash-table stats:
# Load=0/32=0%, Rehash=0, Collisions=0/0=0%

# Not a target:
Drivers/STM32L4xx_HAL_Driver/Src/stm32l4xx_hal_exti.c:
#  Implicit rule search has not been done.
#  Modification time never checked.
#  File has not been updated.

Drivers/CMSIS/Device/ST/STM32L4xx/Include/system_stm32l4xx.h:
#  Implicit rule search has been done.
#  Last modified 2022-06-27 10:56:25
#  File has been updated.
#  Successfully updated.
# variable set hash-table stats:
# Load=0/32=0%, Rehash=0, Collisions=0/0=0%

# Not a target:
Drivers/STM32L4xx_HAL_Driver/Src/stm32l4xx_hal_flash_ramfunc.c:
#  Implicit rule search has not been done.
#  Modification time never checked.
#  File has not been updated.

Core/Inc/stm32l4xx_hal_conf.h:
#  Implicit rule search has been done.
#  Last modified 2022-07-04 22:23:28
#  File has been updated.
#  Successfully updated.
# variable set hash-table stats:
# Load=0/32=0%, Rehash=0, Collisions=0/0=0%

# Not a target:
build/stm32l4xx_hal_i2c_ex.d:
#  A default, MAKEFILES, or -include/sinclude makefile.
#  Implicit rule search has been done.
#  Last modified 2022 
-07-05 16:09:50
#  File has been updated.
#  Successfully updated.
# variable set hash-table stats:
# Load=0/32=0%, Rehash=0, Collisions=0/0=0%

build/stm32l4xx_hal_rcc_ex.o: Drivers/STM32L4xx_HAL_Driver/Src/stm32l4xx_hal_rcc_ex.c Drivers/STM32L4xx_HAL_Driver/Inc/stm32l4xx_hal.h Core/Inc/stm32l4xx_hal_conf.h Drivers/STM32L4xx_HAL_Driver/Inc/stm32l4xx_hal_rcc.h Drivers/STM32L4xx_HAL_Driver/Inc/stm32l4xx_hal_def.h Drivers/CMSIS/Device/ST/STM32L4xx/Include/stm32l4xx.h Drivers/CMSIS/Device/ST/STM32L4xx/Include/stm32l452xx.h Drivers/CMSIS/Include/core_cm4.h Drivers/CMSIS/Include/cmsis_version.h Drivers/CMSIS/Include/cmsis_compiler.h Drivers/CMSIS/Include/cmsis_gcc.h Drivers/CMSIS/Include/mpu_armv7.h Drivers/CMSIS/Device/ST/STM32L4xx/Include/system_stm32l4xx.h Drivers/STM32L4xx_HAL_Driver/Inc/Legacy/stm32_hal_legacy.h Drivers/STM32L4xx_HAL_Driver/Inc/stm32l4xx_hal_rcc_ex.h Drivers/STM32L4xx_HAL_Driver/Inc/stm32l4xx_hal_gpio.h Drivers/STM32L4xx_HAL_Driver/Inc/stm32l4xx_hal_gpio_ex.h Drivers/STM32L4xx_HAL_Driver/Inc/stm32l4xx_hal_dma.h Drivers/STM32L4xx_HAL_Driver/Inc/stm32l4xx_hal_cortex.h Drivers/STM32L4xx_HAL_Driver/Inc/stm32l4xx_hal_exti.h Drivers/STM32L4xx_HAL_Driver/Inc/stm32l4xx_hal_flash.h Drivers/STM32L4xx_HAL_Driver/Inc/stm32l4xx_hal_flash_ex.h Drivers/STM32L4xx_HAL_Driver/Inc/stm32l4xx_hal_flash_ramfunc.h Drivers/STM32L4xx_HAL_Driver/Inc/stm32l4xx_hal_i2c.h Drivers/STM32L4xx_HAL_Driver/Inc/stm32l4xx_hal_i2c_ex.h Drivers/STM32L4xx_HAL_Driver/Inc/stm32l4xx_hal_pwr.h Drivers/STM32L4xx_HAL_Driver/Inc/stm32l4xx_hal_pwr_ex.h Drivers/STM32L4xx_HAL_Driver/Inc/stm32l4xx_hal_uart.h Drivers/STM32L4xx_HAL_Driver/Inc/stm32l4xx_hal_uart_ex.h
#  Implicit rule search has not been done.
#  Modification time never checked.
#  File has not been updated.

Drivers/STM32L4xx_HAL_Driver/Inc/stm32l4xx_hal_uart.h:
#  Implicit rule search has been done.
#  Last modified 2022-06-27 10:56:25
#  File has been updated.
#  Successfully updated.
# variable set hash-table stats:
# Load=0/32=0%, Rehash=0, Collisions=0/0=0%

# Not a target:
bui 
ld/stm32l4xx_hal_pwr.d:
#  A default, MAKEFILES, or -include/sinclude makefile.
#  Implicit rule search has been done.
#  Last modified 2022-07-05 16:09:53
#  File has been updated.
#  Successfully updated.
# variable set hash-table stats:
# Load=0/32=0%, Rehash=0, Collisions=0/0=0%

Drivers/CMSIS/Include/mpu_armv7.h:
#  Implicit rule search has been done.
#  Last modified 2022-06-27 10:55:24
#  File has been updated.
#  Successfully updated.
# variable set hash-table stats:
# Load=0/32=0%, Rehash=0, Collis 
ions=0/0=0%

# Not a target:
build/stm32l4xx_hal_uart_ex.d:
#  A default, MAKEFILES, or -include/sinclude makefile.
#  Implicit rule search has been done.
#  Last modified 2022-07-05 16:09:42
#  File has been updated.
#  Successfully updated.
# variable set hash-table stats:
# Load=0/32=0%, Rehash=0, Collisions=0/0=0%

build/stm32l4xx_hal_i2c.o: Drivers/STM32L4xx_HAL_Driver/Src/stm32l4xx_hal_i2c.c Drivers/STM32L4xx_HAL_Driver/Inc/stm32l4xx_hal.h Core/Inc/stm32l4xx_hal_conf.h Drivers/STM32L4xx_HAL_Driver/Inc/stm32l4xx_hal_rcc.h Drivers/STM32L4xx_HAL_Driver/Inc/stm32l4xx_hal_def.h Drivers/CMSIS/Device/ST/STM32L4xx/Include/stm32l4xx.h Drivers/CMSIS/Device/ST/STM32L4xx/Include/stm32l452xx.h Drivers/CMSIS/Include/core_cm4.h Drivers/CMSIS/Include/cmsis_version.h Drivers/CMSIS/Include/cmsis_compiler.h Drivers/CMSIS/Include/cmsis_gcc.h Drivers/CMSIS/Include/mpu_armv7.h Drivers/CMSIS/Device/ST/STM32L4xx/Include/system_stm32l4xx.h Drivers/STM32L4xx_HAL_Driver/Inc/Legacy/stm32_hal_legacy.h Drivers/STM32L4xx_HAL_Driver/I 
nc/stm32l4xx_hal_rcc_ex.h Drivers/STM32L4xx_HAL_Driver/Inc/stm32l4xx_hal_gpio.h Drivers/STM32L4xx_HAL_Driver/Inc/stm32l4xx_hal_gpio_ex.h Drivers/STM32L4xx_HAL_Driver/Inc/stm32l4xx_hal_dma.h Drivers/STM32L4xx_HAL_Driver/Inc/stm32l4xx_hal_cortex.h Drivers/STM32L4xx_HAL_Driver/Inc/stm32l4xx_hal_exti.h Drivers/STM32L4xx_HAL_Driver/Inc/stm32l4xx_hal_flash.h Drivers/STM32L4xx_HAL_Driver/Inc/stm32l4xx_hal_flash_ex.h Drivers/STM32L4xx_HAL_Driver/Inc/stm32l4xx_hal_flash_ramfunc.h Drivers/STM32L4xx_HAL_Driver/Inc/stm32l4xx_hal_i2c.h Drivers/STM32L4xx_HAL_Driver/Inc/stm32l4xx_hal_i2c_ex.h Drivers/STM32L4xx_HAL_Driver/Inc/stm32l4xx_hal_pwr.h Drivers/STM32L4xx_HAL_Driver/Inc/stm32l4xx_hal_pwr_ex.h Drivers/STM32L4xx_HAL_Driver/Inc/stm32l4xx_hal_uart.h Drivers/STM32L4xx_HAL_Driver/Inc/stm32l4xx_hal_uart_ex.h
#  Implicit rule search has not been done.
#  Modification time never checked.
#  File has not been updated.

# Not a target:
.SUFFIXES:
#  Implicit rule search has not been done.
#  Modification time never checked.
#  File has not been updated.

build/usart_sim.elf: build/main.o build/stm32l4xx_it.o build/stm32l4xx_hal_msp.o build/stm32l4xx_hal_tim.o build/stm32l4xx_hal_tim_ex.o build/stm32l4xx_hal_uart.o build/stm32l4xx_hal_uart_ex.o build/stm32l4xx_hal.o build/stm32l4xx_hal_i2c.o build/stm32l4xx_hal_i2c_ex.o build/stm32l4xx_hal_rcc.o build/stm32l4xx_hal_rcc_ex.o build/stm32l4xx_hal_flash.o build/stm32l4xx_hal_flash_ex.o build/stm32l4xx_hal_flash_ramfunc.o build/stm32l4xx_hal_gpio.o build/stm32l4xx_hal_dma.o build/stm32 
l4xx_hal_dma_ex.o build/stm32l4xx_hal_pwr.o build/stm32l4xx_hal_pwr_ex.o build/stm32l4xx_hal_cortex.o build/stm32l4xx_hal_exti.o build/system_stm32l4xx.o build/startup_stm32l452xx.o makefile
#  Implicit rule search has not been done.
#  Last modified 2022-07-05 16:09:54
#  File has been updated.
#  Needs to be updated (-q is set).
# variable set hash-table stats:
# Load=0/32=0%, Rehash=0, Collisions=0/13=0%
#  commands to execute (from `makefile', line 171):
	$(CC) $(OBJECTS) $(LDFLAGS) -o $@
	$(SZ) $@
	

D 
rivers/CMSIS/Include/core_cm4.h:
#  Implicit rule search has been done.
#  Last modified 2022-06-27 10:55:24
#  File has been updated.
#  Successfully updated.
# variable set hash-table stats:
# Load=0/32=0%, Rehash=0, Collisions=0/0=0%

build/stm32l4xx_hal_uart.o: Drivers/STM32L4xx_HAL_Driver/Src/stm32l4xx_hal_uart.c Drivers/STM32L4xx_HAL_Driver/Inc/stm32l4xx_hal.h Core/Inc/stm32l4xx_hal_conf.h Drivers/STM32L4xx_HAL_Driver/Inc/stm32l4xx_hal_rcc.h Drivers/STM32L4xx_HAL_Driver/Inc/stm32l4xx_hal_def.h Drivers/CMSIS/Device/ST/STM32L4xx/Include/stm32l4xx.h Drivers/CMSIS/Device/ST/STM32L4xx/Include/stm32l452xx.h Drivers/CMSIS/Include/core_cm4.h Drivers/CMSIS/Include/cmsis_version.h Drivers/CMSIS/Include/cmsis_compiler.h Drivers/CMSIS/Include/cmsis_gcc.h Drivers/CMSIS/Include/mpu_armv7.h Drivers/CMSIS/Device/ST/STM32L4xx/Include/system_stm32l4xx.h Drivers/STM32L4xx_HAL_Driver/Inc/Legacy/stm32_hal_legacy.h Drivers/STM32L4xx_HAL_Driver/Inc/stm32l4xx_hal_rcc_ex.h Drivers/STM32L4xx_HAL_Driver/Inc/stm32l4xx_hal_gpio.h Drivers/STM32L4xx_HAL_Driver/Inc/stm32l4xx_hal_gpio_ex.h Drivers/STM32L4xx_HAL_Driver/Inc/stm32l4xx_hal_dma.h Drivers/STM32L4xx_HAL_Driver/Inc/stm32l4xx_hal_cortex.h Drivers/STM32L4xx_HAL_Driver/Inc/stm32l4xx_hal_exti.h Drivers/STM32L4xx_HAL_Driver/Inc/stm32l4xx_hal_flash.h Drivers/STM32L4xx_HAL_Driver/Inc/stm32l4xx_hal_flash_ex.h Drivers/STM32L4xx_HAL_Driver/Inc/stm32l4xx_hal_flash_ramfunc.h Drivers/STM32L4xx_HAL_Driver/Inc/stm32l4xx_hal_i2c.h Drivers/STM32L4xx_HAL_Driver/Inc/stm32l4xx_hal_i2c_ex.h Drivers/ 
STM32L4xx_HAL_Driver/Inc/stm32l4xx_hal_pwr.h Drivers/STM32L4xx_HAL_Driver/Inc/stm32l4xx_hal_pwr_ex.h Drivers/STM32L4xx_HAL_Driver/Inc/stm32l4xx_hal_uart.h Drivers/STM32L4xx_HAL_Driver/Inc/stm32l4xx_hal_uart_ex.h
#  Implicit rule search has not been done.
#  Modification time never checked.
#  File has not been updated.

# Not a target:
Drivers/STM32L4xx_HAL_Driver/Src/stm32l4xx_hal_rcc_ex.c:
#  Implicit rule search has not been done.
#  Modification time never checked.
#  File has not been updated.

# Not a 
 target:
build/stm32l4xx_hal_flash.d:
#  A default, MAKEFILES, or -include/sinclude makefile.
#  Implicit rule search has been done.
#  Last modified 2022-07-05 16:09:52
#  File has been updated.
#  Successfully updated.
# variable set hash-table stats:
# Load=0/32=0%, Rehash=0, Collisions=0/0=0%

# Not a target:
build/system_stm32l4xx.d:
#  A default, MAKEFILES, or -include/sinclude makefile.
#  Implicit rule search has been done.
#  Last modified 2022-07-05 16:09:54
#  File has been updated.
#  Successful 
ly updated.
# variable set hash-table stats:
# Load=0/32=0%, Rehash=0, Collisions=0/0=0%

# Not a target:
build/stm32l4xx_hal_dma.d:
#  A default, MAKEFILES, or -include/sinclude makefile.
#  Implicit rule search has been done.
#  Last modified 2022-07-05 16:09:53
#  File has been updated.
#  Successfully updated.
# variable set hash-table stats:
# Load=0/32=0%, Rehash=0, Collisions=0/0=0%

# Not a target:
Drivers/STM32L4xx_HAL_Driver/Src/stm32l4xx_hal_i2c.c:
#  Implicit rule search has not been done.
#  Mo 
dification time never checked.
#  File has not been updated.

# Not a target:
build/stm32l4xx_hal_tim_ex.d:
#  A default, MAKEFILES, or -include/sinclude makefile.
#  Implicit rule search has been done.
#  Last modified 2022-07-05 16:09:39
#  File has been updated.
#  Successfully updated.
# variable set hash-table stats:
# Load=0/32=0%, Rehash=0, Collisions=0/0=0%

Drivers/STM32L4xx_HAL_Driver/Inc/stm32l4xx_hal_i2c_ex.h:
#  Implicit rule search has been done.
#  Last modified 2022-06-27 10:56:25
#  File ha 
s been updated.
#  Successfully updated.
# variable set hash-table stats:
# Load=0/32=0%, Rehash=0, Collisions=0/0=0%

Core/Inc/main.h:
#  Implicit rule search has been done.
#  Last modified 2022-07-03 10:14:15
#  File has been updated.
#  Successfully updated.
# variable set hash-table stats:
# Load=0/32=0%, Rehash=0, Collisions=0/0=0%

# Not a target:
Core/Src/system_stm32l4xx.c:
#  Implicit rule search has not been done.
#  Modification time never checked.
#  File has not been updated.

Drivers/STM32L4x 
x_HAL_Driver/Inc/stm32l4xx_hal_pwr.h:
#  Implicit rule search has been done.
#  Last modified 2022-06-27 10:56:25
#  File has been updated.
#  Successfully updated.
# variable set hash-table stats:
# Load=0/32=0%, Rehash=0, Collisions=0/0=0%

# Not a target:
Drivers/STM32L4xx_HAL_Driver/Src/stm32l4xx_hal_uart.c:
#  Implicit rule search has not been done.
#  Modification time never checked.
#  File has not been updated.

clean:
#  Implicit rule search has not been done.
#  Modification time never checked.
#  
 File has not been updated.
#  commands to execute (from `makefile', line 187):
	-rm -fR $(BUILD_DIR)
	

Drivers/STM32L4xx_HAL_Driver/Inc/stm32l4xx_hal_uart_ex.h:
#  Implicit rule search has been done.
#  Last modified 2022-06-27 10:56:25
#  File has been updated.
#  Successfully updated.
# variable set hash-table stats:
# Load=0/32=0%, Rehash=0, Collisions=0/0=0%

# Not a target:
build/stm32l4xx_hal_pwr_ex.d:
#  A default, MAKEFILES, or -include/sinclude makefile.
#  Implicit rule search has been done.
#   
Last modified 2022-07-05 16:09:53
#  File has been updated.
#  Successfully updated.
# variable set hash-table stats:
# Load=0/32=0%, Rehash=0, Collisions=0/0=0%

Drivers/CMSIS/Include/cmsis_version.h:
#  Implicit rule search has been done.
#  Last modified 2022-06-27 10:55:24
#  File has been updated.
#  Successfully updated.
# variable set hash-table stats:
# Load=0/32=0%, Rehash=0, Collisions=0/0=0%

Drivers/STM32L4xx_HAL_Driver/Inc/stm32l4xx_hal_i2c.h:
#  Implicit rule search has been done.
#  Last modi 
fied 2022-06-27 10:56:25
#  File has been updated.
#  Successfully updated.
# variable set hash-table stats:
# Load=0/32=0%, Rehash=0, Collisions=0/0=0%

build/stm32l4xx_hal_i2c_ex.o: Drivers/STM32L4xx_HAL_Driver/Src/stm32l4xx_hal_i2c_ex.c Drivers/STM32L4xx_HAL_Driver/Inc/stm32l4xx_hal.h Core/Inc/stm32l4xx_hal_conf.h Drivers/STM32L4xx_HAL_Driver/Inc/stm32l4xx_hal_rcc.h Drivers/STM32L4xx_HAL_Driver/Inc/stm32l4xx_hal_def.h Drivers/CMSIS/Device/ST/STM32L4xx/Include/stm32l4xx.h Drivers/CMSIS/Device/ST/STM32L4xx/Include/stm32l452xx.h Drivers/CMSIS/Include/core_cm4.h Drivers/CMSIS/Include/cmsis_version.h Drivers/CMSIS/Include/cmsis_compiler.h Drivers/CMSIS/Include/cmsis_gcc.h Drivers/CMSIS/Include/mpu_armv7.h Drivers/CMSIS/Device/ST/STM32L4xx/Include/system_stm32l4xx.h Drivers/STM32L4xx_HAL_Driver/Inc/Legacy/stm32_hal_legacy.h Drivers/STM32L4xx_HAL_Driver/Inc/stm32l4xx_hal_rcc_ex.h Drivers/STM32L4xx_HAL_Driver/Inc/stm32l4xx_hal_gpio.h Drivers/STM32L4xx_HAL_Driver/Inc/stm32l4xx_hal_gpio_ex.h Drivers/STM32L4xx_HAL_Driver/Inc/stm32l4xx_hal_dma.h Drivers/STM32L4xx_HAL_Driver/Inc/stm32l4xx_hal_cortex.h Drivers/STM32L4xx_HAL_Driver/Inc/stm32l4xx_hal_exti.h Drivers/STM32L4xx_HAL_Driver/Inc/stm32l4xx_hal_flash.h Drivers/STM32L4xx_HAL_Driver/Inc/stm32l4xx_hal_flash_ex.h Drivers/STM32L4xx_HAL_Driver/Inc/stm32l4xx_hal_flash_ramfunc.h Drivers/STM32L4xx_HAL_Driver/Inc/stm32l4xx_hal_i2c.h Drivers/STM32L4xx_HAL_Driver/Inc/stm32l4xx_hal_i2c_ex.h Drivers/STM32L4xx_HAL_Driver/Inc/stm32l4xx_hal_pwr.h Drivers/STM32L4xx_HAL_Driver/Inc/st 
m32l4xx_hal_pwr_ex.h Drivers/STM32L4xx_HAL_Driver/Inc/stm32l4xx_hal_uart.h Drivers/STM32L4xx_HAL_Driver/Inc/stm32l4xx_hal_uart_ex.h
#  Implicit rule search has not been done.
#  Modification time never checked.
#  File has not been updated.

Drivers/CMSIS/Include/cmsis_gcc.h:
#  Implicit rule search has been done.
#  Last modified 2022-06-27 10:55:24
#  File has been updated.
#  Successfully updated.
# variable set hash-table stats:
# Load=0/32=0%, Rehash=0, Collisions=0/0=0%

# Not a target:
build/stm32l4x 
x_hal_cortex.d:
#  A default, MAKEFILES, or -include/sinclude makefile.
#  Implicit rule search has been done.
#  Last modified 2022-07-05 16:09:54
#  File has been updated.
#  Successfully updated.
# variable set hash-table stats:
# Load=0/32=0%, Rehash=0, Collisions=0/0=0%

build/stm32l4xx_hal_pwr.o: Drivers/STM32L4xx_HAL_Driver/Src/stm32l4xx_hal_pwr.c Drivers/STM32L4xx_HAL_Driver/Inc/stm32l4xx_hal.h Core/Inc/stm32l4xx_hal_conf.h Drivers/STM32L4xx_HAL_Driver/Inc/stm32l4xx_hal_rcc.h Drivers/STM32L4xx_HAL_Driver/Inc/stm32l4xx_hal_def.h Drivers/CMSIS/Device/ST/STM32L4xx/Include/stm32l4xx.h Drivers/CMSIS/Device/ST/STM32L4xx/Include/stm32l452xx.h Drivers/CMSIS/Include/core_cm4.h Drivers/CMSIS/Include/cmsis_version.h Drivers/CMSIS/Include/cmsis_compiler.h Drivers/CMSIS/Include/cmsis_gcc.h Drivers/CMSIS/Include/mpu_armv7.h Drivers/CMSIS/Device/ST/STM32L4xx/Include/system_stm32l4xx.h Drivers/STM32L4xx_HAL_Driver/Inc/Legacy/stm32_hal_legacy.h Drivers/STM32L4xx_HAL_Driver/Inc/stm32l4xx_hal_rcc_ex.h Drivers/STM32L4xx_ 
HAL_Driver/Inc/stm32l4xx_hal_gpio.h Drivers/STM32L4xx_HAL_Driver/Inc/stm32l4xx_hal_gpio_ex.h Drivers/STM32L4xx_HAL_Driver/Inc/stm32l4xx_hal_dma.h Drivers/STM32L4xx_HAL_Driver/Inc/stm32l4xx_hal_cortex.h Drivers/STM32L4xx_HAL_Driver/Inc/stm32l4xx_hal_exti.h Drivers/STM32L4xx_HAL_Driver/Inc/stm32l4xx_hal_flash.h Drivers/STM32L4xx_HAL_Driver/Inc/stm32l4xx_hal_flash_ex.h Drivers/STM32L4xx_HAL_Driver/Inc/stm32l4xx_hal_flash_ramfunc.h Drivers/STM32L4xx_HAL_Driver/Inc/stm32l4xx_hal_i2c.h Drivers/STM32L4xx_HAL_Driver/Inc/stm32l4xx_hal_i2c_ex.h Drivers/STM32L4xx_HAL_Driver/Inc/stm32l4xx_hal_pwr.h Drivers/STM32L4xx_HAL_Driver/Inc/stm32l4xx_hal_pwr_ex.h Drivers/STM32L4xx_HAL_Driver/Inc/stm32l4xx_hal_uart.h Drivers/STM32L4xx_HAL_Driver/Inc/stm32l4xx_hal_uart_ex.h
#  Implicit rule search has not been done.
#  Modification time never checked.
#  File has not been updated.

Drivers/STM32L4xx_HAL_Driver/Inc/stm32l4xx_hal_flash.h:
#  Implicit rule search has been done.
#  Last modified 2022-06-27 10:56:25
#  File has been upda 
ted.
#  Successfully updated.
# variable set hash-table stats:
# Load=0/32=0%, Rehash=0, Collisions=0/0=0%

# Not a target:
build/main.d:
#  A default, MAKEFILES, or -include/sinclude makefile.
#  Implicit rule search has been done.
#  Last modified 2022-07-05 16:09:39
#  File has been updated.
#  Successfully updated.
# variable set hash-table stats:
# Load=0/32=0%, Rehash=0, Collisions=0/0=0%

build/stm32l4xx_hal_uart_ex.o: Drivers/STM32L4xx_HAL_Driver/Src/stm32l4xx_hal_uart_ex.c Drivers/STM32L4xx_HAL_Driver/Inc/stm32l4xx_hal.h Core/Inc/stm32l4xx_hal_conf.h Drivers/STM32L4xx_HAL_Driver/Inc/stm32l4xx_hal_rcc.h Drivers/STM32L4xx_HAL_Driver/Inc/stm32l4xx_hal_def.h Drivers/CMSIS/Device/ST/STM32L4xx/Include/stm32l4xx.h Drivers/CMSIS/Device/ST/STM32L4xx/Include/stm32l452xx.h Drivers/CMSIS/Include/core_cm4.h Drivers/CMSIS/Include/cmsis_version.h Drivers/CMSIS/Include/cmsis_compiler.h Drivers/CMSIS/Include/cmsis_gcc.h Drivers/CMSIS/Include/mpu_armv7.h Drivers/CMSIS/Device/ST/STM32L4xx/Include/system_stm32l4xx.h Dri 
vers/STM32L4xx_HAL_Driver/Inc/Legacy/stm32_hal_legacy.h Drivers/STM32L4xx_HAL_Driver/Inc/stm32l4xx_hal_rcc_ex.h Drivers/STM32L4xx_HAL_Driver/Inc/stm32l4xx_hal_gpio.h Drivers/STM32L4xx_HAL_Driver/Inc/stm32l4xx_hal_gpio_ex.h Drivers/STM32L4xx_HAL_Driver/Inc/stm32l4xx_hal_dma.h Drivers/STM32L4xx_HAL_Driver/Inc/stm32l4xx_hal_cortex.h Drivers/STM32L4xx_HAL_Driver/Inc/stm32l4xx_hal_exti.h Drivers/STM32L4xx_HAL_Driver/Inc/stm32l4xx_hal_flash.h Drivers/STM32L4xx_HAL_Driver/Inc/stm32l4xx_hal_flash_ex.h Drivers/STM32L4xx_HAL_Driver/Inc/stm32l4xx_hal_flash_ramfunc.h Drivers/STM32L4xx_HAL_Driver/Inc/stm32l4xx_hal_i2c.h Drivers/STM32L4xx_HAL_Driver/Inc/stm32l4xx_hal_i2c_ex.h Drivers/STM32L4xx_HAL_Driver/Inc/stm32l4xx_hal_pwr.h Drivers/STM32L4xx_HAL_Driver/Inc/stm32l4xx_hal_pwr_ex.h Drivers/STM32L4xx_HAL_Driver/Inc/stm32l4xx_hal_uart.h Drivers/STM32L4xx_HAL_Driver/Inc/stm32l4xx_hal_uart_ex.h
#  Implicit rule search has not been done.
#  Modification time never checked.
#  File has not been updated.

# Not a target:
build/s 
tm32l4xx_hal_flash_ex.d:
#  A default, MAKEFILES, or -include/sinclude makefile.
#  Implicit rule search has been done.
#  Last modified 2022-07-05 16:09:52
#  File has been updated.
#  Successfully updated.
# variable set hash-table stats:
# Load=0/32=0%, Rehash=0, Collisions=0/0=0%

# Not a target:
Drivers/STM32L4xx_HAL_Driver/Src/stm32l4xx_hal_tim.c:
#  Implicit rule search has not been done.
#  Modification time never checked.
#  File has not been updated.

Drivers/CMSIS/Device/ST/STM32L4xx/Include/stm3 
2l4xx.h:
#  Implicit rule search has been done.
#  Last modified 2022-06-27 10:56:25
#  File has been updated.
#  Successfully updated.
# variable set hash-table stats:
# Load=0/32=0%, Rehash=0, Collisions=0/0=0%

Drivers/STM32L4xx_HAL_Driver/Inc/stm32l4xx_hal_dma.h:
#  Implicit rule search has been done.
#  Last modified 2022-06-27 10:56:25
#  File has been updated.
#  Successfully updated.
# variable set hash-table stats:
# Load=0/32=0%, Rehash=0, Collisions=0/0=0%

# Not a target:
build/stm32l4xx_hal_dma 
_ex.d:
#  A default, MAKEFILES, or -include/sinclude makefile.
#  Implicit rule search has been done.
#  Last modified 2022-07-05 16:09:53
#  File has been updated.
#  Successfully updated.
# variable set hash-table stats:
# Load=0/32=0%, Rehash=0, Collisions=0/0=0%

# Not a target:
Drivers/STM32L4xx_HAL_Driver/Src/stm32l4xx_hal_i2c_ex.c:
#  Implicit rule search has not been done.
#  Modification time never checked.
#  File has not been updated.

build/stm32l4xx_hal_dma.o: Drivers/STM32L4xx_HAL_Driver/Src/stm32l4xx_hal_dma.c Drivers/STM32L4xx_HAL_Driver/Inc/stm32l4xx_hal.h Core/Inc/stm32l4xx_hal_conf.h Drivers/STM32L4xx_HAL_Driver/Inc/stm32l4xx_hal_rcc.h Drivers/STM32L4xx_HAL_Driver/Inc/stm32l4xx_hal_def.h Drivers/CMSIS/Device/ST/STM32L4xx/Include/stm32l4xx.h Drivers/CMSIS/Device/ST/STM32L4xx/Include/stm32l452xx.h Drivers/CMSIS/Include/core_cm4.h Drivers/CMSIS/Include/cmsis_version.h Drivers/CMSIS/Include/cmsis_compiler.h Drivers/CMSIS/Include/cmsis_gcc.h Drivers/CMSIS/Include/mpu_armv7.h Drivers/CMSIS/Device 
/ST/STM32L4xx/Include/system_stm32l4xx.h Drivers/STM32L4xx_HAL_Driver/Inc/Legacy/stm32_hal_legacy.h Drivers/STM32L4xx_HAL_Driver/Inc/stm32l4xx_hal_rcc_ex.h Drivers/STM32L4xx_HAL_Driver/Inc/stm32l4xx_hal_gpio.h Drivers/STM32L4xx_HAL_Driver/Inc/stm32l4xx_hal_gpio_ex.h Drivers/STM32L4xx_HAL_Driver/Inc/stm32l4xx_hal_dma.h Drivers/STM32L4xx_HAL_Driver/Inc/stm32l4xx_hal_cortex.h Drivers/STM32L4xx_HAL_Driver/Inc/stm32l4xx_hal_exti.h Drivers/STM32L4xx_HAL_Driver/Inc/stm32l4xx_hal_flash.h Drivers/STM32L4xx_HAL_Driver/Inc/stm32l4xx_hal_flash_ex.h Drivers/STM32L4xx_HAL_Driver/Inc/stm32l4xx_hal_flash_ramfunc.h Drivers/STM32L4xx_HAL_Driver/Inc/stm32l4xx_hal_i2c.h Drivers/STM32L4xx_HAL_Driver/Inc/stm32l4xx_hal_i2c_ex.h Drivers/STM32L4xx_HAL_Driver/Inc/stm32l4xx_hal_pwr.h Drivers/STM32L4xx_HAL_Driver/Inc/stm32l4xx_hal_pwr_ex.h Drivers/STM32L4xx_HAL_Driver/Inc/stm32l4xx_hal_uart.h Drivers/STM32L4xx_HAL_Driver/Inc/stm32l4xx_hal_uart_ex.h
#  Implicit rule search has not been done.
#  Modification time never checked.
#  File has not been updated.

build/stm32l4xx_hal_flash.o: Drivers/STM32L4xx_HAL_Driver/Src/stm32l4xx_hal_flash.c Drivers/STM32L4xx_HAL_Driver/Inc/stm32l4xx_hal.h Core/Inc/stm32l4xx_hal_conf.h Drivers/STM32L4xx_HAL_Driver/Inc/stm32l4xx_hal_rcc.h Drivers/STM32L4xx_HAL_Driver/Inc/stm32l4xx_hal_def.h Drivers/CMSIS/Device/ST/STM32L4xx/Include/stm32l4xx.h Drivers/CMSIS/Device/ST/STM32L4xx/Include/stm32l452xx.h Drivers/CMSIS/Include/core_cm4.h Drivers/CMSIS/Include/cmsis_version.h Drivers/CMSIS/Include/cmsis_compiler.h Drivers/CMSIS/Include/cmsis_gcc.h Drivers/CMSIS/Include/mpu_armv7.h Drivers/CMSIS/Device/ST/STM32L4xx/Include/system_stm32l4xx.h Drivers/STM32L4xx_HAL_Driver/Inc/Legacy/stm32_hal_legacy.h Drivers/STM32L4xx_HAL_Driver/Inc/stm32l4xx_hal_rcc_ex.h Drivers/STM32L4xx_HAL_Driver/Inc/stm32l4xx_hal_gpio.h Drivers/STM32L4xx_HAL_Driver/Inc/stm32l4xx_hal_gpio_ex.h Drivers/STM32L4xx_HAL_Driver/Inc/stm32l4xx_hal_dma.h Drivers/STM32L4xx_HAL_Driver/Inc/stm32l4xx_hal_cortex.h Drivers/STM32L4xx_HAL_Driver/Inc/stm32l4xx_hal_exti.h Drivers/STM32L4xx_HAL_Driver/Inc/stm32l4xx_hal_flash.h Drivers/STM32L4xx_HAL_Driver/Inc/stm32l4xx_hal_flash_ex.h Drivers/STM32L4xx_HAL_Driver/Inc/stm32l4xx_hal_flash_ramfunc.h Drivers/STM32L4xx_HAL_Driver/Inc/stm32l4xx_hal_i2c.h Drivers/STM32L4xx_HAL_Driver/Inc/stm32l4xx_hal_i2c_ex.h Drivers/STM32L4xx_HAL_Driver/Inc/stm32l4xx_hal_pwr.h Drivers/STM32L4xx_HAL_Driver/Inc/stm32l4xx_hal_pwr_ex.h Drivers/STM32L4xx_HAL_Driver/Inc/stm32l4xx_hal_uart.h Drivers/STM32L4xx_HAL_Driver/Inc/stm32l4xx_hal_uart_ex.h
#   
Implicit rule search has not been done.
#  Modification time never checked.
#  File has not been updated.

# Not a target:
Core/Src/main.c:
#  Implicit rule search has been done.
#  Last modified 2022-07-05 18:58:29
#  File has been updated.
#  Successfully updated.
# variable set hash-table stats:
# Load=0/32=0%, Rehash=0, Collisions=0/0=0%

# Not a target:
Drivers/STM32L4xx_HAL_Driver/Src/stm32l4xx_hal_pwr.c:
#  Implicit rule search has not been done.
#  Modification time never checked.
#  File has not be 
en updated.

# Not a target:
build/stm32l4xx_hal_msp.d:
#  A default, MAKEFILES, or -include/sinclude makefile.
#  Implicit rule search has been done.
#  Last modified 2022-07-05 16:09:39
#  File has been updated.
#  Successfully updated.
# variable set hash-table stats:
# Load=0/32=0%, Rehash=0, Collisions=0/0=0%

Drivers/STM32L4xx_HAL_Driver/Inc/stm32l4xx_hal_pwr_ex.h:
#  Implicit rule search has been done.
#  Last modified 2022-06-27 10:56:25
#  File has been updated.
#  Successfully updated.
# variable  
set hash-table stats:
# Load=0/32=0%, Rehash=0, Collisions=0/0=0%

# Not a target:
Drivers/STM32L4xx_HAL_Driver/Src/stm32l4xx_hal_uart_ex.c:
#  Implicit rule search has not been done.
#  Modification time never checked.
#  File has not been updated.

# Not a target:
build/stm32l4xx_hal_gpio.d:
#  A default, MAKEFILES, or -include/sinclude makefile.
#  Implicit rule search has been done.
#  Last modified 2022-07-05 16:09:53
#  File has been updated.
#  Successfully updated.
# variable set hash-table stats:
# 
 Load=0/32=0%, Rehash=0, Collisions=0/0=0%

Drivers/CMSIS/Include/cmsis_compiler.h:
#  Implicit rule search has been done.
#  Last modified 2022-06-27 10:55:24
#  File has been updated.
#  Successfully updated.
# variable set hash-table stats:
# Load=0/32=0%, Rehash=0, Collisions=0/0=0%

build/stm32l4xx_hal_tim_ex.o: Drivers/STM32L4xx_HAL_Driver/Src/stm32l4xx_hal_tim_ex.c Drivers/STM32L4xx_HAL_Driver/Inc/stm32l4xx_hal.h Core/Inc/stm32l4xx_hal_conf.h Drivers/STM32L4xx_HAL_Driver/Inc/stm32l4xx_hal_rcc.h Drivers/STM32L4xx_HAL_Driver/Inc/stm32l4xx_hal_def.h Drivers/CMSIS/Device/ST/STM32L4xx/Include/stm32l4xx.h Drivers/CMSIS/Device/ST/STM32L4xx/Include/stm32l452xx.h Drivers/CMSIS/Include/core_cm4.h Drivers/CMSIS/Include/cmsis_version.h Drivers/CMSIS/Include/cmsis_compiler.h Drivers/CMSIS/Include/cmsis_gcc.h Drivers/CMSIS/Include/mpu_armv7.h Drivers/CMSIS/Device/ST/STM32L4xx/Include/system_stm32l4xx.h Drivers/STM32L4xx_HAL_Driver/Inc/Legacy/stm32_hal_legacy.h Drivers/STM32L4xx_HAL_Driver/Inc/stm32l4xx_hal_rcc_ex.h  
Drivers/STM32L4xx_HAL_Driver/Inc/stm32l4xx_hal_gpio.h Drivers/STM32L4xx_HAL_Driver/Inc/stm32l4xx_hal_gpio_ex.h Drivers/STM32L4xx_HAL_Driver/Inc/stm32l4xx_hal_dma.h Drivers/STM32L4xx_HAL_Driver/Inc/stm32l4xx_hal_cortex.h Drivers/STM32L4xx_HAL_Driver/Inc/stm32l4xx_hal_exti.h Drivers/STM32L4xx_HAL_Driver/Inc/stm32l4xx_hal_flash.h Drivers/STM32L4xx_HAL_Driver/Inc/stm32l4xx_hal_flash_ex.h Drivers/STM32L4xx_HAL_Driver/Inc/stm32l4xx_hal_flash_ramfunc.h Drivers/STM32L4xx_HAL_Driver/Inc/stm32l4xx_hal_i2c.h Drivers/S 
TM32L4xx_HAL_Driver/Inc/stm32l4xx_hal_i2c_ex.h Drivers/STM32L4xx_HAL_Driver/Inc/stm32l4xx_hal_pwr.h Drivers/STM32L4xx_HAL_Driver/Inc/stm32l4xx_hal_pwr_ex.h Drivers/STM32L4xx_HAL_Driver/Inc/stm32l4xx_hal_uart.h Drivers/STM32L4xx_HAL_Driver/Inc/stm32l4xx_hal_uart_ex.h
#  Implicit rule search has not been done.
#  Modification time never checked.
#  File has not been updated.

# Not a target:
build/stm32l4xx_hal.d:
#  A default, MAKEFILES, or -include/sinclude makefile.
#  Implicit rule search has been done.
# 
  Last modified 2022-07-05 16:09:43
#  File has been updated.
#  Successfully updated.
# variable set hash-table stats:
# Load=0/32=0%, Rehash=0, Collisions=0/0=0%

build/system_stm32l4xx.o: Core/Src/system_stm32l4xx.c Drivers/CMSIS/Device/ST/STM32L4xx/Include/stm32l4xx.h Drivers/CMSIS/Device/ST/STM32L4xx/Include/stm32l452xx.h Drivers/CMSIS/Include/core_cm4.h Drivers/CMSIS/Include/cmsis_version.h Drivers/CMSIS/Include/cmsis_compiler.h Drivers/CMSIS/Include/cmsis_gcc.h Drivers/CMSIS/Include/mpu_armv7.h Drivers/CMSIS/Device/ST/STM32L4xx/Include/system_stm32l4xx.h Drivers/STM32L4xx_HAL_Driver/Inc/stm32l4xx_hal.h Core/Inc/stm32l4xx_hal_conf.h Drivers/STM32L4xx_HAL_Driver/Inc/stm32l4xx_hal_rcc.h Drivers/STM32L4xx_HAL_Driver/Inc/stm32l4xx_hal_def.h Drivers/STM32L4xx_HAL_Driver/Inc/Legacy/stm32_hal_legacy.h Drivers/STM32L4xx_HAL_Driver/Inc/stm32l4xx_hal_rcc_ex.h Drivers/STM32L4xx_HAL_Driver/Inc/stm32l4xx_hal_gpio.h Drivers/STM32L4xx_HAL_Driver/Inc/stm32l4xx_hal_gpio_ex.h Drivers/STM32L4xx_HAL_Driver/Inc/stm32l4xx_hal_dma.h Drivers/STM32L4xx_HAL_Driver/Inc/stm32l4xx_hal_cortex.h Drivers/STM32L4xx_HAL_Driver/Inc/stm32l4xx_hal_exti.h Drivers/STM32L4xx_HAL_Driver/Inc/stm32l4xx_hal_flash.h Drivers/STM32L4xx_HAL_Driver/Inc/stm32l4xx_hal_flash_ex.h Drivers/STM32L4xx_HAL_Driver/Inc/stm32l4xx_hal_flash_ramfunc.h Drivers/STM32L4xx_HAL_Driver/Inc/stm32l4xx_hal_i2c.h Drivers/STM32L4xx_HAL_Driver/Inc/stm32l4xx_hal_i2c_ex.h Drivers/STM32L4xx_HAL_Driver/Inc/stm32l4xx_hal_pwr.h Drivers/STM32L4xx_HAL_Driver/Inc/stm32l4xx_hal_pwr_ex.h  
Drivers/STM32L4xx_HAL_Driver/Inc/stm32l4xx_hal_uart.h Drivers/STM32L4xx_HAL_Driver/Inc/stm32l4xx_hal_uart_ex.h
#  Implicit rule search has not been done.
#  Modification time never checked.
#  File has not been updated.

Drivers/STM32L4xx_HAL_Driver/Inc/stm32l4xx_hal_cortex.h:
#  Implicit rule search has been done.
#  Last modified 2022-06-27 10:56:25
#  File has been updated.
#  Successfully updated.
# variable set hash-table stats:
# Load=0/32=0%, Rehash=0, Collisions=0/0=0%

# Not a target:
build/stm32l4 
xx_hal_rcc.d:
#  A default, MAKEFILES, or -include/sinclude makefile.
#  Implicit rule search has been done.
#  Last modified 2022-07-05 16:09:50
#  File has been updated.
#  Successfully updated.
# variable set hash-table stats:
# Load=0/32=0%, Rehash=0, Collisions=0/0=0%

# Not a target:
build/startup_stm32l452xx.d:
#  A default, MAKEFILES, or -include/sinclude makefile.
#  Implicit rule search has been done.
#  Last modified 2022-07-05 16:09:54
#  File has been updated.
#  Successfully updated.
# variabl 
e set hash-table stats:
# Load=0/32=0%, Rehash=0, Collisions=0/0=0%

# Not a target:
Drivers/STM32L4xx_HAL_Driver/Src/stm32l4xx_hal_flash.c:
#  Implicit rule search has not been done.
#  Modification time never checked.
#  File has not been updated.

# Not a target:
Core/Src/stm32l4xx_hal_msp.c:
#  Implicit rule search has not been done.
#  Modification time never checked.
#  File has not been updated.

build/stm32l4xx_hal_pwr_ex.o: Drivers/STM32L4xx_HAL_Driver/Src/stm32l4xx_hal_pwr_ex.c Drivers/STM32L4xx_HAL_Driver/Inc/stm32l4xx_hal.h Core/Inc/stm32l4xx_hal_conf.h Drivers/STM32L4xx_HAL_Driver/Inc/stm32l4xx_hal_rcc.h Drivers/STM32L4xx_HAL_Driver/Inc/stm32l4xx_hal_def.h Drivers/CMSIS/Device/ST/STM32L4xx/Include/stm32l4xx.h Drivers/CMSIS/Device/ST/STM32L4xx/Include/stm32l452xx.h Drivers/CMSIS/Include/core_cm4.h Drivers/CMSIS/Include/cmsis_version.h Drivers/CMSIS/Include/cmsis_compiler.h Drivers/CMSIS/Include/cmsis_gcc.h Drivers/CMSIS/Include/mpu_armv7.h Drivers/CMSIS/Device/ST/STM32L4xx/Include/system_stm32l4xx 
.h Drivers/STM32L4xx_HAL_Driver/Inc/Legacy/stm32_hal_legacy.h Drivers/STM32L4xx_HAL_Driver/Inc/stm32l4xx_hal_rcc_ex.h Drivers/STM32L4xx_HAL_Driver/Inc/stm32l4xx_hal_gpio.h Drivers/STM32L4xx_HAL_Driver/Inc/stm32l4xx_hal_gpio_ex.h Drivers/STM32L4xx_HAL_Driver/Inc/stm32l4xx_hal_dma.h Drivers/STM32L4xx_HAL_Driver/Inc/stm32l4xx_hal_cortex.h Drivers/STM32L4xx_HAL_Driver/Inc/stm32l4xx_hal_exti.h Drivers/STM32L4xx_HAL_Driver/Inc/stm32l4xx_hal_flash.h Drivers/STM32L4xx_HAL_Driver/Inc/stm32l4xx_hal_flash_ex.h Drivers/STM32L4xx_HAL_Driver/Inc/stm32l4xx_hal_flash_ramfunc.h Drivers/STM32L4xx_HAL_Driver/Inc/stm32l4xx_hal_i2c.h Drivers/STM32L4xx_HAL_Driver/Inc/stm32l4xx_hal_i2c_ex.h Drivers/STM32L4xx_HAL_Driver/Inc/stm32l4xx_hal_pwr.h Drivers/STM32L4xx_HAL_Driver/Inc/stm32l4xx_hal_pwr_ex.h Drivers/STM32L4xx_HAL_Driver/Inc/stm32l4xx_hal_uart.h Drivers/STM32L4xx_HAL_Driver/Inc/stm32l4xx_hal_uart_ex.h
#  Implicit rule search has not been done.
#  Modification time never checked.
#  File has not been updated.

Drivers/STM32L4xx 
_HAL_Driver/Inc/stm32l4xx_hal_flash_ex.h:
#  Implicit rule search has been done.
#  Last modified 2022-06-27 10:56:25
#  File has been updated.
#  Successfully updated.
# variable set hash-table stats:
# Load=0/32=0%, Rehash=0, Collisions=0/0=0%

# files hash-table stats:
# Load=111/1024=11%, Rehash=0, Collisions=107/1479=7%
# VPATH Search Paths

vpath %.c Core/Src;Drivers/STM32L4xx_HAL_Driver/Src

# 1 `vpath' search paths.

# No general (`VPATH' variable) search path.

# # of strings in strcache: 25
# # of 
 strcache buffers: 1
# strcache size: total = 4096 / max = 4096 / min = 4096 / avg = 4096
# strcache free: total = 3442 / max = 3442 / min = 3442 / avg = 3442

# Finished Make data base on Wed Jul 06 08:56:21 2022

 
