ARM GAS  C:\Users\ngocc\AppData\Local\Temp\cchvEyqs.s 			page 1


   1              		.cpu cortex-m4
   2              		.eabi_attribute 27, 1
   3              		.eabi_attribute 28, 1
   4              		.eabi_attribute 20, 1
   5              		.eabi_attribute 21, 1
   6              		.eabi_attribute 23, 3
   7              		.eabi_attribute 24, 1
   8              		.eabi_attribute 25, 1
   9              		.eabi_attribute 26, 1
  10              		.eabi_attribute 30, 1
  11              		.eabi_attribute 34, 1
  12              		.eabi_attribute 18, 4
  13              		.file	"stm32l4xx_hal_msp.c"
  14              		.text
  15              	.Ltext0:
  16              		.cfi_sections	.debug_frame
  17              		.section	.text.HAL_MspInit,"ax",%progbits
  18              		.align	1
  19              		.global	HAL_MspInit
  20              		.arch armv7e-m
  21              		.syntax unified
  22              		.thumb
  23              		.thumb_func
  24              		.fpu fpv4-sp-d16
  26              	HAL_MspInit:
  27              	.LFB132:
  28              		.file 1 "Core/Src/stm32l4xx_hal_msp.c"
   1:Core/Src/stm32l4xx_hal_msp.c **** /* USER CODE BEGIN Header */
   2:Core/Src/stm32l4xx_hal_msp.c **** /**
   3:Core/Src/stm32l4xx_hal_msp.c ****   ******************************************************************************
   4:Core/Src/stm32l4xx_hal_msp.c ****   * @file         stm32l4xx_hal_msp.c
   5:Core/Src/stm32l4xx_hal_msp.c ****   * @brief        This file provides code for the MSP Initialization
   6:Core/Src/stm32l4xx_hal_msp.c ****   *               and de-Initialization codes.
   7:Core/Src/stm32l4xx_hal_msp.c ****   ******************************************************************************
   8:Core/Src/stm32l4xx_hal_msp.c ****   * @attention
   9:Core/Src/stm32l4xx_hal_msp.c ****   *
  10:Core/Src/stm32l4xx_hal_msp.c ****   * Copyright (c) 2022 STMicroelectronics.
  11:Core/Src/stm32l4xx_hal_msp.c ****   * All rights reserved.
  12:Core/Src/stm32l4xx_hal_msp.c ****   *
  13:Core/Src/stm32l4xx_hal_msp.c ****   * This software is licensed under terms that can be found in the LICENSE file
  14:Core/Src/stm32l4xx_hal_msp.c ****   * in the root directory of this software component.
  15:Core/Src/stm32l4xx_hal_msp.c ****   * If no LICENSE file comes with this software, it is provided AS-IS.
  16:Core/Src/stm32l4xx_hal_msp.c ****   *
  17:Core/Src/stm32l4xx_hal_msp.c ****   ******************************************************************************
  18:Core/Src/stm32l4xx_hal_msp.c ****   */
  19:Core/Src/stm32l4xx_hal_msp.c **** /* USER CODE END Header */
  20:Core/Src/stm32l4xx_hal_msp.c **** 
  21:Core/Src/stm32l4xx_hal_msp.c **** /* Includes ------------------------------------------------------------------*/
  22:Core/Src/stm32l4xx_hal_msp.c **** #include "main.h"
  23:Core/Src/stm32l4xx_hal_msp.c **** /* USER CODE BEGIN Includes */
  24:Core/Src/stm32l4xx_hal_msp.c **** 
  25:Core/Src/stm32l4xx_hal_msp.c **** /* USER CODE END Includes */
  26:Core/Src/stm32l4xx_hal_msp.c **** 
  27:Core/Src/stm32l4xx_hal_msp.c **** /* Private typedef -----------------------------------------------------------*/
  28:Core/Src/stm32l4xx_hal_msp.c **** /* USER CODE BEGIN TD */
  29:Core/Src/stm32l4xx_hal_msp.c **** 
  30:Core/Src/stm32l4xx_hal_msp.c **** /* USER CODE END TD */
ARM GAS  C:\Users\ngocc\AppData\Local\Temp\cchvEyqs.s 			page 2


  31:Core/Src/stm32l4xx_hal_msp.c **** 
  32:Core/Src/stm32l4xx_hal_msp.c **** /* Private define ------------------------------------------------------------*/
  33:Core/Src/stm32l4xx_hal_msp.c **** /* USER CODE BEGIN Define */
  34:Core/Src/stm32l4xx_hal_msp.c **** 
  35:Core/Src/stm32l4xx_hal_msp.c **** /* USER CODE END Define */
  36:Core/Src/stm32l4xx_hal_msp.c **** 
  37:Core/Src/stm32l4xx_hal_msp.c **** /* Private macro -------------------------------------------------------------*/
  38:Core/Src/stm32l4xx_hal_msp.c **** /* USER CODE BEGIN Macro */
  39:Core/Src/stm32l4xx_hal_msp.c **** 
  40:Core/Src/stm32l4xx_hal_msp.c **** /* USER CODE END Macro */
  41:Core/Src/stm32l4xx_hal_msp.c **** 
  42:Core/Src/stm32l4xx_hal_msp.c **** /* Private variables ---------------------------------------------------------*/
  43:Core/Src/stm32l4xx_hal_msp.c **** /* USER CODE BEGIN PV */
  44:Core/Src/stm32l4xx_hal_msp.c **** 
  45:Core/Src/stm32l4xx_hal_msp.c **** /* USER CODE END PV */
  46:Core/Src/stm32l4xx_hal_msp.c **** 
  47:Core/Src/stm32l4xx_hal_msp.c **** /* Private function prototypes -----------------------------------------------*/
  48:Core/Src/stm32l4xx_hal_msp.c **** /* USER CODE BEGIN PFP */
  49:Core/Src/stm32l4xx_hal_msp.c **** 
  50:Core/Src/stm32l4xx_hal_msp.c **** /* USER CODE END PFP */
  51:Core/Src/stm32l4xx_hal_msp.c **** 
  52:Core/Src/stm32l4xx_hal_msp.c **** /* External functions --------------------------------------------------------*/
  53:Core/Src/stm32l4xx_hal_msp.c **** /* USER CODE BEGIN ExternalFunctions */
  54:Core/Src/stm32l4xx_hal_msp.c **** 
  55:Core/Src/stm32l4xx_hal_msp.c **** /* USER CODE END ExternalFunctions */
  56:Core/Src/stm32l4xx_hal_msp.c **** 
  57:Core/Src/stm32l4xx_hal_msp.c **** /* USER CODE BEGIN 0 */
  58:Core/Src/stm32l4xx_hal_msp.c **** 
  59:Core/Src/stm32l4xx_hal_msp.c **** /* USER CODE END 0 */
  60:Core/Src/stm32l4xx_hal_msp.c **** /**
  61:Core/Src/stm32l4xx_hal_msp.c ****   * Initializes the Global MSP.
  62:Core/Src/stm32l4xx_hal_msp.c ****   */
  63:Core/Src/stm32l4xx_hal_msp.c **** void HAL_MspInit(void)
  64:Core/Src/stm32l4xx_hal_msp.c **** {
  29              		.loc 1 64 1 view -0
  30              		.cfi_startproc
  31              		@ args = 0, pretend = 0, frame = 8
  32              		@ frame_needed = 0, uses_anonymous_args = 0
  33              		@ link register save eliminated.
  34 0000 82B0     		sub	sp, sp, #8
  35              	.LCFI0:
  36              		.cfi_def_cfa_offset 8
  65:Core/Src/stm32l4xx_hal_msp.c ****   /* USER CODE BEGIN MspInit 0 */
  66:Core/Src/stm32l4xx_hal_msp.c **** 
  67:Core/Src/stm32l4xx_hal_msp.c ****   /* USER CODE END MspInit 0 */
  68:Core/Src/stm32l4xx_hal_msp.c **** 
  69:Core/Src/stm32l4xx_hal_msp.c ****   __HAL_RCC_SYSCFG_CLK_ENABLE();
  37              		.loc 1 69 3 view .LVU1
  38              	.LBB2:
  39              		.loc 1 69 3 view .LVU2
  40              		.loc 1 69 3 view .LVU3
  41 0002 0A4B     		ldr	r3, .L3
  42 0004 1A6E     		ldr	r2, [r3, #96]
  43 0006 42F00102 		orr	r2, r2, #1
  44 000a 1A66     		str	r2, [r3, #96]
  45              		.loc 1 69 3 view .LVU4
  46 000c 1A6E     		ldr	r2, [r3, #96]
ARM GAS  C:\Users\ngocc\AppData\Local\Temp\cchvEyqs.s 			page 3


  47 000e 02F00102 		and	r2, r2, #1
  48 0012 0092     		str	r2, [sp]
  49              		.loc 1 69 3 view .LVU5
  50 0014 009A     		ldr	r2, [sp]
  51              	.LBE2:
  52              		.loc 1 69 3 view .LVU6
  70:Core/Src/stm32l4xx_hal_msp.c ****   __HAL_RCC_PWR_CLK_ENABLE();
  53              		.loc 1 70 3 view .LVU7
  54              	.LBB3:
  55              		.loc 1 70 3 view .LVU8
  56              		.loc 1 70 3 view .LVU9
  57 0016 9A6D     		ldr	r2, [r3, #88]
  58 0018 42F08052 		orr	r2, r2, #268435456
  59 001c 9A65     		str	r2, [r3, #88]
  60              		.loc 1 70 3 view .LVU10
  61 001e 9B6D     		ldr	r3, [r3, #88]
  62 0020 03F08053 		and	r3, r3, #268435456
  63 0024 0193     		str	r3, [sp, #4]
  64              		.loc 1 70 3 view .LVU11
  65 0026 019B     		ldr	r3, [sp, #4]
  66              	.LBE3:
  67              		.loc 1 70 3 view .LVU12
  71:Core/Src/stm32l4xx_hal_msp.c **** 
  72:Core/Src/stm32l4xx_hal_msp.c ****   /* System interrupt init*/
  73:Core/Src/stm32l4xx_hal_msp.c **** 
  74:Core/Src/stm32l4xx_hal_msp.c ****   /* USER CODE BEGIN MspInit 1 */
  75:Core/Src/stm32l4xx_hal_msp.c **** 
  76:Core/Src/stm32l4xx_hal_msp.c ****   /* USER CODE END MspInit 1 */
  77:Core/Src/stm32l4xx_hal_msp.c **** }
  68              		.loc 1 77 1 is_stmt 0 view .LVU13
  69 0028 02B0     		add	sp, sp, #8
  70              	.LCFI1:
  71              		.cfi_def_cfa_offset 0
  72              		@ sp needed
  73 002a 7047     		bx	lr
  74              	.L4:
  75              		.align	2
  76              	.L3:
  77 002c 00100240 		.word	1073876992
  78              		.cfi_endproc
  79              	.LFE132:
  81              		.section	.text.HAL_UART_MspInit,"ax",%progbits
  82              		.align	1
  83              		.global	HAL_UART_MspInit
  84              		.syntax unified
  85              		.thumb
  86              		.thumb_func
  87              		.fpu fpv4-sp-d16
  89              	HAL_UART_MspInit:
  90              	.LVL0:
  91              	.LFB133:
  78:Core/Src/stm32l4xx_hal_msp.c **** 
  79:Core/Src/stm32l4xx_hal_msp.c **** /**
  80:Core/Src/stm32l4xx_hal_msp.c **** * @brief UART MSP Initialization
  81:Core/Src/stm32l4xx_hal_msp.c **** * This function configures the hardware resources used in this example
  82:Core/Src/stm32l4xx_hal_msp.c **** * @param huart: UART handle pointer
  83:Core/Src/stm32l4xx_hal_msp.c **** * @retval None
ARM GAS  C:\Users\ngocc\AppData\Local\Temp\cchvEyqs.s 			page 4


  84:Core/Src/stm32l4xx_hal_msp.c **** */
  85:Core/Src/stm32l4xx_hal_msp.c **** void HAL_UART_MspInit(UART_HandleTypeDef* huart)
  86:Core/Src/stm32l4xx_hal_msp.c **** {
  92              		.loc 1 86 1 is_stmt 1 view -0
  93              		.cfi_startproc
  94              		@ args = 0, pretend = 0, frame = 152
  95              		@ frame_needed = 0, uses_anonymous_args = 0
  96              		.loc 1 86 1 is_stmt 0 view .LVU15
  97 0000 30B5     		push	{r4, r5, lr}
  98              	.LCFI2:
  99              		.cfi_def_cfa_offset 12
 100              		.cfi_offset 4, -12
 101              		.cfi_offset 5, -8
 102              		.cfi_offset 14, -4
 103 0002 A7B0     		sub	sp, sp, #156
 104              	.LCFI3:
 105              		.cfi_def_cfa_offset 168
 106 0004 0446     		mov	r4, r0
  87:Core/Src/stm32l4xx_hal_msp.c ****   GPIO_InitTypeDef GPIO_InitStruct = {0};
 107              		.loc 1 87 3 is_stmt 1 view .LVU16
 108              		.loc 1 87 20 is_stmt 0 view .LVU17
 109 0006 0021     		movs	r1, #0
 110 0008 2191     		str	r1, [sp, #132]
 111 000a 2291     		str	r1, [sp, #136]
 112 000c 2391     		str	r1, [sp, #140]
 113 000e 2491     		str	r1, [sp, #144]
 114 0010 2591     		str	r1, [sp, #148]
  88:Core/Src/stm32l4xx_hal_msp.c ****   RCC_PeriphCLKInitTypeDef PeriphClkInit = {0};
 115              		.loc 1 88 3 is_stmt 1 view .LVU18
 116              		.loc 1 88 28 is_stmt 0 view .LVU19
 117 0012 6822     		movs	r2, #104
 118 0014 07A8     		add	r0, sp, #28
 119              	.LVL1:
 120              		.loc 1 88 28 view .LVU20
 121 0016 FFF7FEFF 		bl	memset
 122              	.LVL2:
  89:Core/Src/stm32l4xx_hal_msp.c ****   if(huart->Instance==UART4)
 123              		.loc 1 89 3 is_stmt 1 view .LVU21
 124              		.loc 1 89 11 is_stmt 0 view .LVU22
 125 001a 2368     		ldr	r3, [r4]
 126              		.loc 1 89 5 view .LVU23
 127 001c 4F4A     		ldr	r2, .L19
 128 001e 9342     		cmp	r3, r2
 129 0020 07D0     		beq	.L13
  90:Core/Src/stm32l4xx_hal_msp.c ****   {
  91:Core/Src/stm32l4xx_hal_msp.c ****   /* USER CODE BEGIN UART4_MspInit 0 */
  92:Core/Src/stm32l4xx_hal_msp.c **** 
  93:Core/Src/stm32l4xx_hal_msp.c ****   /* USER CODE END UART4_MspInit 0 */
  94:Core/Src/stm32l4xx_hal_msp.c **** 
  95:Core/Src/stm32l4xx_hal_msp.c ****   /** Initializes the peripherals clock
  96:Core/Src/stm32l4xx_hal_msp.c ****   */
  97:Core/Src/stm32l4xx_hal_msp.c ****     PeriphClkInit.PeriphClockSelection = RCC_PERIPHCLK_UART4;
  98:Core/Src/stm32l4xx_hal_msp.c ****     PeriphClkInit.Uart4ClockSelection = RCC_UART4CLKSOURCE_PCLK1;
  99:Core/Src/stm32l4xx_hal_msp.c ****     if (HAL_RCCEx_PeriphCLKConfig(&PeriphClkInit) != HAL_OK)
 100:Core/Src/stm32l4xx_hal_msp.c ****     {
 101:Core/Src/stm32l4xx_hal_msp.c ****       Error_Handler();
 102:Core/Src/stm32l4xx_hal_msp.c ****     }
ARM GAS  C:\Users\ngocc\AppData\Local\Temp\cchvEyqs.s 			page 5


 103:Core/Src/stm32l4xx_hal_msp.c **** 
 104:Core/Src/stm32l4xx_hal_msp.c ****     /* Peripheral clock enable */
 105:Core/Src/stm32l4xx_hal_msp.c ****     __HAL_RCC_UART4_CLK_ENABLE();
 106:Core/Src/stm32l4xx_hal_msp.c **** 
 107:Core/Src/stm32l4xx_hal_msp.c ****     __HAL_RCC_GPIOC_CLK_ENABLE();
 108:Core/Src/stm32l4xx_hal_msp.c ****     /**UART4 GPIO Configuration
 109:Core/Src/stm32l4xx_hal_msp.c ****     PC10     ------> UART4_TX
 110:Core/Src/stm32l4xx_hal_msp.c ****     PC11     ------> UART4_RX
 111:Core/Src/stm32l4xx_hal_msp.c ****     */
 112:Core/Src/stm32l4xx_hal_msp.c ****     GPIO_InitStruct.Pin = GPIO_PIN_10|GPIO_PIN_11;
 113:Core/Src/stm32l4xx_hal_msp.c ****     GPIO_InitStruct.Mode = GPIO_MODE_AF_PP;
 114:Core/Src/stm32l4xx_hal_msp.c ****     GPIO_InitStruct.Pull = GPIO_NOPULL;
 115:Core/Src/stm32l4xx_hal_msp.c ****     GPIO_InitStruct.Speed = GPIO_SPEED_FREQ_VERY_HIGH;
 116:Core/Src/stm32l4xx_hal_msp.c ****     GPIO_InitStruct.Alternate = GPIO_AF8_UART4;
 117:Core/Src/stm32l4xx_hal_msp.c ****     HAL_GPIO_Init(GPIOC, &GPIO_InitStruct);
 118:Core/Src/stm32l4xx_hal_msp.c **** 
 119:Core/Src/stm32l4xx_hal_msp.c ****   /* USER CODE BEGIN UART4_MspInit 1 */
 120:Core/Src/stm32l4xx_hal_msp.c **** 
 121:Core/Src/stm32l4xx_hal_msp.c ****   /* USER CODE END UART4_MspInit 1 */
 122:Core/Src/stm32l4xx_hal_msp.c ****   }
 123:Core/Src/stm32l4xx_hal_msp.c ****   else if(huart->Instance==USART1)
 130              		.loc 1 123 8 is_stmt 1 view .LVU24
 131              		.loc 1 123 10 is_stmt 0 view .LVU25
 132 0022 4F4A     		ldr	r2, .L19+4
 133 0024 9342     		cmp	r3, r2
 134 0026 30D0     		beq	.L14
 124:Core/Src/stm32l4xx_hal_msp.c ****   {
 125:Core/Src/stm32l4xx_hal_msp.c ****   /* USER CODE BEGIN USART1_MspInit 0 */
 126:Core/Src/stm32l4xx_hal_msp.c **** 
 127:Core/Src/stm32l4xx_hal_msp.c ****   /* USER CODE END USART1_MspInit 0 */
 128:Core/Src/stm32l4xx_hal_msp.c **** 
 129:Core/Src/stm32l4xx_hal_msp.c ****   /** Initializes the peripherals clock
 130:Core/Src/stm32l4xx_hal_msp.c ****   */
 131:Core/Src/stm32l4xx_hal_msp.c ****     PeriphClkInit.PeriphClockSelection = RCC_PERIPHCLK_USART1;
 132:Core/Src/stm32l4xx_hal_msp.c ****     PeriphClkInit.Usart1ClockSelection = RCC_USART1CLKSOURCE_PCLK2;
 133:Core/Src/stm32l4xx_hal_msp.c ****     if (HAL_RCCEx_PeriphCLKConfig(&PeriphClkInit) != HAL_OK)
 134:Core/Src/stm32l4xx_hal_msp.c ****     {
 135:Core/Src/stm32l4xx_hal_msp.c ****       Error_Handler();
 136:Core/Src/stm32l4xx_hal_msp.c ****     }
 137:Core/Src/stm32l4xx_hal_msp.c **** 
 138:Core/Src/stm32l4xx_hal_msp.c ****     /* Peripheral clock enable */
 139:Core/Src/stm32l4xx_hal_msp.c ****     __HAL_RCC_USART1_CLK_ENABLE();
 140:Core/Src/stm32l4xx_hal_msp.c **** 
 141:Core/Src/stm32l4xx_hal_msp.c ****     __HAL_RCC_GPIOA_CLK_ENABLE();
 142:Core/Src/stm32l4xx_hal_msp.c ****     /**USART1 GPIO Configuration
 143:Core/Src/stm32l4xx_hal_msp.c ****     PA9     ------> USART1_TX
 144:Core/Src/stm32l4xx_hal_msp.c ****     PA10     ------> USART1_RX
 145:Core/Src/stm32l4xx_hal_msp.c ****     */
 146:Core/Src/stm32l4xx_hal_msp.c ****     GPIO_InitStruct.Pin = GPIO_PIN_9|GPIO_PIN_10;
 147:Core/Src/stm32l4xx_hal_msp.c ****     GPIO_InitStruct.Mode = GPIO_MODE_AF_PP;
 148:Core/Src/stm32l4xx_hal_msp.c ****     GPIO_InitStruct.Pull = GPIO_NOPULL;
 149:Core/Src/stm32l4xx_hal_msp.c ****     GPIO_InitStruct.Speed = GPIO_SPEED_FREQ_VERY_HIGH;
 150:Core/Src/stm32l4xx_hal_msp.c ****     GPIO_InitStruct.Alternate = GPIO_AF7_USART1;
 151:Core/Src/stm32l4xx_hal_msp.c ****     HAL_GPIO_Init(GPIOA, &GPIO_InitStruct);
 152:Core/Src/stm32l4xx_hal_msp.c **** 
 153:Core/Src/stm32l4xx_hal_msp.c ****     /* USART1 interrupt Init */
 154:Core/Src/stm32l4xx_hal_msp.c ****     HAL_NVIC_SetPriority(USART1_IRQn, 1, 0);
ARM GAS  C:\Users\ngocc\AppData\Local\Temp\cchvEyqs.s 			page 6


 155:Core/Src/stm32l4xx_hal_msp.c ****     HAL_NVIC_EnableIRQ(USART1_IRQn);
 156:Core/Src/stm32l4xx_hal_msp.c ****   /* USER CODE BEGIN USART1_MspInit 1 */
 157:Core/Src/stm32l4xx_hal_msp.c **** 
 158:Core/Src/stm32l4xx_hal_msp.c ****   /* USER CODE END USART1_MspInit 1 */
 159:Core/Src/stm32l4xx_hal_msp.c ****   }
 160:Core/Src/stm32l4xx_hal_msp.c ****   else if(huart->Instance==USART3)
 135              		.loc 1 160 8 is_stmt 1 view .LVU26
 136              		.loc 1 160 10 is_stmt 0 view .LVU27
 137 0028 4E4A     		ldr	r2, .L19+8
 138 002a 9342     		cmp	r3, r2
 139 002c 62D0     		beq	.L15
 140              	.LVL3:
 141              	.L5:
 161:Core/Src/stm32l4xx_hal_msp.c ****   {
 162:Core/Src/stm32l4xx_hal_msp.c ****   /* USER CODE BEGIN USART3_MspInit 0 */
 163:Core/Src/stm32l4xx_hal_msp.c **** 
 164:Core/Src/stm32l4xx_hal_msp.c ****   /* USER CODE END USART3_MspInit 0 */
 165:Core/Src/stm32l4xx_hal_msp.c **** 
 166:Core/Src/stm32l4xx_hal_msp.c ****   /** Initializes the peripherals clock
 167:Core/Src/stm32l4xx_hal_msp.c ****   */
 168:Core/Src/stm32l4xx_hal_msp.c ****     PeriphClkInit.PeriphClockSelection = RCC_PERIPHCLK_USART3;
 169:Core/Src/stm32l4xx_hal_msp.c ****     PeriphClkInit.Usart3ClockSelection = RCC_USART3CLKSOURCE_PCLK1;
 170:Core/Src/stm32l4xx_hal_msp.c ****     if (HAL_RCCEx_PeriphCLKConfig(&PeriphClkInit) != HAL_OK)
 171:Core/Src/stm32l4xx_hal_msp.c ****     {
 172:Core/Src/stm32l4xx_hal_msp.c ****       Error_Handler();
 173:Core/Src/stm32l4xx_hal_msp.c ****     }
 174:Core/Src/stm32l4xx_hal_msp.c **** 
 175:Core/Src/stm32l4xx_hal_msp.c ****     /* Peripheral clock enable */
 176:Core/Src/stm32l4xx_hal_msp.c ****     __HAL_RCC_USART3_CLK_ENABLE();
 177:Core/Src/stm32l4xx_hal_msp.c **** 
 178:Core/Src/stm32l4xx_hal_msp.c ****     __HAL_RCC_GPIOB_CLK_ENABLE();
 179:Core/Src/stm32l4xx_hal_msp.c ****     /**USART3 GPIO Configuration
 180:Core/Src/stm32l4xx_hal_msp.c ****     PB10     ------> USART3_TX
 181:Core/Src/stm32l4xx_hal_msp.c ****     PB11     ------> USART3_RX
 182:Core/Src/stm32l4xx_hal_msp.c ****     */
 183:Core/Src/stm32l4xx_hal_msp.c ****     GPIO_InitStruct.Pin = GPIO_PIN_10|GPIO_PIN_11;
 184:Core/Src/stm32l4xx_hal_msp.c ****     GPIO_InitStruct.Mode = GPIO_MODE_AF_PP;
 185:Core/Src/stm32l4xx_hal_msp.c ****     GPIO_InitStruct.Pull = GPIO_NOPULL;
 186:Core/Src/stm32l4xx_hal_msp.c ****     GPIO_InitStruct.Speed = GPIO_SPEED_FREQ_VERY_HIGH;
 187:Core/Src/stm32l4xx_hal_msp.c ****     GPIO_InitStruct.Alternate = GPIO_AF7_USART3;
 188:Core/Src/stm32l4xx_hal_msp.c ****     HAL_GPIO_Init(GPIOB, &GPIO_InitStruct);
 189:Core/Src/stm32l4xx_hal_msp.c **** 
 190:Core/Src/stm32l4xx_hal_msp.c ****     /* USART3 interrupt Init */
 191:Core/Src/stm32l4xx_hal_msp.c ****     HAL_NVIC_SetPriority(USART3_IRQn, 2, 0);
 192:Core/Src/stm32l4xx_hal_msp.c ****     HAL_NVIC_EnableIRQ(USART3_IRQn);
 193:Core/Src/stm32l4xx_hal_msp.c ****   /* USER CODE BEGIN USART3_MspInit 1 */
 194:Core/Src/stm32l4xx_hal_msp.c **** 
 195:Core/Src/stm32l4xx_hal_msp.c ****   /* USER CODE END USART3_MspInit 1 */
 196:Core/Src/stm32l4xx_hal_msp.c ****   }
 197:Core/Src/stm32l4xx_hal_msp.c **** 
 198:Core/Src/stm32l4xx_hal_msp.c **** }
 142              		.loc 1 198 1 view .LVU28
 143 002e 27B0     		add	sp, sp, #156
 144              	.LCFI4:
 145              		.cfi_remember_state
 146              		.cfi_def_cfa_offset 12
 147              		@ sp needed
ARM GAS  C:\Users\ngocc\AppData\Local\Temp\cchvEyqs.s 			page 7


 148 0030 30BD     		pop	{r4, r5, pc}
 149              	.LVL4:
 150              	.L13:
 151              	.LCFI5:
 152              		.cfi_restore_state
  97:Core/Src/stm32l4xx_hal_msp.c ****     PeriphClkInit.Uart4ClockSelection = RCC_UART4CLKSOURCE_PCLK1;
 153              		.loc 1 97 5 is_stmt 1 view .LVU29
  97:Core/Src/stm32l4xx_hal_msp.c ****     PeriphClkInit.Uart4ClockSelection = RCC_UART4CLKSOURCE_PCLK1;
 154              		.loc 1 97 40 is_stmt 0 view .LVU30
 155 0032 0823     		movs	r3, #8
 156 0034 0793     		str	r3, [sp, #28]
  98:Core/Src/stm32l4xx_hal_msp.c ****     if (HAL_RCCEx_PeriphCLKConfig(&PeriphClkInit) != HAL_OK)
 157              		.loc 1 98 5 is_stmt 1 view .LVU31
  99:Core/Src/stm32l4xx_hal_msp.c ****     {
 158              		.loc 1 99 5 view .LVU32
  99:Core/Src/stm32l4xx_hal_msp.c ****     {
 159              		.loc 1 99 9 is_stmt 0 view .LVU33
 160 0036 07A8     		add	r0, sp, #28
 161 0038 FFF7FEFF 		bl	HAL_RCCEx_PeriphCLKConfig
 162              	.LVL5:
  99:Core/Src/stm32l4xx_hal_msp.c ****     {
 163              		.loc 1 99 8 view .LVU34
 164 003c 10BB     		cbnz	r0, .L16
 165              	.L7:
 105:Core/Src/stm32l4xx_hal_msp.c **** 
 166              		.loc 1 105 5 is_stmt 1 view .LVU35
 167              	.LBB4:
 105:Core/Src/stm32l4xx_hal_msp.c **** 
 168              		.loc 1 105 5 view .LVU36
 105:Core/Src/stm32l4xx_hal_msp.c **** 
 169              		.loc 1 105 5 view .LVU37
 170 003e 4A4B     		ldr	r3, .L19+12
 171 0040 9A6D     		ldr	r2, [r3, #88]
 172 0042 42F40022 		orr	r2, r2, #524288
 173 0046 9A65     		str	r2, [r3, #88]
 105:Core/Src/stm32l4xx_hal_msp.c **** 
 174              		.loc 1 105 5 view .LVU38
 175 0048 9A6D     		ldr	r2, [r3, #88]
 176 004a 02F40022 		and	r2, r2, #524288
 177 004e 0192     		str	r2, [sp, #4]
 105:Core/Src/stm32l4xx_hal_msp.c **** 
 178              		.loc 1 105 5 view .LVU39
 179 0050 019A     		ldr	r2, [sp, #4]
 180              	.LBE4:
 105:Core/Src/stm32l4xx_hal_msp.c **** 
 181              		.loc 1 105 5 view .LVU40
 107:Core/Src/stm32l4xx_hal_msp.c ****     /**UART4 GPIO Configuration
 182              		.loc 1 107 5 view .LVU41
 183              	.LBB5:
 107:Core/Src/stm32l4xx_hal_msp.c ****     /**UART4 GPIO Configuration
 184              		.loc 1 107 5 view .LVU42
 107:Core/Src/stm32l4xx_hal_msp.c ****     /**UART4 GPIO Configuration
 185              		.loc 1 107 5 view .LVU43
 186 0052 DA6C     		ldr	r2, [r3, #76]
 187 0054 42F00402 		orr	r2, r2, #4
 188 0058 DA64     		str	r2, [r3, #76]
 107:Core/Src/stm32l4xx_hal_msp.c ****     /**UART4 GPIO Configuration
ARM GAS  C:\Users\ngocc\AppData\Local\Temp\cchvEyqs.s 			page 8


 189              		.loc 1 107 5 view .LVU44
 190 005a DB6C     		ldr	r3, [r3, #76]
 191 005c 03F00403 		and	r3, r3, #4
 192 0060 0293     		str	r3, [sp, #8]
 107:Core/Src/stm32l4xx_hal_msp.c ****     /**UART4 GPIO Configuration
 193              		.loc 1 107 5 view .LVU45
 194 0062 029B     		ldr	r3, [sp, #8]
 195              	.LBE5:
 107:Core/Src/stm32l4xx_hal_msp.c ****     /**UART4 GPIO Configuration
 196              		.loc 1 107 5 view .LVU46
 112:Core/Src/stm32l4xx_hal_msp.c ****     GPIO_InitStruct.Mode = GPIO_MODE_AF_PP;
 197              		.loc 1 112 5 view .LVU47
 112:Core/Src/stm32l4xx_hal_msp.c ****     GPIO_InitStruct.Mode = GPIO_MODE_AF_PP;
 198              		.loc 1 112 25 is_stmt 0 view .LVU48
 199 0064 4FF44063 		mov	r3, #3072
 200 0068 2193     		str	r3, [sp, #132]
 113:Core/Src/stm32l4xx_hal_msp.c ****     GPIO_InitStruct.Pull = GPIO_NOPULL;
 201              		.loc 1 113 5 is_stmt 1 view .LVU49
 113:Core/Src/stm32l4xx_hal_msp.c ****     GPIO_InitStruct.Pull = GPIO_NOPULL;
 202              		.loc 1 113 26 is_stmt 0 view .LVU50
 203 006a 0223     		movs	r3, #2
 204 006c 2293     		str	r3, [sp, #136]
 114:Core/Src/stm32l4xx_hal_msp.c ****     GPIO_InitStruct.Speed = GPIO_SPEED_FREQ_VERY_HIGH;
 205              		.loc 1 114 5 is_stmt 1 view .LVU51
 114:Core/Src/stm32l4xx_hal_msp.c ****     GPIO_InitStruct.Speed = GPIO_SPEED_FREQ_VERY_HIGH;
 206              		.loc 1 114 26 is_stmt 0 view .LVU52
 207 006e 0023     		movs	r3, #0
 208 0070 2393     		str	r3, [sp, #140]
 115:Core/Src/stm32l4xx_hal_msp.c ****     GPIO_InitStruct.Alternate = GPIO_AF8_UART4;
 209              		.loc 1 115 5 is_stmt 1 view .LVU53
 115:Core/Src/stm32l4xx_hal_msp.c ****     GPIO_InitStruct.Alternate = GPIO_AF8_UART4;
 210              		.loc 1 115 27 is_stmt 0 view .LVU54
 211 0072 0323     		movs	r3, #3
 212 0074 2493     		str	r3, [sp, #144]
 116:Core/Src/stm32l4xx_hal_msp.c ****     HAL_GPIO_Init(GPIOC, &GPIO_InitStruct);
 213              		.loc 1 116 5 is_stmt 1 view .LVU55
 116:Core/Src/stm32l4xx_hal_msp.c ****     HAL_GPIO_Init(GPIOC, &GPIO_InitStruct);
 214              		.loc 1 116 31 is_stmt 0 view .LVU56
 215 0076 0823     		movs	r3, #8
 216 0078 2593     		str	r3, [sp, #148]
 117:Core/Src/stm32l4xx_hal_msp.c **** 
 217              		.loc 1 117 5 is_stmt 1 view .LVU57
 218 007a 21A9     		add	r1, sp, #132
 219 007c 3B48     		ldr	r0, .L19+16
 220 007e FFF7FEFF 		bl	HAL_GPIO_Init
 221              	.LVL6:
 222 0082 D4E7     		b	.L5
 223              	.L16:
 101:Core/Src/stm32l4xx_hal_msp.c ****     }
 224              		.loc 1 101 7 view .LVU58
 225 0084 FFF7FEFF 		bl	Error_Handler
 226              	.LVL7:
 227 0088 D9E7     		b	.L7
 228              	.L14:
 131:Core/Src/stm32l4xx_hal_msp.c ****     PeriphClkInit.Usart1ClockSelection = RCC_USART1CLKSOURCE_PCLK2;
 229              		.loc 1 131 5 view .LVU59
 131:Core/Src/stm32l4xx_hal_msp.c ****     PeriphClkInit.Usart1ClockSelection = RCC_USART1CLKSOURCE_PCLK2;
ARM GAS  C:\Users\ngocc\AppData\Local\Temp\cchvEyqs.s 			page 9


 230              		.loc 1 131 40 is_stmt 0 view .LVU60
 231 008a 0123     		movs	r3, #1
 232 008c 0793     		str	r3, [sp, #28]
 132:Core/Src/stm32l4xx_hal_msp.c ****     if (HAL_RCCEx_PeriphCLKConfig(&PeriphClkInit) != HAL_OK)
 233              		.loc 1 132 5 is_stmt 1 view .LVU61
 133:Core/Src/stm32l4xx_hal_msp.c ****     {
 234              		.loc 1 133 5 view .LVU62
 133:Core/Src/stm32l4xx_hal_msp.c ****     {
 235              		.loc 1 133 9 is_stmt 0 view .LVU63
 236 008e 07A8     		add	r0, sp, #28
 237 0090 FFF7FEFF 		bl	HAL_RCCEx_PeriphCLKConfig
 238              	.LVL8:
 133:Core/Src/stm32l4xx_hal_msp.c ****     {
 239              		.loc 1 133 8 view .LVU64
 240 0094 58BB     		cbnz	r0, .L17
 241              	.L10:
 139:Core/Src/stm32l4xx_hal_msp.c **** 
 242              		.loc 1 139 5 is_stmt 1 view .LVU65
 243              	.LBB6:
 139:Core/Src/stm32l4xx_hal_msp.c **** 
 244              		.loc 1 139 5 view .LVU66
 139:Core/Src/stm32l4xx_hal_msp.c **** 
 245              		.loc 1 139 5 view .LVU67
 246 0096 344B     		ldr	r3, .L19+12
 247 0098 1A6E     		ldr	r2, [r3, #96]
 248 009a 42F48042 		orr	r2, r2, #16384
 249 009e 1A66     		str	r2, [r3, #96]
 139:Core/Src/stm32l4xx_hal_msp.c **** 
 250              		.loc 1 139 5 view .LVU68
 251 00a0 1A6E     		ldr	r2, [r3, #96]
 252 00a2 02F48042 		and	r2, r2, #16384
 253 00a6 0392     		str	r2, [sp, #12]
 139:Core/Src/stm32l4xx_hal_msp.c **** 
 254              		.loc 1 139 5 view .LVU69
 255 00a8 039A     		ldr	r2, [sp, #12]
 256              	.LBE6:
 139:Core/Src/stm32l4xx_hal_msp.c **** 
 257              		.loc 1 139 5 view .LVU70
 141:Core/Src/stm32l4xx_hal_msp.c ****     /**USART1 GPIO Configuration
 258              		.loc 1 141 5 view .LVU71
 259              	.LBB7:
 141:Core/Src/stm32l4xx_hal_msp.c ****     /**USART1 GPIO Configuration
 260              		.loc 1 141 5 view .LVU72
 141:Core/Src/stm32l4xx_hal_msp.c ****     /**USART1 GPIO Configuration
 261              		.loc 1 141 5 view .LVU73
 262 00aa DA6C     		ldr	r2, [r3, #76]
 263 00ac 42F00102 		orr	r2, r2, #1
 264 00b0 DA64     		str	r2, [r3, #76]
 141:Core/Src/stm32l4xx_hal_msp.c ****     /**USART1 GPIO Configuration
 265              		.loc 1 141 5 view .LVU74
 266 00b2 DB6C     		ldr	r3, [r3, #76]
 267 00b4 03F00103 		and	r3, r3, #1
 268 00b8 0493     		str	r3, [sp, #16]
 141:Core/Src/stm32l4xx_hal_msp.c ****     /**USART1 GPIO Configuration
 269              		.loc 1 141 5 view .LVU75
 270 00ba 049B     		ldr	r3, [sp, #16]
 271              	.LBE7:
ARM GAS  C:\Users\ngocc\AppData\Local\Temp\cchvEyqs.s 			page 10


 141:Core/Src/stm32l4xx_hal_msp.c ****     /**USART1 GPIO Configuration
 272              		.loc 1 141 5 view .LVU76
 146:Core/Src/stm32l4xx_hal_msp.c ****     GPIO_InitStruct.Mode = GPIO_MODE_AF_PP;
 273              		.loc 1 146 5 view .LVU77
 146:Core/Src/stm32l4xx_hal_msp.c ****     GPIO_InitStruct.Mode = GPIO_MODE_AF_PP;
 274              		.loc 1 146 25 is_stmt 0 view .LVU78
 275 00bc 4FF4C063 		mov	r3, #1536
 276 00c0 2193     		str	r3, [sp, #132]
 147:Core/Src/stm32l4xx_hal_msp.c ****     GPIO_InitStruct.Pull = GPIO_NOPULL;
 277              		.loc 1 147 5 is_stmt 1 view .LVU79
 147:Core/Src/stm32l4xx_hal_msp.c ****     GPIO_InitStruct.Pull = GPIO_NOPULL;
 278              		.loc 1 147 26 is_stmt 0 view .LVU80
 279 00c2 0223     		movs	r3, #2
 280 00c4 2293     		str	r3, [sp, #136]
 148:Core/Src/stm32l4xx_hal_msp.c ****     GPIO_InitStruct.Speed = GPIO_SPEED_FREQ_VERY_HIGH;
 281              		.loc 1 148 5 is_stmt 1 view .LVU81
 148:Core/Src/stm32l4xx_hal_msp.c ****     GPIO_InitStruct.Speed = GPIO_SPEED_FREQ_VERY_HIGH;
 282              		.loc 1 148 26 is_stmt 0 view .LVU82
 283 00c6 0024     		movs	r4, #0
 284              	.LVL9:
 148:Core/Src/stm32l4xx_hal_msp.c ****     GPIO_InitStruct.Speed = GPIO_SPEED_FREQ_VERY_HIGH;
 285              		.loc 1 148 26 view .LVU83
 286 00c8 2394     		str	r4, [sp, #140]
 149:Core/Src/stm32l4xx_hal_msp.c ****     GPIO_InitStruct.Alternate = GPIO_AF7_USART1;
 287              		.loc 1 149 5 is_stmt 1 view .LVU84
 149:Core/Src/stm32l4xx_hal_msp.c ****     GPIO_InitStruct.Alternate = GPIO_AF7_USART1;
 288              		.loc 1 149 27 is_stmt 0 view .LVU85
 289 00ca 0323     		movs	r3, #3
 290 00cc 2493     		str	r3, [sp, #144]
 150:Core/Src/stm32l4xx_hal_msp.c ****     HAL_GPIO_Init(GPIOA, &GPIO_InitStruct);
 291              		.loc 1 150 5 is_stmt 1 view .LVU86
 150:Core/Src/stm32l4xx_hal_msp.c ****     HAL_GPIO_Init(GPIOA, &GPIO_InitStruct);
 292              		.loc 1 150 31 is_stmt 0 view .LVU87
 293 00ce 0723     		movs	r3, #7
 294 00d0 2593     		str	r3, [sp, #148]
 151:Core/Src/stm32l4xx_hal_msp.c **** 
 295              		.loc 1 151 5 is_stmt 1 view .LVU88
 296 00d2 21A9     		add	r1, sp, #132
 297 00d4 4FF09040 		mov	r0, #1207959552
 298 00d8 FFF7FEFF 		bl	HAL_GPIO_Init
 299              	.LVL10:
 154:Core/Src/stm32l4xx_hal_msp.c ****     HAL_NVIC_EnableIRQ(USART1_IRQn);
 300              		.loc 1 154 5 view .LVU89
 301 00dc 2246     		mov	r2, r4
 302 00de 0121     		movs	r1, #1
 303 00e0 2520     		movs	r0, #37
 304 00e2 FFF7FEFF 		bl	HAL_NVIC_SetPriority
 305              	.LVL11:
 155:Core/Src/stm32l4xx_hal_msp.c ****   /* USER CODE BEGIN USART1_MspInit 1 */
 306              		.loc 1 155 5 view .LVU90
 307 00e6 2520     		movs	r0, #37
 308 00e8 FFF7FEFF 		bl	HAL_NVIC_EnableIRQ
 309              	.LVL12:
 310 00ec 9FE7     		b	.L5
 311              	.LVL13:
 312              	.L17:
 135:Core/Src/stm32l4xx_hal_msp.c ****     }
ARM GAS  C:\Users\ngocc\AppData\Local\Temp\cchvEyqs.s 			page 11


 313              		.loc 1 135 7 view .LVU91
 314 00ee FFF7FEFF 		bl	Error_Handler
 315              	.LVL14:
 316 00f2 D0E7     		b	.L10
 317              	.L15:
 168:Core/Src/stm32l4xx_hal_msp.c ****     PeriphClkInit.Usart3ClockSelection = RCC_USART3CLKSOURCE_PCLK1;
 318              		.loc 1 168 5 view .LVU92
 168:Core/Src/stm32l4xx_hal_msp.c ****     PeriphClkInit.Usart3ClockSelection = RCC_USART3CLKSOURCE_PCLK1;
 319              		.loc 1 168 40 is_stmt 0 view .LVU93
 320 00f4 0423     		movs	r3, #4
 321 00f6 0793     		str	r3, [sp, #28]
 169:Core/Src/stm32l4xx_hal_msp.c ****     if (HAL_RCCEx_PeriphCLKConfig(&PeriphClkInit) != HAL_OK)
 322              		.loc 1 169 5 is_stmt 1 view .LVU94
 170:Core/Src/stm32l4xx_hal_msp.c ****     {
 323              		.loc 1 170 5 view .LVU95
 170:Core/Src/stm32l4xx_hal_msp.c ****     {
 324              		.loc 1 170 9 is_stmt 0 view .LVU96
 325 00f8 07A8     		add	r0, sp, #28
 326 00fa FFF7FEFF 		bl	HAL_RCCEx_PeriphCLKConfig
 327              	.LVL15:
 170:Core/Src/stm32l4xx_hal_msp.c ****     {
 328              		.loc 1 170 8 view .LVU97
 329 00fe 50BB     		cbnz	r0, .L18
 330              	.L11:
 176:Core/Src/stm32l4xx_hal_msp.c **** 
 331              		.loc 1 176 5 is_stmt 1 view .LVU98
 332              	.LBB8:
 176:Core/Src/stm32l4xx_hal_msp.c **** 
 333              		.loc 1 176 5 view .LVU99
 176:Core/Src/stm32l4xx_hal_msp.c **** 
 334              		.loc 1 176 5 view .LVU100
 335 0100 194B     		ldr	r3, .L19+12
 336 0102 9A6D     		ldr	r2, [r3, #88]
 337 0104 42F48022 		orr	r2, r2, #262144
 338 0108 9A65     		str	r2, [r3, #88]
 176:Core/Src/stm32l4xx_hal_msp.c **** 
 339              		.loc 1 176 5 view .LVU101
 340 010a 9A6D     		ldr	r2, [r3, #88]
 341 010c 02F48022 		and	r2, r2, #262144
 342 0110 0592     		str	r2, [sp, #20]
 176:Core/Src/stm32l4xx_hal_msp.c **** 
 343              		.loc 1 176 5 view .LVU102
 344 0112 059A     		ldr	r2, [sp, #20]
 345              	.LBE8:
 176:Core/Src/stm32l4xx_hal_msp.c **** 
 346              		.loc 1 176 5 view .LVU103
 178:Core/Src/stm32l4xx_hal_msp.c ****     /**USART3 GPIO Configuration
 347              		.loc 1 178 5 view .LVU104
 348              	.LBB9:
 178:Core/Src/stm32l4xx_hal_msp.c ****     /**USART3 GPIO Configuration
 349              		.loc 1 178 5 view .LVU105
 178:Core/Src/stm32l4xx_hal_msp.c ****     /**USART3 GPIO Configuration
 350              		.loc 1 178 5 view .LVU106
 351 0114 DA6C     		ldr	r2, [r3, #76]
 352 0116 42F00202 		orr	r2, r2, #2
 353 011a DA64     		str	r2, [r3, #76]
 178:Core/Src/stm32l4xx_hal_msp.c ****     /**USART3 GPIO Configuration
ARM GAS  C:\Users\ngocc\AppData\Local\Temp\cchvEyqs.s 			page 12


 354              		.loc 1 178 5 view .LVU107
 355 011c DB6C     		ldr	r3, [r3, #76]
 356 011e 03F00203 		and	r3, r3, #2
 357 0122 0693     		str	r3, [sp, #24]
 178:Core/Src/stm32l4xx_hal_msp.c ****     /**USART3 GPIO Configuration
 358              		.loc 1 178 5 view .LVU108
 359 0124 069B     		ldr	r3, [sp, #24]
 360              	.LBE9:
 178:Core/Src/stm32l4xx_hal_msp.c ****     /**USART3 GPIO Configuration
 361              		.loc 1 178 5 view .LVU109
 183:Core/Src/stm32l4xx_hal_msp.c ****     GPIO_InitStruct.Mode = GPIO_MODE_AF_PP;
 362              		.loc 1 183 5 view .LVU110
 183:Core/Src/stm32l4xx_hal_msp.c ****     GPIO_InitStruct.Mode = GPIO_MODE_AF_PP;
 363              		.loc 1 183 25 is_stmt 0 view .LVU111
 364 0126 4FF44063 		mov	r3, #3072
 365 012a 2193     		str	r3, [sp, #132]
 184:Core/Src/stm32l4xx_hal_msp.c ****     GPIO_InitStruct.Pull = GPIO_NOPULL;
 366              		.loc 1 184 5 is_stmt 1 view .LVU112
 184:Core/Src/stm32l4xx_hal_msp.c ****     GPIO_InitStruct.Pull = GPIO_NOPULL;
 367              		.loc 1 184 26 is_stmt 0 view .LVU113
 368 012c 0224     		movs	r4, #2
 369              	.LVL16:
 184:Core/Src/stm32l4xx_hal_msp.c ****     GPIO_InitStruct.Pull = GPIO_NOPULL;
 370              		.loc 1 184 26 view .LVU114
 371 012e 2294     		str	r4, [sp, #136]
 185:Core/Src/stm32l4xx_hal_msp.c ****     GPIO_InitStruct.Speed = GPIO_SPEED_FREQ_VERY_HIGH;
 372              		.loc 1 185 5 is_stmt 1 view .LVU115
 185:Core/Src/stm32l4xx_hal_msp.c ****     GPIO_InitStruct.Speed = GPIO_SPEED_FREQ_VERY_HIGH;
 373              		.loc 1 185 26 is_stmt 0 view .LVU116
 374 0130 0025     		movs	r5, #0
 375 0132 2395     		str	r5, [sp, #140]
 186:Core/Src/stm32l4xx_hal_msp.c ****     GPIO_InitStruct.Alternate = GPIO_AF7_USART3;
 376              		.loc 1 186 5 is_stmt 1 view .LVU117
 186:Core/Src/stm32l4xx_hal_msp.c ****     GPIO_InitStruct.Alternate = GPIO_AF7_USART3;
 377              		.loc 1 186 27 is_stmt 0 view .LVU118
 378 0134 0323     		movs	r3, #3
 379 0136 2493     		str	r3, [sp, #144]
 187:Core/Src/stm32l4xx_hal_msp.c ****     HAL_GPIO_Init(GPIOB, &GPIO_InitStruct);
 380              		.loc 1 187 5 is_stmt 1 view .LVU119
 187:Core/Src/stm32l4xx_hal_msp.c ****     HAL_GPIO_Init(GPIOB, &GPIO_InitStruct);
 381              		.loc 1 187 31 is_stmt 0 view .LVU120
 382 0138 0723     		movs	r3, #7
 383 013a 2593     		str	r3, [sp, #148]
 188:Core/Src/stm32l4xx_hal_msp.c **** 
 384              		.loc 1 188 5 is_stmt 1 view .LVU121
 385 013c 21A9     		add	r1, sp, #132
 386 013e 0C48     		ldr	r0, .L19+20
 387 0140 FFF7FEFF 		bl	HAL_GPIO_Init
 388              	.LVL17:
 191:Core/Src/stm32l4xx_hal_msp.c ****     HAL_NVIC_EnableIRQ(USART3_IRQn);
 389              		.loc 1 191 5 view .LVU122
 390 0144 2A46     		mov	r2, r5
 391 0146 2146     		mov	r1, r4
 392 0148 2720     		movs	r0, #39
 393 014a FFF7FEFF 		bl	HAL_NVIC_SetPriority
 394              	.LVL18:
 192:Core/Src/stm32l4xx_hal_msp.c ****   /* USER CODE BEGIN USART3_MspInit 1 */
ARM GAS  C:\Users\ngocc\AppData\Local\Temp\cchvEyqs.s 			page 13


 395              		.loc 1 192 5 view .LVU123
 396 014e 2720     		movs	r0, #39
 397 0150 FFF7FEFF 		bl	HAL_NVIC_EnableIRQ
 398              	.LVL19:
 399              		.loc 1 198 1 is_stmt 0 view .LVU124
 400 0154 6BE7     		b	.L5
 401              	.LVL20:
 402              	.L18:
 172:Core/Src/stm32l4xx_hal_msp.c ****     }
 403              		.loc 1 172 7 is_stmt 1 view .LVU125
 404 0156 FFF7FEFF 		bl	Error_Handler
 405              	.LVL21:
 406 015a D1E7     		b	.L11
 407              	.L20:
 408              		.align	2
 409              	.L19:
 410 015c 004C0040 		.word	1073761280
 411 0160 00380140 		.word	1073821696
 412 0164 00480040 		.word	1073760256
 413 0168 00100240 		.word	1073876992
 414 016c 00080048 		.word	1207961600
 415 0170 00040048 		.word	1207960576
 416              		.cfi_endproc
 417              	.LFE133:
 419              		.section	.text.HAL_UART_MspDeInit,"ax",%progbits
 420              		.align	1
 421              		.global	HAL_UART_MspDeInit
 422              		.syntax unified
 423              		.thumb
 424              		.thumb_func
 425              		.fpu fpv4-sp-d16
 427              	HAL_UART_MspDeInit:
 428              	.LVL22:
 429              	.LFB134:
 199:Core/Src/stm32l4xx_hal_msp.c **** 
 200:Core/Src/stm32l4xx_hal_msp.c **** /**
 201:Core/Src/stm32l4xx_hal_msp.c **** * @brief UART MSP De-Initialization
 202:Core/Src/stm32l4xx_hal_msp.c **** * This function freeze the hardware resources used in this example
 203:Core/Src/stm32l4xx_hal_msp.c **** * @param huart: UART handle pointer
 204:Core/Src/stm32l4xx_hal_msp.c **** * @retval None
 205:Core/Src/stm32l4xx_hal_msp.c **** */
 206:Core/Src/stm32l4xx_hal_msp.c **** void HAL_UART_MspDeInit(UART_HandleTypeDef* huart)
 207:Core/Src/stm32l4xx_hal_msp.c **** {
 430              		.loc 1 207 1 view -0
 431              		.cfi_startproc
 432              		@ args = 0, pretend = 0, frame = 0
 433              		@ frame_needed = 0, uses_anonymous_args = 0
 434              		.loc 1 207 1 is_stmt 0 view .LVU127
 435 0000 08B5     		push	{r3, lr}
 436              	.LCFI6:
 437              		.cfi_def_cfa_offset 8
 438              		.cfi_offset 3, -8
 439              		.cfi_offset 14, -4
 208:Core/Src/stm32l4xx_hal_msp.c ****   if(huart->Instance==UART4)
 440              		.loc 1 208 3 is_stmt 1 view .LVU128
 441              		.loc 1 208 11 is_stmt 0 view .LVU129
 442 0002 0368     		ldr	r3, [r0]
ARM GAS  C:\Users\ngocc\AppData\Local\Temp\cchvEyqs.s 			page 14


 443              		.loc 1 208 5 view .LVU130
 444 0004 1A4A     		ldr	r2, .L29
 445 0006 9342     		cmp	r3, r2
 446 0008 06D0     		beq	.L26
 209:Core/Src/stm32l4xx_hal_msp.c ****   {
 210:Core/Src/stm32l4xx_hal_msp.c ****   /* USER CODE BEGIN UART4_MspDeInit 0 */
 211:Core/Src/stm32l4xx_hal_msp.c **** 
 212:Core/Src/stm32l4xx_hal_msp.c ****   /* USER CODE END UART4_MspDeInit 0 */
 213:Core/Src/stm32l4xx_hal_msp.c ****     /* Peripheral clock disable */
 214:Core/Src/stm32l4xx_hal_msp.c ****     __HAL_RCC_UART4_CLK_DISABLE();
 215:Core/Src/stm32l4xx_hal_msp.c **** 
 216:Core/Src/stm32l4xx_hal_msp.c ****     /**UART4 GPIO Configuration
 217:Core/Src/stm32l4xx_hal_msp.c ****     PC10     ------> UART4_TX
 218:Core/Src/stm32l4xx_hal_msp.c ****     PC11     ------> UART4_RX
 219:Core/Src/stm32l4xx_hal_msp.c ****     */
 220:Core/Src/stm32l4xx_hal_msp.c ****     HAL_GPIO_DeInit(GPIOC, GPIO_PIN_10|GPIO_PIN_11);
 221:Core/Src/stm32l4xx_hal_msp.c **** 
 222:Core/Src/stm32l4xx_hal_msp.c ****   /* USER CODE BEGIN UART4_MspDeInit 1 */
 223:Core/Src/stm32l4xx_hal_msp.c **** 
 224:Core/Src/stm32l4xx_hal_msp.c ****   /* USER CODE END UART4_MspDeInit 1 */
 225:Core/Src/stm32l4xx_hal_msp.c ****   }
 226:Core/Src/stm32l4xx_hal_msp.c ****   else if(huart->Instance==USART1)
 447              		.loc 1 226 8 is_stmt 1 view .LVU131
 448              		.loc 1 226 10 is_stmt 0 view .LVU132
 449 000a 1A4A     		ldr	r2, .L29+4
 450 000c 9342     		cmp	r3, r2
 451 000e 0FD0     		beq	.L27
 227:Core/Src/stm32l4xx_hal_msp.c ****   {
 228:Core/Src/stm32l4xx_hal_msp.c ****   /* USER CODE BEGIN USART1_MspDeInit 0 */
 229:Core/Src/stm32l4xx_hal_msp.c **** 
 230:Core/Src/stm32l4xx_hal_msp.c ****   /* USER CODE END USART1_MspDeInit 0 */
 231:Core/Src/stm32l4xx_hal_msp.c ****     /* Peripheral clock disable */
 232:Core/Src/stm32l4xx_hal_msp.c ****     __HAL_RCC_USART1_CLK_DISABLE();
 233:Core/Src/stm32l4xx_hal_msp.c **** 
 234:Core/Src/stm32l4xx_hal_msp.c ****     /**USART1 GPIO Configuration
 235:Core/Src/stm32l4xx_hal_msp.c ****     PA9     ------> USART1_TX
 236:Core/Src/stm32l4xx_hal_msp.c ****     PA10     ------> USART1_RX
 237:Core/Src/stm32l4xx_hal_msp.c ****     */
 238:Core/Src/stm32l4xx_hal_msp.c ****     HAL_GPIO_DeInit(GPIOA, GPIO_PIN_9|GPIO_PIN_10);
 239:Core/Src/stm32l4xx_hal_msp.c **** 
 240:Core/Src/stm32l4xx_hal_msp.c ****     /* USART1 interrupt DeInit */
 241:Core/Src/stm32l4xx_hal_msp.c ****     HAL_NVIC_DisableIRQ(USART1_IRQn);
 242:Core/Src/stm32l4xx_hal_msp.c ****   /* USER CODE BEGIN USART1_MspDeInit 1 */
 243:Core/Src/stm32l4xx_hal_msp.c **** 
 244:Core/Src/stm32l4xx_hal_msp.c ****   /* USER CODE END USART1_MspDeInit 1 */
 245:Core/Src/stm32l4xx_hal_msp.c ****   }
 246:Core/Src/stm32l4xx_hal_msp.c ****   else if(huart->Instance==USART3)
 452              		.loc 1 246 8 is_stmt 1 view .LVU133
 453              		.loc 1 246 10 is_stmt 0 view .LVU134
 454 0010 194A     		ldr	r2, .L29+8
 455 0012 9342     		cmp	r3, r2
 456 0014 1CD0     		beq	.L28
 457              	.LVL23:
 458              	.L21:
 247:Core/Src/stm32l4xx_hal_msp.c ****   {
 248:Core/Src/stm32l4xx_hal_msp.c ****   /* USER CODE BEGIN USART3_MspDeInit 0 */
 249:Core/Src/stm32l4xx_hal_msp.c **** 
ARM GAS  C:\Users\ngocc\AppData\Local\Temp\cchvEyqs.s 			page 15


 250:Core/Src/stm32l4xx_hal_msp.c ****   /* USER CODE END USART3_MspDeInit 0 */
 251:Core/Src/stm32l4xx_hal_msp.c ****     /* Peripheral clock disable */
 252:Core/Src/stm32l4xx_hal_msp.c ****     __HAL_RCC_USART3_CLK_DISABLE();
 253:Core/Src/stm32l4xx_hal_msp.c **** 
 254:Core/Src/stm32l4xx_hal_msp.c ****     /**USART3 GPIO Configuration
 255:Core/Src/stm32l4xx_hal_msp.c ****     PB10     ------> USART3_TX
 256:Core/Src/stm32l4xx_hal_msp.c ****     PB11     ------> USART3_RX
 257:Core/Src/stm32l4xx_hal_msp.c ****     */
 258:Core/Src/stm32l4xx_hal_msp.c ****     HAL_GPIO_DeInit(GPIOB, GPIO_PIN_10|GPIO_PIN_11);
 259:Core/Src/stm32l4xx_hal_msp.c **** 
 260:Core/Src/stm32l4xx_hal_msp.c ****     /* USART3 interrupt DeInit */
 261:Core/Src/stm32l4xx_hal_msp.c ****     HAL_NVIC_DisableIRQ(USART3_IRQn);
 262:Core/Src/stm32l4xx_hal_msp.c ****   /* USER CODE BEGIN USART3_MspDeInit 1 */
 263:Core/Src/stm32l4xx_hal_msp.c **** 
 264:Core/Src/stm32l4xx_hal_msp.c ****   /* USER CODE END USART3_MspDeInit 1 */
 265:Core/Src/stm32l4xx_hal_msp.c ****   }
 266:Core/Src/stm32l4xx_hal_msp.c **** 
 267:Core/Src/stm32l4xx_hal_msp.c **** }
 459              		.loc 1 267 1 view .LVU135
 460 0016 08BD     		pop	{r3, pc}
 461              	.LVL24:
 462              	.L26:
 214:Core/Src/stm32l4xx_hal_msp.c **** 
 463              		.loc 1 214 5 is_stmt 1 view .LVU136
 464 0018 02F5E232 		add	r2, r2, #115712
 465 001c 936D     		ldr	r3, [r2, #88]
 466 001e 23F40023 		bic	r3, r3, #524288
 467 0022 9365     		str	r3, [r2, #88]
 220:Core/Src/stm32l4xx_hal_msp.c **** 
 468              		.loc 1 220 5 view .LVU137
 469 0024 4FF44061 		mov	r1, #3072
 470 0028 1448     		ldr	r0, .L29+12
 471              	.LVL25:
 220:Core/Src/stm32l4xx_hal_msp.c **** 
 472              		.loc 1 220 5 is_stmt 0 view .LVU138
 473 002a FFF7FEFF 		bl	HAL_GPIO_DeInit
 474              	.LVL26:
 475 002e F2E7     		b	.L21
 476              	.LVL27:
 477              	.L27:
 232:Core/Src/stm32l4xx_hal_msp.c **** 
 478              		.loc 1 232 5 is_stmt 1 view .LVU139
 479 0030 02F55842 		add	r2, r2, #55296
 480 0034 136E     		ldr	r3, [r2, #96]
 481 0036 23F48043 		bic	r3, r3, #16384
 482 003a 1366     		str	r3, [r2, #96]
 238:Core/Src/stm32l4xx_hal_msp.c **** 
 483              		.loc 1 238 5 view .LVU140
 484 003c 4FF4C061 		mov	r1, #1536
 485 0040 4FF09040 		mov	r0, #1207959552
 486              	.LVL28:
 238:Core/Src/stm32l4xx_hal_msp.c **** 
 487              		.loc 1 238 5 is_stmt 0 view .LVU141
 488 0044 FFF7FEFF 		bl	HAL_GPIO_DeInit
 489              	.LVL29:
 241:Core/Src/stm32l4xx_hal_msp.c ****   /* USER CODE BEGIN USART1_MspDeInit 1 */
 490              		.loc 1 241 5 is_stmt 1 view .LVU142
ARM GAS  C:\Users\ngocc\AppData\Local\Temp\cchvEyqs.s 			page 16


 491 0048 2520     		movs	r0, #37
 492 004a FFF7FEFF 		bl	HAL_NVIC_DisableIRQ
 493              	.LVL30:
 494 004e E2E7     		b	.L21
 495              	.LVL31:
 496              	.L28:
 252:Core/Src/stm32l4xx_hal_msp.c **** 
 497              		.loc 1 252 5 view .LVU143
 498 0050 02F5E432 		add	r2, r2, #116736
 499 0054 936D     		ldr	r3, [r2, #88]
 500 0056 23F48023 		bic	r3, r3, #262144
 501 005a 9365     		str	r3, [r2, #88]
 258:Core/Src/stm32l4xx_hal_msp.c **** 
 502              		.loc 1 258 5 view .LVU144
 503 005c 4FF44061 		mov	r1, #3072
 504 0060 0748     		ldr	r0, .L29+16
 505              	.LVL32:
 258:Core/Src/stm32l4xx_hal_msp.c **** 
 506              		.loc 1 258 5 is_stmt 0 view .LVU145
 507 0062 FFF7FEFF 		bl	HAL_GPIO_DeInit
 508              	.LVL33:
 261:Core/Src/stm32l4xx_hal_msp.c ****   /* USER CODE BEGIN USART3_MspDeInit 1 */
 509              		.loc 1 261 5 is_stmt 1 view .LVU146
 510 0066 2720     		movs	r0, #39
 511 0068 FFF7FEFF 		bl	HAL_NVIC_DisableIRQ
 512              	.LVL34:
 513              		.loc 1 267 1 is_stmt 0 view .LVU147
 514 006c D3E7     		b	.L21
 515              	.L30:
 516 006e 00BF     		.align	2
 517              	.L29:
 518 0070 004C0040 		.word	1073761280
 519 0074 00380140 		.word	1073821696
 520 0078 00480040 		.word	1073760256
 521 007c 00080048 		.word	1207961600
 522 0080 00040048 		.word	1207960576
 523              		.cfi_endproc
 524              	.LFE134:
 526              		.text
 527              	.Letext0:
 528              		.file 2 "c:\\program files (x86)\\gnu arm embedded toolchain\\10 2021.07\\arm-none-eabi\\include\\
 529              		.file 3 "c:\\program files (x86)\\gnu arm embedded toolchain\\10 2021.07\\arm-none-eabi\\include\\
 530              		.file 4 "Drivers/CMSIS/Device/ST/STM32L4xx/Include/stm32l452xx.h"
 531              		.file 5 "Drivers/STM32L4xx_HAL_Driver/Inc/stm32l4xx_hal_def.h"
 532              		.file 6 "Drivers/STM32L4xx_HAL_Driver/Inc/stm32l4xx_hal_rcc_ex.h"
 533              		.file 7 "Drivers/STM32L4xx_HAL_Driver/Inc/stm32l4xx_hal_gpio.h"
 534              		.file 8 "Drivers/STM32L4xx_HAL_Driver/Inc/stm32l4xx_hal_dma.h"
 535              		.file 9 "Drivers/STM32L4xx_HAL_Driver/Inc/stm32l4xx_hal_uart.h"
 536              		.file 10 "Drivers/STM32L4xx_HAL_Driver/Inc/stm32l4xx_hal_cortex.h"
 537              		.file 11 "Core/Inc/main.h"
 538              		.file 12 "<built-in>"
ARM GAS  C:\Users\ngocc\AppData\Local\Temp\cchvEyqs.s 			page 17


DEFINED SYMBOLS
                            *ABS*:00000000 stm32l4xx_hal_msp.c
C:\Users\ngocc\AppData\Local\Temp\cchvEyqs.s:18     .text.HAL_MspInit:00000000 $t
C:\Users\ngocc\AppData\Local\Temp\cchvEyqs.s:26     .text.HAL_MspInit:00000000 HAL_MspInit
C:\Users\ngocc\AppData\Local\Temp\cchvEyqs.s:77     .text.HAL_MspInit:0000002c $d
C:\Users\ngocc\AppData\Local\Temp\cchvEyqs.s:82     .text.HAL_UART_MspInit:00000000 $t
C:\Users\ngocc\AppData\Local\Temp\cchvEyqs.s:89     .text.HAL_UART_MspInit:00000000 HAL_UART_MspInit
C:\Users\ngocc\AppData\Local\Temp\cchvEyqs.s:410    .text.HAL_UART_MspInit:0000015c $d
C:\Users\ngocc\AppData\Local\Temp\cchvEyqs.s:420    .text.HAL_UART_MspDeInit:00000000 $t
C:\Users\ngocc\AppData\Local\Temp\cchvEyqs.s:427    .text.HAL_UART_MspDeInit:00000000 HAL_UART_MspDeInit
C:\Users\ngocc\AppData\Local\Temp\cchvEyqs.s:518    .text.HAL_UART_MspDeInit:00000070 $d

UNDEFINED SYMBOLS
memset
HAL_RCCEx_PeriphCLKConfig
HAL_GPIO_Init
Error_Handler
HAL_NVIC_SetPriority
HAL_NVIC_EnableIRQ
HAL_GPIO_DeInit
HAL_NVIC_DisableIRQ
