ARM GAS  C:\Users\ngocc\AppData\Local\Temp\ccA61CR9.s 			page 1


   1              		.cpu cortex-m4
   2              		.eabi_attribute 27, 1
   3              		.eabi_attribute 28, 1
   4              		.eabi_attribute 20, 1
   5              		.eabi_attribute 21, 1
   6              		.eabi_attribute 23, 3
   7              		.eabi_attribute 24, 1
   8              		.eabi_attribute 25, 1
   9              		.eabi_attribute 26, 1
  10              		.eabi_attribute 30, 1
  11              		.eabi_attribute 34, 1
  12              		.eabi_attribute 18, 4
  13              		.file	"AT.c"
  14              		.text
  15              	.Ltext0:
  16              		.cfi_sections	.debug_frame
  17              		.global	AT_CheckList
  18              		.section	.rodata.str1.4,"aMS",%progbits,1
  19              		.align	2
  20              	.LC0:
  21 0000 41540D0A 		.ascii	"AT\015\012\000"
  21      00
  22 0005 000000   		.align	2
  23              	.LC1:
  24 0008 4F4B00   		.ascii	"OK\000"
  25 000b 00       		.align	2
  26              	.LC2:
  27 000c 0D0A00   		.ascii	"\015\012\000"
  28 000f 00       		.align	2
  29              	.LC3:
  30 0010 41542B43 		.ascii	"AT+CPIN?\015\012\000"
  30      50494E3F 
  30      0D0A00
  31 001b 00       		.align	2
  32              	.LC4:
  33 001c 2B435049 		.ascii	"+CPIN\000"
  33      4E00
  34 0022 0000     		.align	2
  35              	.LC5:
  36 0024 41542B43 		.ascii	"AT+CSQ\015\012\000"
  36      53510D0A 
  36      00
  37 002d 000000   		.align	2
  38              	.LC6:
  39 0030 43535100 		.ascii	"CSQ\000"
  40              		.align	2
  41              	.LC7:
  42 0034 41542B43 		.ascii	"AT+CREG?\015\012\000"
  42      5245473F 
  42      0D0A00
  43 003f 00       		.align	2
  44              	.LC8:
  45 0040 2B435245 		.ascii	"+CREG\000"
  45      4700
  46 0046 0000     		.align	2
  47              	.LC9:
  48 0048 41542B43 		.ascii	"AT+CGATT?\015\012\000"
ARM GAS  C:\Users\ngocc\AppData\Local\Temp\ccA61CR9.s 			page 2


  48      47415454 
  48      3F0D0A00 
  49              		.align	2
  50              	.LC10:
  51 0054 2B434741 		.ascii	"+CGATT\000"
  51      545400
  52 005b 00       		.align	2
  53              	.LC11:
  54 005c 41542B43 		.ascii	"AT+CIPTIMEOUT=30000,20000,40000,50000\015\012\000"
  54      49505449 
  54      4D454F55 
  54      543D3330 
  54      3030302C 
  55              		.align	2
  56              	.LC12:
  57 0084 41542B43 		.ascii	"AT+CIPMODE=0\015\012\000"
  57      49504D4F 
  57      44453D30 
  57      0D0A00
  58 0093 00       		.align	2
  59              	.LC13:
  60 0094 41542B4E 		.ascii	"AT+NETOPEN\015\012\000"
  60      45544F50 
  60      454E0D0A 
  60      00
  61 00a1 000000   		.align	2
  62              	.LC14:
  63 00a4 2B4E4554 		.ascii	"+NETOPEN:SUCCESS\000"
  63      4F50454E 
  63      3A535543 
  63      43455353 
  63      00
  64 00b5 000000   		.align	2
  65              	.LC15:
  66 00b8 41542B49 		.ascii	"AT+IPADDR\015\012\000"
  66      50414444 
  66      520D0A00 
  67              		.align	2
  68              	.LC16:
  69 00c4 2B495041 		.ascii	"+IPADDR:SUCCESS\000"
  69      4444523A 
  69      53554343 
  69      45535300 
  70              		.align	2
  71              	.LC17:
  72 00d4 41542B43 		.ascii	"AT+CIPRXGET=0,1\015\012\000"
  72      49505258 
  72      4745543D 
  72      302C310D 
  72      0A00
  73 00e6 0000     		.align	2
  74              	.LC18:
  75 00e8 41542B43 		.ascii	"AT+CIPOPEN=1,\"TCP\",\"117.6.163.177\",7577,0\015\012"
  75      49504F50 
  75      454E3D31 
  75      2C225443 
  75      50222C22 
ARM GAS  C:\Users\ngocc\AppData\Local\Temp\ccA61CR9.s 			page 3


  76 0113 00       		.ascii	"\000"
  77              		.align	2
  78              	.LC19:
  79 0114 2B434950 		.ascii	"+CIPOPEN:SUCCESS\000"
  79      4F50454E 
  79      3A535543 
  79      43455353 
  79      00
  80 0125 000000   		.align	2
  81              	.LC20:
  82 0128 41542B43 		.ascii	"AT+CIPOPQUERY?\015\012\000"
  82      49504F50 
  82      51554552 
  82      593F0D0A 
  82      00
  83 0139 000000   		.align	2
  84              	.LC21:
  85 013c 2B434950 		.ascii	"+CIPOPQUERY\000"
  85      4F505155 
  85      45525900 
  86              		.align	2
  87              	.LC22:
  88 0148 41542B43 		.ascii	"AT+CIPCLOSE=1\015\012\000"
  88      4950434C 
  88      4F53453D 
  88      310D0A00 
  89              		.align	2
  90              	.LC23:
  91 0158 2B434950 		.ascii	"+CIPCLOSE:SUCCESS\000"
  91      434C4F53 
  91      453A5355 
  91      43434553 
  91      5300
  92 016a 0000     		.align	2
  93              	.LC24:
  94 016c 41542B4E 		.ascii	"AT+NETCLOSE\015\012\000"
  94      4554434C 
  94      4F53450D 
  94      0A00
  95 017a 0000     		.align	2
  96              	.LC25:
  97 017c 2B4E4554 		.ascii	"+NETCLOSE:SUCCESS\000"
  97      434C4F53 
  97      453A5355 
  97      43434553 
  97      5300
  98 018e 0000     		.align	2
  99              	.LC26:
 100 0190 41542B43 		.ascii	"AT+CIPSEND=1,,,,\015\012\000"
 100      49505345 
 100      4E443D31 
 100      2C2C2C2C 
 100      0D0A00
 101 01a3 00       		.align	2
 102              	.LC27:
 103 01a4 2B434950 		.ascii	"+CIPSEND:SUCCESS\000"
 103      53454E44 
ARM GAS  C:\Users\ngocc\AppData\Local\Temp\ccA61CR9.s 			page 4


 103      3A535543 
 103      43455353 
 103      00
 104 01b5 000000   		.align	2
 105              	.LC28:
 106 01b8 41542B43 		.ascii	"AT+CCLK?\015\012\000"
 106      434C4B3F 
 106      0D0A00
 107 01c3 00       		.align	2
 108              	.LC29:
 109 01c4 2B43434C 		.ascii	"+CCLK\000"
 109      4B00
 110              		.section	.rodata.AT_CheckList,"a"
 111              		.align	2
 114              	AT_CheckList:
 115 0000 00       		.byte	0
 116 0001 000000   		.space	3
 117 0004 00000000 		.word	.LC0
 118 0008 0400     		.short	4
 119 000a 0000     		.space	2
 120 000c 08000000 		.word	.LC1
 121 0010 0200     		.short	2
 122 0012 0000     		.space	2
 123 0014 0C000000 		.word	.LC2
 124 0018 0200     		.short	2
 125 001a 0000     		.space	2
 126 001c 01       		.byte	1
 127 001d 000000   		.space	3
 128 0020 10000000 		.word	.LC3
 129 0024 0A00     		.short	10
 130 0026 0000     		.space	2
 131 0028 1C000000 		.word	.LC4
 132 002c 0500     		.short	5
 133 002e 0000     		.space	2
 134 0030 08000000 		.word	.LC1
 135 0034 0200     		.short	2
 136 0036 0000     		.space	2
 137 0038 02       		.byte	2
 138 0039 000000   		.space	3
 139 003c 24000000 		.word	.LC5
 140 0040 0800     		.short	8
 141 0042 0000     		.space	2
 142 0044 30000000 		.word	.LC6
 143 0048 0300     		.short	3
 144 004a 0000     		.space	2
 145 004c 08000000 		.word	.LC1
 146 0050 0200     		.short	2
 147 0052 0000     		.space	2
 148 0054 03       		.byte	3
 149 0055 000000   		.space	3
 150 0058 34000000 		.word	.LC7
 151 005c 0A00     		.short	10
 152 005e 0000     		.space	2
 153 0060 40000000 		.word	.LC8
 154 0064 0500     		.short	5
 155 0066 0000     		.space	2
 156 0068 08000000 		.word	.LC1
ARM GAS  C:\Users\ngocc\AppData\Local\Temp\ccA61CR9.s 			page 5


 157 006c 0200     		.short	2
 158 006e 0000     		.space	2
 159 0070 04       		.byte	4
 160 0071 000000   		.space	3
 161 0074 48000000 		.word	.LC9
 162 0078 0B00     		.short	11
 163 007a 0000     		.space	2
 164 007c 54000000 		.word	.LC10
 165 0080 0600     		.short	6
 166 0082 0000     		.space	2
 167 0084 08000000 		.word	.LC1
 168 0088 0200     		.short	2
 169 008a 0000     		.space	2
 170 008c 05       		.byte	5
 171 008d 000000   		.space	3
 172 0090 5C000000 		.word	.LC11
 173 0094 2700     		.short	39
 174 0096 0000     		.space	2
 175 0098 08000000 		.word	.LC1
 176 009c 0200     		.short	2
 177 009e 0000     		.space	2
 178 00a0 0C000000 		.word	.LC2
 179 00a4 0200     		.short	2
 180 00a6 0000     		.space	2
 181 00a8 06       		.byte	6
 182 00a9 000000   		.space	3
 183 00ac 84000000 		.word	.LC12
 184 00b0 0E00     		.short	14
 185 00b2 0000     		.space	2
 186 00b4 08000000 		.word	.LC1
 187 00b8 0200     		.short	2
 188 00ba 0000     		.space	2
 189 00bc 0C000000 		.word	.LC2
 190 00c0 0200     		.short	2
 191 00c2 0000     		.space	2
 192 00c4 07       		.byte	7
 193 00c5 000000   		.space	3
 194 00c8 94000000 		.word	.LC13
 195 00cc 0C00     		.short	12
 196 00ce 0000     		.space	2
 197 00d0 A4000000 		.word	.LC14
 198 00d4 1000     		.short	16
 199 00d6 0000     		.space	2
 200 00d8 0C000000 		.word	.LC2
 201 00dc 0200     		.short	2
 202 00de 0000     		.space	2
 203 00e0 08       		.byte	8
 204 00e1 000000   		.space	3
 205 00e4 B8000000 		.word	.LC15
 206 00e8 0B00     		.short	11
 207 00ea 0000     		.space	2
 208 00ec C4000000 		.word	.LC16
 209 00f0 0F00     		.short	15
 210 00f2 0000     		.space	2
 211 00f4 08000000 		.word	.LC1
 212 00f8 0200     		.short	2
 213 00fa 0000     		.space	2
ARM GAS  C:\Users\ngocc\AppData\Local\Temp\ccA61CR9.s 			page 6


 214 00fc 09       		.byte	9
 215 00fd 000000   		.space	3
 216 0100 D4000000 		.word	.LC17
 217 0104 1100     		.short	17
 218 0106 0000     		.space	2
 219 0108 08000000 		.word	.LC1
 220 010c 0200     		.short	2
 221 010e 0000     		.space	2
 222 0110 0C000000 		.word	.LC2
 223 0114 0200     		.short	2
 224 0116 0000     		.space	2
 225 0118 0A       		.byte	10
 226 0119 000000   		.space	3
 227 011c E8000000 		.word	.LC18
 228 0120 2B00     		.short	43
 229 0122 0000     		.space	2
 230 0124 14010000 		.word	.LC19
 231 0128 1000     		.short	16
 232 012a 0000     		.space	2
 233 012c 08000000 		.word	.LC1
 234 0130 0200     		.short	2
 235 0132 0000     		.space	2
 236 0134 0B       		.byte	11
 237 0135 000000   		.space	3
 238 0138 28010000 		.word	.LC20
 239 013c 1000     		.short	16
 240 013e 0000     		.space	2
 241 0140 3C010000 		.word	.LC21
 242 0144 0B00     		.short	11
 243 0146 0000     		.space	2
 244 0148 08000000 		.word	.LC1
 245 014c 0200     		.short	2
 246 014e 0000     		.space	2
 247 0150 0C       		.byte	12
 248 0151 000000   		.space	3
 249 0154 48010000 		.word	.LC22
 250 0158 0F00     		.short	15
 251 015a 0000     		.space	2
 252 015c 58010000 		.word	.LC23
 253 0160 1100     		.short	17
 254 0162 0000     		.space	2
 255 0164 0C000000 		.word	.LC2
 256 0168 0200     		.short	2
 257 016a 0000     		.space	2
 258 016c 0D       		.byte	13
 259 016d 000000   		.space	3
 260 0170 6C010000 		.word	.LC24
 261 0174 0D00     		.short	13
 262 0176 0000     		.space	2
 263 0178 7C010000 		.word	.LC25
 264 017c 1100     		.short	17
 265 017e 0000     		.space	2
 266 0180 0C000000 		.word	.LC2
 267 0184 0200     		.short	2
 268 0186 0000     		.space	2
 269 0188 0E       		.byte	14
 270 0189 000000   		.space	3
ARM GAS  C:\Users\ngocc\AppData\Local\Temp\ccA61CR9.s 			page 7


 271 018c 90010000 		.word	.LC26
 272 0190 1200     		.short	18
 273 0192 0000     		.space	2
 274 0194 A4010000 		.word	.LC27
 275 0198 1000     		.short	16
 276 019a 0000     		.space	2
 277 019c 0C000000 		.word	.LC2
 278 01a0 0200     		.short	2
 279 01a2 0000     		.space	2
 280 01a4 0F       		.byte	15
 281 01a5 000000   		.space	3
 282 01a8 B8010000 		.word	.LC28
 283 01ac 0A00     		.short	10
 284 01ae 0000     		.space	2
 285 01b0 C4010000 		.word	.LC29
 286 01b4 0500     		.short	5
 287 01b6 0000     		.space	2
 288 01b8 08000000 		.word	.LC1
 289 01bc 0200     		.short	2
 290 01be 0000     		.space	2
 291              		.text
 292              	.Letext0:
 293              		.file 1 "c:\\program files (x86)\\gnu arm embedded toolchain\\10 2021.07\\arm-none-eabi\\include\\
 294              		.file 2 "c:\\program files (x86)\\gnu arm embedded toolchain\\10 2021.07\\arm-none-eabi\\include\\
 295              		.file 3 "user/AT.h"
 296              		.file 4 "user/AT.c"
ARM GAS  C:\Users\ngocc\AppData\Local\Temp\ccA61CR9.s 			page 8


DEFINED SYMBOLS
                            *ABS*:00000000 AT.c
C:\Users\ngocc\AppData\Local\Temp\ccA61CR9.s:114    .rodata.AT_CheckList:00000000 AT_CheckList
C:\Users\ngocc\AppData\Local\Temp\ccA61CR9.s:19     .rodata.str1.4:00000000 $d
C:\Users\ngocc\AppData\Local\Temp\ccA61CR9.s:111    .rodata.AT_CheckList:00000000 $d

NO UNDEFINED SYMBOLS
