ARM GAS  C:\Users\ngocc\AppData\Local\Temp\ccJicXu1.s 			page 1


   1              		.cpu cortex-m4
   2              		.eabi_attribute 27, 1
   3              		.eabi_attribute 28, 1
   4              		.eabi_attribute 20, 1
   5              		.eabi_attribute 21, 1
   6              		.eabi_attribute 23, 3
   7              		.eabi_attribute 24, 1
   8              		.eabi_attribute 25, 1
   9              		.eabi_attribute 26, 1
  10              		.eabi_attribute 30, 1
  11              		.eabi_attribute 34, 1
  12              		.eabi_attribute 18, 4
  13              		.file	"system.c"
  14              		.text
  15              	.Ltext0:
  16              		.cfi_sections	.debug_frame
  17              		.section	.text.SystemClock_Config,"ax",%progbits
  18              		.align	1
  19              		.global	SystemClock_Config
  20              		.arch armv7e-m
  21              		.syntax unified
  22              		.thumb
  23              		.thumb_func
  24              		.fpu fpv4-sp-d16
  26              	SystemClock_Config:
  27              	.LFB135:
  28              		.file 1 "user/system.c"
   1:user/system.c **** #include "system.h"
   2:user/system.c **** 
   3:user/system.c **** 
   4:user/system.c **** /**
   5:user/system.c ****   * @brief System Clock Configuration
   6:user/system.c ****   * @retval None
   7:user/system.c ****   */
   8:user/system.c **** void SystemClock_Config()
   9:user/system.c **** {
  29              		.loc 1 9 1 view -0
  30              		.cfi_startproc
  31              		@ args = 0, pretend = 0, frame = 88
  32              		@ frame_needed = 0, uses_anonymous_args = 0
  33 0000 00B5     		push	{lr}
  34              	.LCFI0:
  35              		.cfi_def_cfa_offset 4
  36              		.cfi_offset 14, -4
  37 0002 97B0     		sub	sp, sp, #92
  38              	.LCFI1:
  39              		.cfi_def_cfa_offset 96
  10:user/system.c ****   RCC_OscInitTypeDef RCC_OscInitStruct = {0};
  40              		.loc 1 10 3 view .LVU1
  41              		.loc 1 10 22 is_stmt 0 view .LVU2
  42 0004 4422     		movs	r2, #68
  43 0006 0021     		movs	r1, #0
  44 0008 05A8     		add	r0, sp, #20
  45 000a FFF7FEFF 		bl	memset
  46              	.LVL0:
  11:user/system.c ****   RCC_ClkInitTypeDef RCC_ClkInitStruct = {0};
  47              		.loc 1 11 3 is_stmt 1 view .LVU3
ARM GAS  C:\Users\ngocc\AppData\Local\Temp\ccJicXu1.s 			page 2


  48              		.loc 1 11 22 is_stmt 0 view .LVU4
  49 000e 0023     		movs	r3, #0
  50 0010 0093     		str	r3, [sp]
  51 0012 0193     		str	r3, [sp, #4]
  52 0014 0293     		str	r3, [sp, #8]
  53 0016 0393     		str	r3, [sp, #12]
  54 0018 0493     		str	r3, [sp, #16]
  12:user/system.c **** 
  13:user/system.c ****   /** Configure the main internal regulator output voltage
  14:user/system.c ****   */
  15:user/system.c ****   if (HAL_PWREx_ControlVoltageScaling(PWR_REGULATOR_VOLTAGE_SCALE1) != HAL_OK)
  55              		.loc 1 15 3 is_stmt 1 view .LVU5
  56              		.loc 1 15 7 is_stmt 0 view .LVU6
  57 001a 4FF40070 		mov	r0, #512
  58 001e FFF7FEFF 		bl	HAL_PWREx_ControlVoltageScaling
  59              	.LVL1:
  60              		.loc 1 15 6 view .LVU7
  61 0022 0028     		cmp	r0, #0
  62 0024 2FD1     		bne	.L6
  63              	.L2:
  16:user/system.c ****   {
  17:user/system.c ****     Error_Handler();
  18:user/system.c ****   }
  19:user/system.c **** 
  20:user/system.c ****   /** Configure LSE Drive Capability
  21:user/system.c ****   */
  22:user/system.c ****   HAL_PWR_EnableBkUpAccess();
  64              		.loc 1 22 3 is_stmt 1 view .LVU8
  65 0026 FFF7FEFF 		bl	HAL_PWR_EnableBkUpAccess
  66              	.LVL2:
  23:user/system.c ****   __HAL_RCC_LSEDRIVE_CONFIG(RCC_LSEDRIVE_LOW);
  67              		.loc 1 23 3 view .LVU9
  68 002a 1B4A     		ldr	r2, .L9
  69 002c D2F89030 		ldr	r3, [r2, #144]
  70 0030 23F01803 		bic	r3, r3, #24
  71 0034 C2F89030 		str	r3, [r2, #144]
  24:user/system.c **** 
  25:user/system.c ****   /** Initializes the RCC Oscillators according to the specified parameters
  26:user/system.c ****   * in the RCC_OscInitTypeDef structure.
  27:user/system.c ****   */
  28:user/system.c ****   RCC_OscInitStruct.OscillatorType = RCC_OSCILLATORTYPE_HSI|RCC_OSCILLATORTYPE_LSE;
  72              		.loc 1 28 3 view .LVU10
  73              		.loc 1 28 36 is_stmt 0 view .LVU11
  74 0038 0623     		movs	r3, #6
  75 003a 0593     		str	r3, [sp, #20]
  29:user/system.c ****   RCC_OscInitStruct.LSEState = RCC_LSE_ON;
  76              		.loc 1 29 3 is_stmt 1 view .LVU12
  77              		.loc 1 29 30 is_stmt 0 view .LVU13
  78 003c 0122     		movs	r2, #1
  79 003e 0792     		str	r2, [sp, #28]
  30:user/system.c ****   RCC_OscInitStruct.HSIState = RCC_HSI_ON;
  80              		.loc 1 30 3 is_stmt 1 view .LVU14
  81              		.loc 1 30 30 is_stmt 0 view .LVU15
  82 0040 4FF48073 		mov	r3, #256
  83 0044 0893     		str	r3, [sp, #32]
  31:user/system.c ****   RCC_OscInitStruct.HSICalibrationValue = RCC_HSICALIBRATION_DEFAULT;
  84              		.loc 1 31 3 is_stmt 1 view .LVU16
ARM GAS  C:\Users\ngocc\AppData\Local\Temp\ccJicXu1.s 			page 3


  85              		.loc 1 31 41 is_stmt 0 view .LVU17
  86 0046 4023     		movs	r3, #64
  87 0048 0993     		str	r3, [sp, #36]
  32:user/system.c ****   RCC_OscInitStruct.PLL.PLLState = RCC_PLL_ON;
  88              		.loc 1 32 3 is_stmt 1 view .LVU18
  89              		.loc 1 32 34 is_stmt 0 view .LVU19
  90 004a 0223     		movs	r3, #2
  91 004c 0F93     		str	r3, [sp, #60]
  33:user/system.c ****   RCC_OscInitStruct.PLL.PLLSource = RCC_PLLSOURCE_HSI;
  92              		.loc 1 33 3 is_stmt 1 view .LVU20
  93              		.loc 1 33 35 is_stmt 0 view .LVU21
  94 004e 1093     		str	r3, [sp, #64]
  34:user/system.c ****   RCC_OscInitStruct.PLL.PLLM = 1;
  95              		.loc 1 34 3 is_stmt 1 view .LVU22
  96              		.loc 1 34 30 is_stmt 0 view .LVU23
  97 0050 1192     		str	r2, [sp, #68]
  35:user/system.c ****   RCC_OscInitStruct.PLL.PLLN = 10;
  98              		.loc 1 35 3 is_stmt 1 view .LVU24
  99              		.loc 1 35 30 is_stmt 0 view .LVU25
 100 0052 0A22     		movs	r2, #10
 101 0054 1292     		str	r2, [sp, #72]
  36:user/system.c ****   RCC_OscInitStruct.PLL.PLLP = RCC_PLLP_DIV7;
 102              		.loc 1 36 3 is_stmt 1 view .LVU26
 103              		.loc 1 36 30 is_stmt 0 view .LVU27
 104 0056 0722     		movs	r2, #7
 105 0058 1392     		str	r2, [sp, #76]
  37:user/system.c ****   RCC_OscInitStruct.PLL.PLLQ = RCC_PLLQ_DIV2;
 106              		.loc 1 37 3 is_stmt 1 view .LVU28
 107              		.loc 1 37 30 is_stmt 0 view .LVU29
 108 005a 1493     		str	r3, [sp, #80]
  38:user/system.c ****   RCC_OscInitStruct.PLL.PLLR = RCC_PLLR_DIV2;
 109              		.loc 1 38 3 is_stmt 1 view .LVU30
 110              		.loc 1 38 30 is_stmt 0 view .LVU31
 111 005c 1593     		str	r3, [sp, #84]
  39:user/system.c ****   if (HAL_RCC_OscConfig(&RCC_OscInitStruct) != HAL_OK)
 112              		.loc 1 39 3 is_stmt 1 view .LVU32
 113              		.loc 1 39 7 is_stmt 0 view .LVU33
 114 005e 05A8     		add	r0, sp, #20
 115 0060 FFF7FEFF 		bl	HAL_RCC_OscConfig
 116              	.LVL3:
 117              		.loc 1 39 6 view .LVU34
 118 0064 90B9     		cbnz	r0, .L7
 119              	.L3:
  40:user/system.c ****   {
  41:user/system.c ****     Error_Handler();
  42:user/system.c ****   }
  43:user/system.c **** 
  44:user/system.c ****   /** Initializes the CPU, AHB and APB buses clocks
  45:user/system.c ****   */
  46:user/system.c ****   RCC_ClkInitStruct.ClockType = RCC_CLOCKTYPE_HCLK|RCC_CLOCKTYPE_SYSCLK
 120              		.loc 1 46 3 is_stmt 1 view .LVU35
 121              		.loc 1 46 31 is_stmt 0 view .LVU36
 122 0066 0F23     		movs	r3, #15
 123 0068 0093     		str	r3, [sp]
  47:user/system.c ****                               |RCC_CLOCKTYPE_PCLK1|RCC_CLOCKTYPE_PCLK2;
  48:user/system.c ****   RCC_ClkInitStruct.SYSCLKSource = RCC_SYSCLKSOURCE_PLLCLK;
 124              		.loc 1 48 3 is_stmt 1 view .LVU37
ARM GAS  C:\Users\ngocc\AppData\Local\Temp\ccJicXu1.s 			page 4


 125              		.loc 1 48 34 is_stmt 0 view .LVU38
 126 006a 0323     		movs	r3, #3
 127 006c 0193     		str	r3, [sp, #4]
  49:user/system.c ****   RCC_ClkInitStruct.AHBCLKDivider = RCC_SYSCLK_DIV1;
 128              		.loc 1 49 3 is_stmt 1 view .LVU39
 129              		.loc 1 49 35 is_stmt 0 view .LVU40
 130 006e 0023     		movs	r3, #0
 131 0070 0293     		str	r3, [sp, #8]
  50:user/system.c ****   RCC_ClkInitStruct.APB1CLKDivider = RCC_HCLK_DIV1;
 132              		.loc 1 50 3 is_stmt 1 view .LVU41
 133              		.loc 1 50 36 is_stmt 0 view .LVU42
 134 0072 0393     		str	r3, [sp, #12]
  51:user/system.c ****   RCC_ClkInitStruct.APB2CLKDivider = RCC_HCLK_DIV1;
 135              		.loc 1 51 3 is_stmt 1 view .LVU43
 136              		.loc 1 51 36 is_stmt 0 view .LVU44
 137 0074 0493     		str	r3, [sp, #16]
  52:user/system.c **** 
  53:user/system.c ****   if (HAL_RCC_ClockConfig(&RCC_ClkInitStruct, FLASH_LATENCY_4) != HAL_OK)
 138              		.loc 1 53 3 is_stmt 1 view .LVU45
 139              		.loc 1 53 7 is_stmt 0 view .LVU46
 140 0076 0421     		movs	r1, #4
 141 0078 6846     		mov	r0, sp
 142 007a FFF7FEFF 		bl	HAL_RCC_ClockConfig
 143              	.LVL4:
 144              		.loc 1 53 6 view .LVU47
 145 007e 40B9     		cbnz	r0, .L8
 146              	.L1:
  54:user/system.c ****   {
  55:user/system.c ****     Error_Handler();
  56:user/system.c ****   }
  57:user/system.c **** }
 147              		.loc 1 57 1 view .LVU48
 148 0080 17B0     		add	sp, sp, #92
 149              	.LCFI2:
 150              		.cfi_remember_state
 151              		.cfi_def_cfa_offset 4
 152              		@ sp needed
 153 0082 5DF804FB 		ldr	pc, [sp], #4
 154              	.L6:
 155              	.LCFI3:
 156              		.cfi_restore_state
  17:user/system.c ****   }
 157              		.loc 1 17 5 is_stmt 1 view .LVU49
 158 0086 FFF7FEFF 		bl	Error_Handler
 159              	.LVL5:
 160 008a CCE7     		b	.L2
 161              	.L7:
  41:user/system.c ****   }
 162              		.loc 1 41 5 view .LVU50
 163 008c FFF7FEFF 		bl	Error_Handler
 164              	.LVL6:
 165 0090 E9E7     		b	.L3
 166              	.L8:
  55:user/system.c ****   }
 167              		.loc 1 55 5 view .LVU51
 168 0092 FFF7FEFF 		bl	Error_Handler
 169              	.LVL7:
ARM GAS  C:\Users\ngocc\AppData\Local\Temp\ccJicXu1.s 			page 5


 170              		.loc 1 57 1 is_stmt 0 view .LVU52
 171 0096 F3E7     		b	.L1
 172              	.L10:
 173              		.align	2
 174              	.L9:
 175 0098 00100240 		.word	1073876992
 176              		.cfi_endproc
 177              	.LFE135:
 179              		.text
 180              	.Letext0:
 181              		.file 2 "c:\\program files (x86)\\gnu arm embedded toolchain\\10 2021.07\\arm-none-eabi\\include\\
 182              		.file 3 "c:\\program files (x86)\\gnu arm embedded toolchain\\10 2021.07\\arm-none-eabi\\include\\
 183              		.file 4 "Drivers/CMSIS/Device/ST/STM32L4xx/Include/stm32l452xx.h"
 184              		.file 5 "Drivers/STM32L4xx_HAL_Driver/Inc/stm32l4xx_hal_rcc.h"
 185              		.file 6 "Drivers/STM32L4xx_HAL_Driver/Inc/stm32l4xx_hal_pwr_ex.h"
 186              		.file 7 "Drivers/STM32L4xx_HAL_Driver/Inc/stm32l4xx_hal_pwr.h"
 187              		.file 8 "Core/Inc/main.h"
 188              		.file 9 "Drivers/STM32L4xx_HAL_Driver/Inc/stm32l4xx_hal_def.h"
 189              		.file 10 "<built-in>"
ARM GAS  C:\Users\ngocc\AppData\Local\Temp\ccJicXu1.s 			page 6


DEFINED SYMBOLS
                            *ABS*:00000000 system.c
C:\Users\ngocc\AppData\Local\Temp\ccJicXu1.s:18     .text.SystemClock_Config:00000000 $t
C:\Users\ngocc\AppData\Local\Temp\ccJicXu1.s:26     .text.SystemClock_Config:00000000 SystemClock_Config
C:\Users\ngocc\AppData\Local\Temp\ccJicXu1.s:175    .text.SystemClock_Config:00000098 $d

UNDEFINED SYMBOLS
memset
HAL_PWREx_ControlVoltageScaling
HAL_PWR_EnableBkUpAccess
HAL_RCC_OscConfig
HAL_RCC_ClockConfig
Error_Handler
